[2018-03-13T15:11:09.557] [INFO] normal - POST /test 响应时间为: 0.098s
[2018-03-13T15:11:15.235] [INFO] normal - POST /test 响应时间为: 0.003s
[2018-03-13T15:11:41.216] [INFO] normal - GET /favicon.ico 响应时间为: 0.001s
[2018-03-13T19:30:56.789] [INFO] normal - POST /register 响应时间为: 0.075s
[2018-03-13T19:31:18.572] [INFO] normal - POST /register 响应时间为: 0.002s
[2018-03-13T19:32:14.681] [INFO] normal - POST /register 响应时间为: 0.003s
[2018-03-13T19:32:15.120] [INFO] normal - POST /register 响应时间为: 0.001s
[2018-03-13T19:32:15.465] [INFO] normal - POST /register 响应时间为: 0.001s
[2018-03-13T19:32:16.566] [INFO] normal - POST /register 响应时间为: 0.001s
[2018-03-13T19:33:31.870] [INFO] normal - POST /register 响应时间为: 0.036s
[2018-03-13T19:33:46.201] [INFO] normal - POST /register 响应时间为: 0.001s
[2018-03-13T19:35:03.268] [INFO] normal - POST /register 响应时间为: 0.027s
[2018-03-13T19:35:05.202] [INFO] normal - POST /register 响应时间为: 0.002s
[2018-03-13T19:35:10.290] [INFO] normal - POST /register 响应时间为: 0.002s
[2018-03-13T19:35:43.813] [INFO] normal - GET / 响应时间为: 0.018s
[2018-03-13T19:38:59.558] [INFO] normal - POST /post 响应时间为: 0.053s
[2018-03-13T19:39:00.654] [INFO] normal - POST /post 响应时间为: 0.002s
[2018-03-13T19:39:01.360] [INFO] normal - POST /post 响应时间为: 0.002s
[2018-03-13T19:39:01.942] [INFO] normal - POST /post 响应时间为: 0.004s
[2018-03-13T19:39:46.065] [INFO] normal - POST /register 响应时间为: 0.026s
[2018-03-13T19:41:53.126] [INFO] normal - POST /register 响应时间为: 0.025s
[2018-03-13T19:41:54.199] [INFO] normal - POST /register 响应时间为: 0.002s
[2018-03-13T19:41:54.663] [INFO] normal - POST /register 响应时间为: 0.001s
[2018-03-13T19:41:55.066] [INFO] normal - POST /register 响应时间为: 0.001s
[2018-03-13T19:41:55.371] [INFO] normal - POST /register 响应时间为: 0.001s
[2018-03-13T19:41:55.610] [INFO] normal - POST /register 响应时间为: 0.001s
[2018-03-13T19:41:55.848] [INFO] normal - POST /register 响应时间为: 0s
[2018-03-13T19:41:56.043] [INFO] normal - POST /register 响应时间为: 0.001s
[2018-03-13T19:41:56.383] [INFO] normal - POST /register 响应时间为: 0.001s
[2018-03-13T19:41:56.692] [INFO] normal - POST /register 响应时间为: 0.001s
[2018-03-13T19:41:56.973] [INFO] normal - POST /register 响应时间为: 0.001s
[2018-03-13T19:42:12.021] [INFO] normal - POST /register 响应时间为: 0.026s
[2018-03-13T19:42:13.388] [INFO] normal - POST /register 响应时间为: 0.002s
[2018-03-13T19:42:50.562] [INFO] normal - POST /register 响应时间为: 0.041s
[2018-03-13T19:43:06.558] [INFO] normal - POST /register 响应时间为: 0.058s
[2018-03-13T19:43:29.417] [INFO] normal - POST /register 响应时间为: 0.061s
[2018-03-13T19:44:14.227] [INFO] normal - POST /register 响应时间为: 0.034s
[2018-03-13T19:46:51.631] [INFO] normal - GET /register 响应时间为: 0.066s
[2018-03-13T19:46:58.629] [INFO] normal - GET /register 响应时间为: 0.002s
[2018-03-13T19:47:20.142] [INFO] normal - GET /register 响应时间为: 0.001s
[2018-03-13T19:47:28.737] [INFO] normal - GET /register 响应时间为: 0.026s
[2018-03-13T19:47:29.948] [INFO] normal - GET /register 响应时间为: 0.001s
[2018-03-13T19:47:31.324] [INFO] normal - GET /register 响应时间为: 0.001s
[2018-03-13T19:57:05.403] [INFO] normal - POST /register 响应时间为: 0.314s
[2018-03-13T19:57:14.108] [INFO] normal - POST /register 响应时间为: 0.003s
[2018-03-13T19:57:15.708] [INFO] normal - POST /register 响应时间为: 0.002s
[2018-03-13T19:57:48.095] [INFO] normal - POST /register 响应时间为: 0.053s
[2018-03-13T20:08:24.645] [INFO] normal - POST /register 响应时间为: 0.038s
[2018-03-13T20:08:26.232] [INFO] normal - POST /register 响应时间为: 0.002s
[2018-03-13T20:09:54.748] [INFO] normal - GET /test 响应时间为: 0.041s
[2018-03-13T20:10:07.459] [INFO] normal - GET /test 响应时间为: 0.033s
[2018-03-13T20:10:48.097] [INFO] normal - GET /test 响应时间为: 0.006s
[2018-03-13T20:19:17.704] [INFO] normal - POST /register 响应时间为: 0.144s
[2018-03-13T20:19:45.725] [INFO] normal - POST /register 响应时间为: 0.048s
[2018-03-13T20:20:58.066] [INFO] normal - POST /register 响应时间为: 0.094s
[2018-03-13T20:21:41.536] [INFO] normal - POST /register 响应时间为: 0.066s
[2018-03-13T20:21:47.436] [INFO] normal - POST /register 响应时间为: 0.03s
[2018-03-13T20:23:31.517] [INFO] normal - POST /register 响应时间为: 0.169s
[2018-03-13T20:23:34.663] [INFO] normal - POST /register 响应时间为: 0.011s
[2018-03-13T20:23:35.862] [INFO] normal - POST /register 响应时间为: 0.014s
[2018-03-13T20:23:36.752] [INFO] normal - POST /register 响应时间为: 0.005s
[2018-03-13T20:23:37.385] [INFO] normal - POST /register 响应时间为: 0.01s
[2018-03-13T20:23:37.945] [INFO] normal - POST /register 响应时间为: 0.01s
[2018-03-13T20:34:58.965] [INFO] normal - POST /login 响应时间为: 0.095s
[2018-03-13T20:35:48.332] [INFO] normal - POST /login 响应时间为: 0.048s
[2018-03-13T20:35:58.045] [INFO] normal - POST /login 响应时间为: 0.054s
[2018-03-13T20:35:59.280] [INFO] normal - POST /login 响应时间为: 0.006s
[2018-03-13T20:35:59.913] [INFO] normal - POST /login 响应时间为: 0.005s
[2018-03-13T20:36:00.415] [INFO] normal - POST /login 响应时间为: 0.005s
[2018-03-13T20:36:00.843] [INFO] normal - POST /login 响应时间为: 0.006s
[2018-03-13T20:36:01.251] [INFO] normal - POST /login 响应时间为: 0.005s
[2018-03-13T20:36:01.626] [INFO] normal - POST /login 响应时间为: 0.007s
[2018-03-13T20:36:01.819] [INFO] normal - POST /login 响应时间为: 0.006s
[2018-03-13T20:36:02.147] [INFO] normal - POST /login 响应时间为: 0.005s
[2018-03-13T20:36:02.443] [INFO] normal - POST /login 响应时间为: 0.006s
[2018-03-13T20:36:02.655] [INFO] normal - POST /login 响应时间为: 0.006s
[2018-03-13T20:44:30.483] [INFO] normal - POST /login 响应时间为: 0.058s
[2018-03-13T20:45:21.991] [INFO] normal - GET /test 响应时间为: 0.034s
[2018-03-13T20:46:19.000] [INFO] normal - GET /test 响应时间为: 0.007s
[2018-03-13T20:47:51.640] [INFO] normal - POST /login 响应时间为: 0.068s
[2018-03-13T20:47:56.297] [INFO] normal - POST /login 响应时间为: 0.008s
[2018-03-13T20:47:57.110] [INFO] normal - POST /login 响应时间为: 0.005s
[2018-03-13T20:47:57.557] [INFO] normal - POST /login 响应时间为: 0.006s
[2018-03-13T20:47:57.986] [INFO] normal - POST /login 响应时间为: 0.004s
[2018-03-13T20:47:58.311] [INFO] normal - POST /login 响应时间为: 0.006s
[2018-03-13T20:47:58.537] [INFO] normal - POST /login 响应时间为: 0.005s
[2018-03-13T20:47:58.793] [INFO] normal - POST /login 响应时间为: 0.005s
[2018-03-13T20:47:59.102] [INFO] normal - POST /login 响应时间为: 0.005s
[2018-03-13T20:47:59.317] [INFO] normal - POST /login 响应时间为: 0.008s
[2018-03-13T20:47:59.647] [INFO] normal - POST /login 响应时间为: 0.006s
[2018-03-13T20:48:00.185] [INFO] normal - POST /login 响应时间为: 0.007s
[2018-03-13T20:48:00.492] [INFO] normal - POST /login 响应时间为: 0.005s
[2018-03-13T20:48:00.869] [INFO] normal - POST /login 响应时间为: 0.006s
[2018-03-13T20:48:01.253] [INFO] normal - POST /login 响应时间为: 0.005s
[2018-03-13T20:48:01.654] [INFO] normal - POST /login 响应时间为: 0.005s
[2018-03-13T20:48:02.224] [INFO] normal - POST /login 响应时间为: 0.005s
[2018-03-13T20:48:02.654] [INFO] normal - POST /login 响应时间为: 0.005s
[2018-03-13T20:48:03.143] [INFO] normal - POST /login 响应时间为: 0.005s
[2018-03-13T20:48:03.692] [INFO] normal - POST /login 响应时间为: 0.004s
[2018-03-13T20:48:05.036] [INFO] normal - POST /login 响应时间为: 0.013s
[2018-03-13T20:48:28.863] [INFO] normal - POST /register 响应时间为: 0.009s
[2018-03-13T20:48:31.736] [INFO] normal - POST /register 响应时间为: 0.109s
[2018-03-13T20:49:14.985] [INFO] normal - GET /test 响应时间为: 0.002s
[2018-03-13T20:49:24.675] [INFO] normal - GET /test 响应时间为: 0.003s
[2018-03-13T21:20:05.634] [INFO] normal - GET /test 响应时间为: 0.024s
[2018-03-13T21:46:10.489] [INFO] normal - POST /login 响应时间为: 0.09s
[2018-03-13T21:46:13.845] [INFO] normal - POST /login 响应时间为: 0.011s
[2018-03-13T21:46:33.231] [INFO] normal - GET /test/get 响应时间为: 0.007s
[2018-03-13T21:46:57.362] [INFO] normal - GET /test/get 响应时间为: 0.036s
[2018-03-13T21:47:06.166] [INFO] normal - GET /test/get 响应时间为: 0.045s
[2018-03-13T21:47:07.435] [INFO] normal - GET /test/get 响应时间为: 0.003s
[2018-03-13T21:47:08.221] [INFO] normal - GET /test/get 响应时间为: 0.003s
[2018-03-13T21:47:08.834] [INFO] normal - GET /test/get 响应时间为: 0.002s
[2018-03-13T21:47:26.892] [INFO] normal - GET /test/get 响应时间为: 0.052s
[2018-03-13T21:47:27.834] [INFO] normal - GET /test/get 响应时间为: 0.003s
[2018-03-13T21:47:28.720] [INFO] normal - GET /test/get 响应时间为: 0.002s
[2018-03-13T21:47:29.678] [INFO] normal - GET /test/get 响应时间为: 0.003s
[2018-03-13T21:47:33.946] [INFO] normal - GET /test/get 响应时间为: 0.052s
[2018-03-13T21:47:58.007] [INFO] normal - GET /test/get 响应时间为: 0.058s
[2018-03-13T21:55:17.521] [INFO] normal - GET /test/get 响应时间为: 0.037s
[2018-03-13T21:55:20.154] [INFO] normal - GET /test/get 响应时间为: 0.002s
[2018-03-13T21:55:38.996] [INFO] normal - GET /test/get 响应时间为: 0.017s
[2018-03-13T21:55:51.240] [INFO] normal - GET /test/get 响应时间为: 0.02s
[2018-03-13T21:55:52.300] [INFO] normal - GET /test/get 响应时间为: 0.003s
[2018-03-13T21:56:49.109] [INFO] normal - GET /test 响应时间为: 0.052s
[2018-03-13T22:01:43.805] [INFO] normal - GET /test 响应时间为: 0.045s
