[2018-03-23T10:22:52.333] [INFO] normal - GET /article/new 响应时间为: 0.049s
[2018-03-23T10:29:13.477] [INFO] normal - POST /article/new 响应时间为: 0.052s
[2018-03-23T11:08:07.968] [INFO] normal - OPTIONS /article/new 响应时间为: 0.05s
[2018-03-23T11:08:08.001] [INFO] normal - POST /article/new 响应时间为: 0.025s
[2018-03-23T11:10:56.337] [INFO] normal - OPTIONS /article/new 响应时间为: 0.069s
[2018-03-23T11:10:56.499] [INFO] normal - POST /article/new 响应时间为: 0.155s
[2018-03-23T11:19:52.734] [INFO] normal - OPTIONS /article/new 响应时间为: 0.007s
[2018-03-23T11:19:52.761] [INFO] normal - POST /article/new 响应时间为: 0.02s
[2018-03-23T11:21:33.087] [INFO] normal - OPTIONS /article/new 响应时间为: 0.001s
[2018-03-23T11:21:47.105] [INFO] normal - OPTIONS /article/new 响应时间为: 0.001s
[2018-03-23T11:22:16.050] [INFO] normal - OPTIONS /article/new 响应时间为: 0.002s
[2018-03-23T11:22:48.395] [INFO] normal - OPTIONS /article/new 响应时间为: 0.002s
[2018-03-23T11:22:48.413] [INFO] normal - POST /article/new 响应时间为: 0.012s
[2018-03-23T11:24:04.099] [INFO] normal - OPTIONS /article/new 响应时间为: 0.042s
[2018-03-23T11:24:19.754] [INFO] normal - OPTIONS /article/new 响应时间为: 0.049s
[2018-03-23T11:24:50.622] [INFO] normal - OPTIONS /article/new 响应时间为: 0.049s
[2018-03-23T11:27:39.041] [INFO] normal - OPTIONS /article/new 响应时间为: 0.044s
[2018-03-23T11:41:11.237] [INFO] normal - OPTIONS /article/new 响应时间为: 0.035s
[2018-03-23T11:41:11.288] [INFO] normal - POST /article/new 响应时间为: 0.044s
[2018-03-23T11:41:30.854] [INFO] normal - OPTIONS /article/new 响应时间为: 0.003s
[2018-03-23T11:41:30.867] [INFO] normal - POST /article/new 响应时间为: 0.008s
[2018-03-23T11:42:54.109] [INFO] normal - OPTIONS /article/new 响应时间为: 0.043s
[2018-03-23T11:42:54.160] [INFO] normal - POST /article/new 响应时间为: 0.044s
[2018-03-23T11:43:54.763] [INFO] normal - OPTIONS /article/new 响应时间为: 0.045s
[2018-03-23T11:43:54.828] [INFO] normal - POST /article/new 响应时间为: 0.056s
[2018-03-23T11:45:04.761] [INFO] normal - OPTIONS /article/new 响应时间为: 0.035s
[2018-03-23T11:45:04.813] [INFO] normal - POST /article/new 响应时间为: 0.045s
[2018-03-23T11:45:18.177] [INFO] normal - OPTIONS /article/new 响应时间为: 0.026s
[2018-03-23T11:45:18.230] [INFO] normal - POST /article/new 响应时间为: 0.04s
[2018-03-23T11:45:49.274] [INFO] normal - OPTIONS /article/new 响应时间为: 0.028s
[2018-03-23T11:45:49.332] [INFO] normal - POST /article/new 响应时间为: 0.051s
[2018-03-23T11:47:00.256] [INFO] normal - OPTIONS /article/new 响应时间为: 0.035s
[2018-03-23T11:47:00.316] [INFO] normal - POST /article/new 响应时间为: 0.05s
[2018-03-23T11:47:18.059] [INFO] normal - OPTIONS /article/new 响应时间为: 0.026s
[2018-03-23T11:47:18.116] [INFO] normal - POST /article/new 响应时间为: 0.045s
[2018-03-23T11:47:40.189] [INFO] normal - OPTIONS /article/new 响应时间为: 0.056s
[2018-03-23T11:48:06.586] [INFO] normal - OPTIONS /article/new 响应时间为: 0.043s
[2018-03-23T11:48:18.957] [INFO] normal - OPTIONS /article/new 响应时间为: 0.002s
[2018-03-23T11:48:33.198] [INFO] normal - OPTIONS /article/new 响应时间为: 0.039s
[2018-03-23T11:51:08.886] [INFO] normal - OPTIONS /article/new 响应时间为: 0.061s
[2018-03-23T11:52:06.656] [INFO] normal - OPTIONS /article/new 响应时间为: 0.042s
[2018-03-23T12:24:51.656] [INFO] normal - OPTIONS /register 响应时间为: 0.063s
[2018-03-23T12:24:51.800] [INFO] normal - POST /register 响应时间为: 0.134s
[2018-03-23T12:44:13.194] [INFO] normal - OPTIONS /register 响应时间为: 0.167s
[2018-03-23T12:46:07.124] [INFO] normal - OPTIONS /register 响应时间为: 0.035s
[2018-03-23T12:46:07.189] [INFO] normal - POST /register 响应时间为: 0.057s
[2018-03-23T12:46:14.974] [INFO] normal - OPTIONS /register 响应时间为: 0s
[2018-03-23T12:47:08.224] [INFO] normal - OPTIONS /login 响应时间为: 0.001s
[2018-03-23T12:47:08.261] [INFO] normal - POST /login 响应时间为: 0.026s
[2018-03-23T12:48:26.529] [INFO] normal - OPTIONS /login 响应时间为: 0.009s
[2018-03-23T12:49:11.444] [INFO] normal - OPTIONS /login 响应时间为: 0.039s
[2018-03-23T12:49:11.493] [INFO] normal - POST /login 响应时间为: 0.04s
[2018-03-23T12:50:31.121] [INFO] normal - OPTIONS /article/new 响应时间为: 0.002s
[2018-03-23T16:16:58.937] [INFO] normal - OPTIONS /article 响应时间为: 0.139s
[2018-03-23T16:16:58.988] [INFO] normal - GET /article 响应时间为: 0.035s
[2018-03-23T16:17:33.490] [INFO] normal - OPTIONS /article 响应时间为: 0.001s
[2018-03-23T16:17:33.503] [INFO] normal - GET /article 响应时间为: 0.003s
[2018-03-23T16:18:33.170] [INFO] normal - OPTIONS /article?keyword=haha 响应时间为: 0.002s
[2018-03-23T16:18:33.181] [INFO] normal - GET /article?keyword=haha 响应时间为: 0.006s
[2018-03-23T16:18:56.364] [INFO] normal - OPTIONS /article?keyword=haha 响应时间为: 0.035s
[2018-03-23T16:19:26.764] [INFO] normal - OPTIONS /article?keyword=haha 响应时间为: 0.028s
[2018-03-23T16:19:47.240] [INFO] normal - OPTIONS /article?keyword=haha 响应时间为: 0.038s
[2018-03-23T16:19:47.272] [INFO] normal - GET /article?keyword=haha 响应时间为: 0.022s
[2018-03-23T16:20:21.355] [INFO] normal - OPTIONS /article?keyword=test 响应时间为: 0.002s
[2018-03-23T16:20:21.381] [INFO] normal - GET /article?keyword=test 响应时间为: 0.018s
[2018-03-23T16:20:40.136] [INFO] normal - OPTIONS /article?keyword=content 响应时间为: 0.001s
[2018-03-23T16:20:40.149] [INFO] normal - GET /article?keyword=content 响应时间为: 0.005s
[2018-03-23T16:20:51.116] [INFO] normal - OPTIONS /article?keyword=react 响应时间为: 0.001s
[2018-03-23T16:20:51.141] [INFO] normal - GET /article?keyword=react 响应时间为: 0.007s
[2018-03-23T16:21:00.297] [INFO] normal - OPTIONS /article?keyword=node 响应时间为: 0s
[2018-03-23T16:21:00.306] [INFO] normal - GET /article?keyword=node 响应时间为: 0.004s
[2018-03-23T16:21:27.446] [INFO] normal - OPTIONS /article/new 响应时间为: 0.001s
[2018-03-23T16:21:39.132] [INFO] normal - OPTIONS /article/new 响应时间为: 0.001s
[2018-03-23T16:21:39.172] [INFO] normal - POST /article/new 响应时间为: 0.035s
[2018-03-23T16:21:40.023] [INFO] normal - POST /article/new 响应时间为: 0.004s
[2018-03-23T16:21:43.384] [INFO] normal - POST /article/new 响应时间为: 0.004s
[2018-03-23T16:21:49.164] [INFO] normal - OPTIONS /article/new 响应时间为: 0.001s
[2018-03-23T16:21:49.172] [INFO] normal - POST /article/new 响应时间为: 0.003s
[2018-03-23T16:22:06.986] [INFO] normal - OPTIONS /article?keyword=%E8%B7%A8%E5%9F%9F 响应时间为: 0.004s
[2018-03-23T16:22:07.012] [INFO] normal - GET /article?keyword=%E8%B7%A8%E5%9F%9F 响应时间为: 0.018s
[2018-03-23T16:22:22.252] [INFO] normal - OPTIONS /article?keyword=%E7%9F%A5%E8%AF%86%E7%82%B9 响应时间为: 0.001s
[2018-03-23T16:22:22.268] [INFO] normal - GET /article?keyword=%E7%9F%A5%E8%AF%86%E7%82%B9 响应时间为: 0.012s
[2018-03-23T16:22:36.689] [INFO] normal - OPTIONS /article?keyword=%E8%AE%B2%E8%A7%A3 响应时间为: 0s
[2018-03-23T16:22:36.705] [INFO] normal - GET /article?keyword=%E8%AE%B2%E8%A7%A3 响应时间为: 0.008s
[2018-03-23T16:23:01.908] [INFO] normal - OPTIONS /article?keyword= 响应时间为: 0.001s
[2018-03-23T16:23:01.926] [INFO] normal - GET /article?keyword= 响应时间为: 0.012s
[2018-03-23T16:25:55.090] [INFO] normal - OPTIONS /article?keyword= 响应时间为: 0.068s
[2018-03-23T16:25:55.129] [INFO] normal - GET /article?keyword= 响应时间为: 0.027s
[2018-03-23T16:26:53.799] [INFO] normal - OPTIONS /article?keyword= 响应时间为: 0.026s
[2018-03-23T16:26:53.833] [INFO] normal - GET /article?keyword= 响应时间为: 0.025s
[2018-03-23T16:26:57.630] [INFO] normal - GET /article?keyword= 响应时间为: 0.009s
[2018-03-23T16:27:12.743] [INFO] normal - OPTIONS /article?keyword=!@%23$%5E%26*() 响应时间为: 0.001s
[2018-03-23T16:27:12.756] [INFO] normal - GET /article?keyword=!@%23$%5E%26*() 响应时间为: 0.008s
[2018-03-23T16:27:49.406] [INFO] normal - OPTIONS /article?keyword=!+@+%23++$+%5E+%26+*+(+)+ 响应时间为: 0.001s
[2018-03-23T16:27:49.418] [INFO] normal - GET /article?keyword=!+@+%23++$+%5E+%26+*+(+)+ 响应时间为: 0.004s
[2018-03-23T16:30:49.148] [INFO] normal - OPTIONS /article?keyword=6 响应时间为: 0.035s
[2018-03-23T16:30:49.190] [INFO] normal - GET /article?keyword=6 响应时间为: 0.031s
[2018-03-23T16:32:55.310] [INFO] normal - OPTIONS /article?keyword=6 响应时间为: 0.042s
[2018-03-23T16:32:55.363] [INFO] normal - GET /article?keyword=6 响应时间为: 0.032s
[2018-03-23T16:36:34.303] [INFO] normal - OPTIONS /article?keyword=6 响应时间为: 0.04s
[2018-03-23T16:36:34.337] [INFO] normal - GET /article?keyword=6 响应时间为: 0.026s
[2018-03-23T16:37:13.663] [INFO] normal - OPTIONS /article?keyword=6%23$%5E%26*()%3D 响应时间为: 0.036s
[2018-03-23T16:37:13.701] [INFO] normal - GET /article?keyword=6%23$%5E%26*()%3D 响应时间为: 0.028s
[2018-03-23T16:37:32.593] [INFO] normal - OPTIONS /article?keyword=6%23$%5E%26*()%3D 响应时间为: 0.026s
[2018-03-23T16:37:32.633] [INFO] normal - GET /article?keyword=6%23$%5E%26*()%3D 响应时间为: 0.023s
[2018-03-23T16:37:43.676] [INFO] normal - OPTIONS /article?keyword=6%23$%5E%26*asdfasdf()%3D 响应时间为: 0.001s
[2018-03-23T16:37:43.686] [INFO] normal - GET /article?keyword=6%23$%5E%26*asdfasdf()%3D 响应时间为: 0.004s
[2018-03-23T16:38:22.240] [INFO] normal - OPTIONS /article?keyword=6%23$%5E%26*asdfasdf()%3D 响应时间为: 0.026s
[2018-03-23T16:38:22.267] [INFO] normal - GET /article?keyword=6%23$%5E%26*asdfasdf()%3D 响应时间为: 0.018s
[2018-03-23T16:39:28.306] [INFO] normal - OPTIONS /article?keyword=++ 响应时间为: 0.043s
[2018-03-23T16:39:39.137] [INFO] normal - OPTIONS /article?keyword=+%60~!@%23$%5E%26*()%3D+ 响应时间为: 0.001s
[2018-03-23T18:01:45.446] [INFO] normal - OPTIONS /article/all?page=1&pageSize=10 响应时间为: 0.177s
[2018-03-23T18:02:24.951] [INFO] normal - OPTIONS /article/all?page=1&pageSize=10 响应时间为: 0.031s
[2018-03-23T18:02:49.071] [INFO] normal - OPTIONS /article/all?page=1&pageSize=10 响应时间为: 0.028s
[2018-03-23T18:02:49.133] [INFO] normal - GET /article/all?page=1&pageSize=10 响应时间为: 0.047s
[2018-03-23T18:51:03.278] [INFO] normal - OPTIONS /article/all?page=1&pageSize=10 响应时间为: 0.047s
[2018-03-23T18:51:03.318] [INFO] normal - GET /article/all?page=1&pageSize=10 响应时间为: 0.029s
[2018-03-23T18:55:37.264] [INFO] normal - OPTIONS /article/all?page=1&pageSize=10 响应时间为: 0.061s
[2018-03-23T18:55:37.310] [INFO] normal - GET /article/all?page=1&pageSize=10 响应时间为: 0.034s
[2018-03-23T18:55:57.475] [INFO] normal - OPTIONS /article/all?page=1&pageSize=10 响应时间为: 0.001s
[2018-03-23T18:55:57.488] [INFO] normal - GET /article/all?page=1&pageSize=10 响应时间为: 0.006s
[2018-03-23T18:58:04.597] [INFO] normal - OPTIONS /article/?id=1 响应时间为: 0.034s
[2018-03-23T18:58:30.998] [INFO] normal - OPTIONS /article/?id=1 响应时间为: 0.053s
[2018-03-23T18:58:57.870] [INFO] normal - OPTIONS /article/?id=1 响应时间为: 0.036s
[2018-03-23T19:16:26.850] [INFO] normal - OPTIONS /article/?id=1 响应时间为: 0.04s
[2018-03-23T19:19:54.549] [INFO] normal - OPTIONS /article/2133123 响应时间为: 0.086s
[2018-03-23T19:19:54.568] [INFO] normal - GET /article/2133123 响应时间为: 0.009s
[2018-03-23T19:23:54.867] [INFO] normal - OPTIONS /article/5ab470404f1be299d67fe142 响应时间为: 0.039s
[2018-03-23T19:24:19.601] [INFO] normal - OPTIONS /article/5ab470404f1be299d67fe142 响应时间为: 0.027s
[2018-03-23T19:25:45.087] [INFO] normal - OPTIONS /article/5ab470404f1be299d67fe142 响应时间为: 0.062s
[2018-03-23T19:26:23.904] [INFO] normal - OPTIONS /article/5ab470404f1be299d67fe142 响应时间为: 0.057s
[2018-03-23T19:27:06.644] [INFO] normal - OPTIONS /article/testtitle1 响应时间为: 0.049s
[2018-03-23T19:27:19.535] [INFO] normal - OPTIONS /article/testtitle1 响应时间为: 0.033s
[2018-03-23T19:33:21.771] [INFO] normal - OPTIONS /article/testtitle1 响应时间为: 0.03s
[2018-03-23T19:34:10.806] [INFO] normal - OPTIONS /article/testtitle1 响应时间为: 0.058s
[2018-03-23T19:34:45.173] [INFO] normal - OPTIONS /article/testtitle1 响应时间为: 0.06s
[2018-03-23T19:35:33.117] [INFO] normal - OPTIONS /article/5ab470404f1be299d67fe142 响应时间为: 0.047s
[2018-03-23T19:36:20.338] [INFO] normal - OPTIONS /article/5ab470404f1be299d67fe142 响应时间为: 0.032s
[2018-03-23T19:36:20.369] [INFO] normal - GET /article/5ab470404f1be299d67fe142 响应时间为: 0.023s
[2018-03-23T19:36:46.925] [INFO] normal - OPTIONS /article/5ab470404f1be299d67fe142 响应时间为: 0.049s
[2018-03-23T19:36:46.957] [INFO] normal - GET /article/5ab470404f1be299d67fe142 响应时间为: 0.022s
[2018-03-23T19:37:25.657] [INFO] normal - OPTIONS /article/5ab470404f1be299d67fe142 响应时间为: 0.052s
[2018-03-23T19:37:25.692] [INFO] normal - GET /article/5ab470404f1be299d67fe142 响应时间为: 0.026s
[2018-03-23T19:50:13.020] [INFO] normal - OPTIONS /article/5ab470404f1be299d67fe142 响应时间为: 0.06s
[2018-03-23T19:50:18.375] [INFO] normal - OPTIONS /article/5ab470404f1be299d67fe142 响应时间为: 0.002s
[2018-03-23T19:51:04.157] [INFO] normal - OPTIONS /article/5ab470404f1be299d67fe142 响应时间为: 0.069s
[2018-03-23T19:51:52.769] [INFO] normal - OPTIONS /article/5ab470404f1be299d67fe142 响应时间为: 0.034s
[2018-03-23T19:52:14.431] [INFO] normal - OPTIONS /article/5ab470404f1be299d67fe142 响应时间为: 0.048s
[2018-03-23T19:52:14.466] [INFO] normal - GET /article/5ab470404f1be299d67fe142 响应时间为: 0.028s
[2018-03-23T19:52:19.192] [INFO] normal - OPTIONS /article/5ab470404f1be299d67fe142 响应时间为: 0.002s
[2018-03-23T19:54:30.436] [INFO] normal - OPTIONS /article/5ab470404f1be299d67fe142 响应时间为: 0.038s
[2018-03-23T19:54:45.024] [INFO] normal - OPTIONS /article/5ab470404f1be299d67fe142 响应时间为: 0.001s
[2018-03-23T19:54:45.066] [INFO] normal - POST /article/5ab470404f1be299d67fe142 响应时间为: 0.035s
[2018-03-23T19:55:08.562] [INFO] normal - OPTIONS /article/5ab470404f1be299d67fe142 响应时间为: 0.002s
[2018-03-23T19:55:26.161] [INFO] normal - OPTIONS /article/5ab470404f1be299d67fe142 响应时间为: 0.035s
[2018-03-23T19:58:29.380] [INFO] normal - OPTIONS /article/5ab470404f1be299d67fe142 响应时间为: 0.008s
[2018-03-23T19:58:48.170] [INFO] normal - OPTIONS /article/5ab470404f1be299d67fe142 响应时间为: 0.001s
[2018-03-23T19:59:09.878] [INFO] normal - OPTIONS /article/5ab470404f1be299d67fe142 响应时间为: 0.006s
[2018-03-23T20:00:15.477] [INFO] normal - OPTIONS /article/5ab470404f1be299d67fe142 响应时间为: 0.074s
[2018-03-23T20:00:15.558] [INFO] normal - PATCH /article/5ab470404f1be299d67fe142 响应时间为: 0.072s
[2018-03-23T20:17:37.247] [INFO] normal - OPTIONS /article/5ab470404f1be299d67fe142 响应时间为: 0.107s
[2018-03-23T20:17:37.309] [INFO] normal - DELETE /article/5ab470404f1be299d67fe142 响应时间为: 0.052s
[2018-03-23T20:18:19.264] [INFO] normal - OPTIONS /article/5ab470404f1be299d67fe142 响应时间为: 0.002s
[2018-03-23T20:18:19.315] [INFO] normal - PATCH /article/5ab470404f1be299d67fe142 响应时间为: 0.047s
[2018-03-23T20:18:28.244] [INFO] normal - OPTIONS /article/5ab470404f1be299d67fe142 响应时间为: 0.001s
[2018-03-23T20:18:28.257] [INFO] normal - PATCH /article/5ab470404f1be299d67fe142 响应时间为: 0.005s
[2018-03-23T20:18:28.470] [INFO] normal - PATCH /article/5ab470404f1be299d67fe142 响应时间为: 0.003s
[2018-03-23T20:19:30.769] [INFO] normal - OPTIONS /article/5ab470404f1be299d67fe142 响应时间为: 0.071s
[2018-03-23T20:19:30.824] [INFO] normal - PATCH /article/5ab470404f1be299d67fe142 响应时间为: 0.047s
[2018-03-23T20:19:50.710] [INFO] normal - OPTIONS /article/5ab470404f1be299d67fe142 响应时间为: 0.048s
[2018-03-23T20:19:50.759] [INFO] normal - PATCH /article/5ab470404f1be299d67fe142 响应时间为: 0.04s
[2018-03-23T20:20:05.828] [INFO] normal - GET /article/5ab470404f1be299d67fe142 响应时间为: 0.012s
[2018-03-23T20:20:41.365] [INFO] normal - OPTIONS /article/5ab470404f1be299d67fe142 响应时间为: 0.002s
[2018-03-23T20:20:41.394] [INFO] normal - DELETE /article/5ab470404f1be299d67fe142 响应时间为: 0.004s
[2018-03-23T20:38:09.114] [INFO] normal - OPTIONS /article/5ab470404f1be299d67fe142 响应时间为: 0.367s
[2018-03-23T20:39:32.653] [INFO] normal - OPTIONS /article/5ab470404f1be299d67fe142 响应时间为: 0.082s
[2018-03-23T20:40:40.016] [INFO] normal - OPTIONS /article/5ab470404f1be299d67fe142 响应时间为: 0.051s
[2018-03-23T20:40:45.856] [INFO] normal - GET /article/5ab470404f1be299d67fe142 响应时间为: 0.011s
[2018-03-23T20:40:58.128] [INFO] normal - GET /article/5ab470404f1be299d67fe142 响应时间为: 0.008s
[2018-03-23T20:43:34.512] [INFO] normal - GET /article?keyword=asdf 响应时间为: 0.053s
[2018-03-23T20:43:48.178] [INFO] normal - GET /article?keyword=node 响应时间为: 0.013s
[2018-03-23T20:45:55.225] [INFO] normal - GET /article?keyword=asdsdfa 响应时间为: 0.066s
[2018-03-23T20:46:04.539] [INFO] normal - GET /article?keyword=asdsdfa 响应时间为: 0.004s
[2018-03-23T20:46:19.041] [INFO] normal - GET /article?keyword=asdsdfa 响应时间为: 0.002s
[2018-03-23T20:58:34.151] [INFO] normal - GET /article/5ab472584f1be299d67fe143 响应时间为: 0.159s
[2018-03-23T20:58:50.308] [INFO] normal - GET /article/5ab472584f1be299d67fe143 响应时间为: 0.08s
[2018-03-23T20:59:10.297] [INFO] normal - GET /article/5ab472584f1be299d67fe143 响应时间为: 0.136s
[2018-03-23T21:00:41.546] [INFO] normal - GET /article/5ab472584f1be299d67fe143 响应时间为: 0.065s
[2018-03-23T21:01:14.083] [INFO] normal - GET /article?keyword=react 响应时间为: 0.006s
[2018-03-23T21:03:16.261] [INFO] normal - GET /article/all?page=1&pageSize=10 响应时间为: 0.035s
[2018-03-23T21:05:12.130] [INFO] normal - GET /article/all/?page=1&pageSize=10 响应时间为: 0.06s
[2018-03-23T21:10:23.952] [INFO] normal - GET /article/all/?page=1&pageSize=10 响应时间为: 0.084s
[2018-03-23T22:12:52.001] [INFO] normal - OPTIONS /comment 响应时间为: 0.052s
[2018-03-23T22:13:13.494] [INFO] normal - OPTIONS /comment 响应时间为: 0.046s
[2018-03-23T22:13:13.668] [INFO] normal - POST /comment 响应时间为: 0.166s
[2018-03-23T22:17:25.133] [INFO] normal - OPTIONS /comment 响应时间为: 0.079s
[2018-03-23T22:21:44.090] [INFO] normal - OPTIONS /comment 响应时间为: 0.049s
[2018-03-23T22:21:44.133] [INFO] normal - POST /comment 响应时间为: 0.035s
[2018-03-23T22:22:27.897] [INFO] normal - OPTIONS /comment 响应时间为: 0.072s
[2018-03-23T22:22:27.974] [INFO] normal - POST /comment 响应时间为: 0.069s
[2018-03-23T22:22:37.813] [INFO] normal - OPTIONS /comment 响应时间为: 0.001s
[2018-03-23T22:22:37.830] [INFO] normal - POST /comment 响应时间为: 0.011s
[2018-03-23T22:22:38.916] [INFO] normal - POST /comment 响应时间为: 0.013s
[2018-03-23T22:22:39.860] [INFO] normal - POST /comment 响应时间为: 0.004s
[2018-03-23T22:22:40.760] [INFO] normal - POST /comment 响应时间为: 0.004s
[2018-03-23T22:22:41.550] [INFO] normal - POST /comment 响应时间为: 0.004s
[2018-03-23T22:22:42.192] [INFO] normal - POST /comment 响应时间为: 0.004s
[2018-03-23T22:23:34.731] [INFO] normal - GET /article/all/?page=1&pageSize=10 响应时间为: 0.015s
[2018-03-23T22:24:04.428] [INFO] normal - GET /article/5ab472584f1be299d67fe143 响应时间为: 0.011s
[2018-03-23T22:26:11.411] [INFO] normal - GET /article/5ab472584f1be299d67fe143 响应时间为: 0.12s
[2018-03-23T22:27:48.097] [INFO] normal - GET /article/5ab472584f1be299d67fe143 响应时间为: 0.088s
[2018-03-23T22:29:40.880] [INFO] normal - GET /article/5ab472584f1be299d67fe143 响应时间为: 0.125s
[2018-03-23T22:36:31.421] [INFO] normal - GET /article/5ab472584f1be299d67fe143 响应时间为: 0.08s
[2018-03-23T22:38:10.528] [INFO] normal - OPTIONS /comment 响应时间为: 0.003s
[2018-03-23T22:38:10.666] [INFO] normal - POST /comment 响应时间为: 0.125s
[2018-03-23T22:38:11.978] [INFO] normal - GET /article/5ab472584f1be299d67fe143 响应时间为: 0.004s
[2018-03-23T22:38:34.790] [INFO] normal - GET /article/all/?page=1&pageSize=10 响应时间为: 0.029s
[2018-03-23T22:39:14.451] [INFO] normal - GET /article/all/?page=1&pageSize=10 响应时间为: 0.1s
[2018-03-23T22:46:14.989] [INFO] normal - GET /article/5ab472584f1be299d67fe143 响应时间为: 0.057s
[2018-03-23T22:47:49.372] [INFO] normal - OPTIONS /article/new 响应时间为: 0.007s
[2018-03-23T22:47:49.451] [INFO] normal - POST /article/new 响应时间为: 0.07s
[2018-03-23T22:48:37.427] [INFO] normal - GET /article/5ab513958b1a10be26862cdb 响应时间为: 0.024s
[2018-03-23T22:48:49.944] [INFO] normal - OPTIONS /comment 响应时间为: 0.001s
[2018-03-23T22:48:49.980] [INFO] normal - POST /comment 响应时间为: 0.031s
[2018-03-23T22:48:50.105] [INFO] normal - POST /comment 响应时间为: 0.005s
[2018-03-23T22:48:50.284] [INFO] normal - POST /comment 响应时间为: 0.004s
[2018-03-23T22:48:50.430] [INFO] normal - POST /comment 响应时间为: 0.004s
[2018-03-23T22:48:50.589] [INFO] normal - POST /comment 响应时间为: 0.004s
[2018-03-23T22:48:50.745] [INFO] normal - POST /comment 响应时间为: 0.005s
[2018-03-23T22:48:51.643] [INFO] normal - GET /article/5ab513958b1a10be26862cdb 响应时间为: 0.003s
[2018-03-23T22:49:43.069] [INFO] normal - OPTIONS /article/new 响应时间为: 0.048s
[2018-03-23T22:49:43.471] [INFO] normal - POST /article/new 响应时间为: 0.394s
[2018-03-23T22:49:43.474] [INFO] normal - POST /article/new 响应时间为: 0.253s
[2018-03-23T22:49:43.476] [INFO] normal - POST /article/new 响应时间为: 0.07s
[2018-03-23T22:49:43.550] [INFO] normal - POST /article/new 响应时间为: 0.004s
[2018-03-23T22:49:43.955] [INFO] normal - POST /article/new 响应时间为: 0.003s
[2018-03-23T22:50:19.323] [INFO] normal - OPTIONS /comment 响应时间为: 0.001s
[2018-03-23T22:50:19.468] [INFO] normal - POST /comment 响应时间为: 0.14s
[2018-03-23T22:50:21.681] [INFO] normal - POST /comment 响应时间为: 0.005s
[2018-03-23T22:50:37.296] [INFO] normal - GET /article/5ab514078d63c7be62097f90 响应时间为: 0.007s
[2018-03-23T22:52:09.491] [INFO] normal - GET /article/5ab514078d63c7be62097f90 响应时间为: 0.089s
[2018-03-23T22:56:16.418] [INFO] normal - GET /article/5ab514078d63c7be62097f90 响应时间为: 0.079s
[2018-03-23T22:59:15.332] [INFO] normal - OPTIONS /article/new 响应时间为: 0.09s
[2018-03-23T22:59:15.430] [INFO] normal - POST /article/new 响应时间为: 0.088s
[2018-03-23T22:59:28.083] [INFO] normal - OPTIONS /article/new 响应时间为: 0.003s
[2018-03-23T22:59:28.097] [INFO] normal - POST /article/new 响应时间为: 0.008s
[2018-03-23T23:00:28.071] [INFO] normal - OPTIONS /comment 响应时间为: 0.002s
[2018-03-23T23:00:28.115] [INFO] normal - POST /comment 响应时间为: 0.041s
[2018-03-23T23:00:28.231] [INFO] normal - POST /comment 响应时间为: 0.008s
[2018-03-23T23:00:28.395] [INFO] normal - POST /comment 响应时间为: 0.003s
[2018-03-23T23:00:28.543] [INFO] normal - POST /comment 响应时间为: 0.005s
[2018-03-23T23:00:28.697] [INFO] normal - POST /comment 响应时间为: 0.005s
[2018-03-23T23:00:52.065] [INFO] normal - GET /article/5ab51650dd2630bf220ce350 响应时间为: 0.025s
[2018-03-23T23:01:38.456] [INFO] normal - OPTIONS /article/new 响应时间为: 0.002s
[2018-03-23T23:01:38.488] [INFO] normal - POST /article/new 响应时间为: 0.023s
[2018-03-23T23:02:04.227] [INFO] normal - GET /article/5ab516d2dd2630bf220ce356 响应时间为: 0.005s
[2018-03-23T23:10:19.273] [INFO] normal - OPTIONS /article/new 响应时间为: 0.12s
[2018-03-23T23:10:19.385] [INFO] normal - POST /article/new 响应时间为: 0.104s
[2018-03-23T23:10:59.044] [INFO] normal - GET /article/5ab518db8e6baac07c9cd1f0 响应时间为: 0.032s
[2018-03-23T23:11:36.438] [INFO] normal - GET /article/5ab518db8e6baac07c9cd1f0 响应时间为: 0.065s
[2018-03-23T23:21:49.177] [INFO] normal - GET /article/5ab518db8e6baac07c9cd1f0 响应时间为: 0.205s
[2018-03-23T23:35:32.594] [INFO] normal - GET /article/5ab518db8e6baac07c9cd1f0 响应时间为: 0.131s
