[2018-03-25T00:05:47.085] [INFO] normal - GET /user/article/all/?page=1&pageSize=10 响应时间为: 0.421s
[2018-03-25T00:06:32.084] [INFO] normal - GET /user/article/all/?page=1&pageSize=10 响应时间为: 0.007s
[2018-03-25T00:08:49.328] [INFO] normal - GET /user/article/all/?page=1&pageSize=10 响应时间为: 0.011s
[2018-03-25T11:20:12.079] [INFO] normal - GET /user/article/all/?page=1&pageSize=10 响应时间为: 0.346s
[2018-03-25T11:20:26.364] [INFO] normal - GET /user/article/all/?page=1&pageSize=10 响应时间为: 0.005s
[2018-03-25T11:23:17.749] [INFO] normal - GET /user/article/all/?page=1&pageSize=10 响应时间为: 0.047s
[2018-03-25T11:23:29.073] [INFO] normal - GET /user/article/all/?page=1&pageSize=10 响应时间为: 0.004s
[2018-03-25T11:23:36.498] [INFO] normal - GET /user/article/all/?page=1&pageSize=10 响应时间为: 0.016s
[2018-03-25T11:25:31.908] [INFO] normal - GET /user/article/all/?page=1&pageSize=10 响应时间为: 0.022s
[2018-03-25T11:31:36.684] [INFO] normal - GET /user/article/all/?page=1&pageSize=10 响应时间为: 0.021s
[2018-03-25T12:24:34.877] [INFO] normal - GET /user/article/all/?page=1&pageSize=10 响应时间为: 0.033s
[2018-03-25T12:25:04.051] [INFO] normal - GET /user/article/all/?page=1&pageSize=10 响应时间为: 0.022s
[2018-03-25T12:33:36.149] [INFO] normal - GET /user/article/all/?page=1&pageSize=10 响应时间为: 0.046s
[2018-03-25T13:57:14.468] [INFO] normal - OPTIONS /project 响应时间为: 0.098s
[2018-03-25T13:57:14.894] [INFO] normal - POST /project 响应时间为: 0.373s
[2018-03-25T13:59:43.903] [INFO] normal - OPTIONS /project 响应时间为: 0.006s
[2018-03-25T13:59:43.963] [INFO] normal - POST /project 响应时间为: 0.051s
[2018-03-25T14:00:27.409] [INFO] normal - OPTIONS /project 响应时间为: 0.001s
[2018-03-25T14:00:27.416] [INFO] normal - POST /project 响应时间为: 0.003s
[2018-03-25T14:00:50.941] [INFO] normal - OPTIONS /project 响应时间为: 0.004s
[2018-03-25T14:00:50.961] [INFO] normal - POST /project 响应时间为: 0.012s
[2018-03-25T14:01:14.726] [INFO] normal - OPTIONS /project 响应时间为: 0.001s
[2018-03-25T14:01:14.742] [INFO] normal - POST /project 响应时间为: 0.011s
[2018-03-25T14:01:36.808] [INFO] normal - OPTIONS /project 响应时间为: 0.001s
[2018-03-25T14:01:36.817] [INFO] normal - POST /project 响应时间为: 0.002s
[2018-03-25T14:06:08.032] [INFO] normal - GET /user/user/project/ 响应时间为: 0.076s
[2018-03-25T14:06:15.636] [INFO] normal - GET /user/user/project/ 响应时间为: 0.007s
[2018-03-25T14:06:32.688] [INFO] normal - GET /user/project/ 响应时间为: 0.089s
[2018-03-25T14:06:34.961] [INFO] normal - GET /user/project/ 响应时间为: 0.004s
[2018-03-25T14:06:51.711] [INFO] normal - GET /user/project/ 响应时间为: 0.012s
[2018-03-25T14:07:00.735] [INFO] normal - GET /user/project/ 响应时间为: 0.003s
[2018-03-25T14:07:21.322] [INFO] normal - GET /user/project/ 响应时间为: 0.003s
[2018-03-25T14:07:44.347] [INFO] normal - GET /user/project/ 响应时间为: 0.003s
[2018-03-25T14:07:45.977] [INFO] normal - GET /user/project/ 响应时间为: 0.003s
[2018-03-25T14:08:26.654] [INFO] normal - GET /user/project/ 响应时间为: 0.018s
[2018-03-25T14:08:39.250] [INFO] normal - GET /user/project/ 响应时间为: 0.004s
[2018-03-25T14:10:27.411] [INFO] normal - GET /user/project/ 响应时间为: 0.023s
[2018-03-25T14:11:38.740] [INFO] normal - GET /user/project/ 响应时间为: 0.003s
[2018-03-25T14:11:39.646] [INFO] normal - GET /user/project/ 响应时间为: 0.004s
[2018-03-25T14:12:40.712] [INFO] normal - GET /user/project/ 响应时间为: 0.175s
[2018-03-25T14:13:03.851] [INFO] normal - GET /user/project/ 响应时间为: 0.006s
[2018-03-25T14:13:25.490] [INFO] normal - GET /user/project/ 响应时间为: 0.004s
[2018-03-25T14:14:22.023] [INFO] normal - GET /user/project/ 响应时间为: 0.06s
[2018-03-25T14:15:41.799] [INFO] normal - GET /user/project/ 响应时间为: 0.03s
[2018-03-25T14:16:03.872] [INFO] normal - GET /user/project/ 响应时间为: 0.006s
[2018-03-25T14:16:15.794] [INFO] normal - GET /user/project/ 响应时间为: 0.003s
[2018-03-25T14:16:39.084] [INFO] normal - GET /user/project/ 响应时间为: 0.003s
[2018-03-25T14:16:53.306] [INFO] normal - GET /user/project/ 响应时间为: 0.004s
[2018-03-25T14:17:04.985] [INFO] normal - GET /user/project/ 响应时间为: 0.004s
[2018-03-25T14:17:52.339] [INFO] normal - GET /user/project/ 响应时间为: 0.005s
[2018-03-25T14:23:10.516] [INFO] normal - GET /user/project/ 响应时间为: 0.033s
[2018-03-25T14:23:28.396] [INFO] normal - GET /user/project/ 响应时间为: 0.033s
[2018-03-25T14:23:44.883] [INFO] normal - GET /user/project/ 响应时间为: 0.003s
[2018-03-25T14:23:48.802] [INFO] normal - GET /user/project/ 响应时间为: 0.006s
[2018-03-25T14:24:34.725] [INFO] normal - GET /user/project/ 响应时间为: 0.015s
[2018-03-25T14:24:54.764] [INFO] normal - GET /user/article/all/?page=1&pageSize=10 响应时间为: 0.3s
[2018-03-25T14:24:55.406] [INFO] normal - GET /user/project/ 响应时间为: 0.005s
[2018-03-25T14:24:56.200] [INFO] normal - GET /user/article/all/?page=1&pageSize=10 响应时间为: 0.014s
[2018-03-25T14:24:56.833] [INFO] normal - GET /user/project/ 响应时间为: 0.002s
[2018-03-25T14:41:39.022] [INFO] normal - GET /user/project/ 响应时间为: 0.035s
[2018-03-25T14:43:38.382] [INFO] normal - GET /user/project/ 响应时间为: 0.041s
[2018-03-25T14:44:16.741] [INFO] normal - GET /user/project/ 响应时间为: 0.01s
[2018-03-25T14:44:18.370] [INFO] normal - GET /user/project/ 响应时间为: 0.004s
[2018-03-25T14:44:33.064] [INFO] normal - GET /user/project/ 响应时间为: 0.009s
[2018-03-25T14:44:59.129] [INFO] normal - GET /user/project/ 响应时间为: 0.003s
[2018-03-25T14:45:17.210] [INFO] normal - GET /user/project/ 响应时间为: 0.004s
[2018-03-25T14:45:19.354] [INFO] normal - GET /user/project/ 响应时间为: 0.003s
[2018-03-25T14:45:25.646] [INFO] normal - GET /user/project/ 响应时间为: 0.004s
[2018-03-25T14:45:31.074] [INFO] normal - GET /user/project/ 响应时间为: 0.005s
[2018-03-25T14:45:32.110] [INFO] normal - GET /user/project/ 响应时间为: 0.003s
[2018-03-25T14:45:56.998] [INFO] normal - GET /user/project/ 响应时间为: 0.003s
[2018-03-25T14:46:10.300] [INFO] normal - GET /user/project/ 响应时间为: 0.004s
[2018-03-25T14:46:15.788] [INFO] normal - GET /user/project/ 响应时间为: 0.005s
[2018-03-25T14:46:21.100] [INFO] normal - GET /user/project/ 响应时间为: 0.008s
[2018-03-25T14:46:32.896] [INFO] normal - GET /user/project/ 响应时间为: 0.016s
[2018-03-25T14:46:59.849] [INFO] normal - GET /user/project/ 响应时间为: 0.004s
[2018-03-25T14:47:11.106] [INFO] normal - GET /user/project/ 响应时间为: 0.003s
[2018-03-25T14:47:13.110] [INFO] normal - GET /user/project/ 响应时间为: 0.003s
[2018-03-25T14:47:19.701] [INFO] normal - GET /user/project/ 响应时间为: 0.003s
[2018-03-25T14:47:33.702] [INFO] normal - GET /user/project/ 响应时间为: 0.003s
[2018-03-25T14:47:55.759] [INFO] normal - GET /user/project/ 响应时间为: 0.006s
[2018-03-25T14:48:25.797] [INFO] normal - GET /user/project/ 响应时间为: 0.012s
[2018-03-25T14:48:42.564] [INFO] normal - GET /user/project/ 响应时间为: 0.011s
[2018-03-25T14:49:22.321] [INFO] normal - GET /user/project/ 响应时间为: 0.016s
[2018-03-25T14:50:02.075] [INFO] normal - GET /user/project/ 响应时间为: 0.008s
[2018-03-25T14:50:39.866] [INFO] normal - GET /user/project/ 响应时间为: 0.003s
[2018-03-25T14:51:29.602] [INFO] normal - GET /user/project/ 响应时间为: 0.013s
[2018-03-25T14:51:42.825] [INFO] normal - GET /user/project/ 响应时间为: 0.003s
[2018-03-25T14:51:55.636] [INFO] normal - GET /user/project/ 响应时间为: 0.004s
[2018-03-25T14:52:00.454] [INFO] normal - GET /user/project/ 响应时间为: 0.004s
[2018-03-25T14:52:07.102] [INFO] normal - GET /user/article/all/?page=1&pageSize=10 响应时间为: 0.027s
[2018-03-25T14:52:18.107] [INFO] normal - GET /user/project/ 响应时间为: 0.006s
[2018-03-25T14:55:31.481] [INFO] normal - GET /user/project/ 响应时间为: 0.013s
[2018-03-25T14:55:51.024] [INFO] normal - GET /user/article/all/?page=1&pageSize=10 响应时间为: 0.012s
[2018-03-25T14:56:30.038] [INFO] normal - GET /user/article/all/?page=1&pageSize=10 响应时间为: 0.003s
[2018-03-25T14:56:31.786] [INFO] normal - GET /user/project/ 响应时间为: 0.003s
[2018-03-25T14:56:42.441] [INFO] normal - GET /user/article/all/?page=1&pageSize=10 响应时间为: 0.017s
[2018-03-25T14:56:43.758] [INFO] normal - GET /user/project/ 响应时间为: 0.003s
[2018-03-25T14:57:35.616] [INFO] normal - GET /user/project/ 响应时间为: 0.026s
[2018-03-25T15:00:52.172] [INFO] normal - GET /user/project/ 响应时间为: 0.015s
[2018-03-25T15:01:35.320] [INFO] normal - GET /user/project/ 响应时间为: 0.003s
[2018-03-25T15:01:37.763] [INFO] normal - GET /user/project/ 响应时间为: 0.005s
[2018-03-25T15:01:39.481] [INFO] normal - GET /user/project/ 响应时间为: 0.028s
[2018-03-25T15:01:49.323] [INFO] normal - GET /user/project/ 响应时间为: 0.002s
[2018-03-25T15:01:52.857] [INFO] normal - GET /user/project/ 响应时间为: 0.007s
[2018-03-25T15:02:03.781] [INFO] normal - GET /user/project/ 响应时间为: 0.003s
[2018-03-25T15:02:24.466] [INFO] normal - GET /user/project/ 响应时间为: 0.007s
[2018-03-25T15:02:31.058] [INFO] normal - GET /user/project/ 响应时间为: 0.008s
[2018-03-25T15:02:57.949] [INFO] normal - GET /user/project/ 响应时间为: 0.006s
[2018-03-25T15:03:59.481] [INFO] normal - GET /user/project/ 响应时间为: 0.032s
[2018-03-25T15:04:02.220] [INFO] normal - GET /user/project/ 响应时间为: 0.003s
[2018-03-25T15:04:09.030] [INFO] normal - GET /user/project/ 响应时间为: 0.005s
[2018-03-25T15:04:12.161] [INFO] normal - GET /user/project/ 响应时间为: 0.006s
[2018-03-25T15:04:34.666] [INFO] normal - GET /user/project/ 响应时间为: 0.006s
[2018-03-25T15:04:37.478] [INFO] normal - GET /user/project/ 响应时间为: 0.003s
[2018-03-25T15:04:40.028] [INFO] normal - GET /user/project/ 响应时间为: 0.003s
[2018-03-25T15:04:42.845] [INFO] normal - GET /user/project/ 响应时间为: 0.009s
[2018-03-25T15:04:52.606] [INFO] normal - GET /user/project/ 响应时间为: 0.004s
[2018-03-25T15:04:57.323] [INFO] normal - GET /user/project/ 响应时间为: 0.007s
[2018-03-25T15:05:01.834] [INFO] normal - GET /user/project/ 响应时间为: 0.002s
[2018-03-25T15:05:07.295] [INFO] normal - GET /user/project/ 响应时间为: 0.003s
[2018-03-25T15:05:13.617] [INFO] normal - GET /user/project/ 响应时间为: 0.007s
[2018-03-25T15:05:48.174] [INFO] normal - GET /user/project/ 响应时间为: 0.005s
[2018-03-25T15:05:50.423] [INFO] normal - GET /user/project/ 响应时间为: 0.003s
[2018-03-25T15:05:52.496] [INFO] normal - GET /user/project/ 响应时间为: 0.004s
[2018-03-25T15:05:55.299] [INFO] normal - GET /user/project/ 响应时间为: 0.002s
[2018-03-25T15:05:56.489] [INFO] normal - GET /user/project/ 响应时间为: 0.004s
[2018-03-25T15:06:20.248] [INFO] normal - GET /user/project/ 响应时间为: 0.002s
[2018-03-25T15:06:22.459] [INFO] normal - GET /user/project/ 响应时间为: 0.002s
[2018-03-25T15:06:24.510] [INFO] normal - GET /user/project/ 响应时间为: 0.006s
[2018-03-25T15:06:30.800] [INFO] normal - GET /user/project/ 响应时间为: 0.009s
[2018-03-25T15:06:32.890] [INFO] normal - GET /user/project/ 响应时间为: 0.002s
[2018-03-25T15:06:33.911] [INFO] normal - GET /user/project/ 响应时间为: 0.006s
[2018-03-25T15:06:37.218] [INFO] normal - GET /user/project/ 响应时间为: 0.004s
[2018-03-25T15:06:40.994] [INFO] normal - GET /user/project/ 响应时间为: 0.003s
[2018-03-25T15:07:14.771] [INFO] normal - GET /user/project/ 响应时间为: 0.012s
[2018-03-25T15:07:17.116] [INFO] normal - GET /user/project/ 响应时间为: 0.005s
[2018-03-25T15:07:21.013] [INFO] normal - GET /user/project/ 响应时间为: 0.012s
[2018-03-25T15:07:24.406] [INFO] normal - GET /user/project/ 响应时间为: 0.004s
[2018-03-25T15:08:23.454] [INFO] normal - GET /user/project/ 响应时间为: 0.003s
[2018-03-25T15:08:25.915] [INFO] normal - GET /user/project/ 响应时间为: 0.003s
[2018-03-25T15:08:26.895] [INFO] normal - GET /user/project/ 响应时间为: 0.008s
[2018-03-25T15:08:30.055] [INFO] normal - GET /user/project/ 响应时间为: 0.009s
[2018-03-25T15:08:35.938] [INFO] normal - GET /user/project/ 响应时间为: 0.003s
[2018-03-25T15:08:37.708] [INFO] normal - GET /user/project/ 响应时间为: 0.003s
[2018-03-25T15:08:39.851] [INFO] normal - GET /user/project/ 响应时间为: 0.008s
[2018-03-25T15:08:43.222] [INFO] normal - GET /user/project/ 响应时间为: 0.004s
[2018-03-25T15:09:54.036] [INFO] normal - GET /user/project/ 响应时间为: 0.022s
[2018-03-25T15:09:55.452] [INFO] normal - GET /user/article/all/?page=1&pageSize=10 响应时间为: 0.017s
[2018-03-25T15:10:16.389] [INFO] normal - GET /user/project/ 响应时间为: 0.011s
[2018-03-25T15:10:18.088] [INFO] normal - GET /user/project/ 响应时间为: 0.003s
[2018-03-25T15:10:21.406] [INFO] normal - GET /user/project/ 响应时间为: 0.005s
[2018-03-25T15:11:28.507] [INFO] normal - GET /user/project/ 响应时间为: 0.004s
[2018-03-25T15:11:49.034] [INFO] normal - GET /user/project/ 响应时间为: 0.004s
[2018-03-25T15:12:32.810] [INFO] normal - GET /user/project/ 响应时间为: 0.006s
[2018-03-25T15:12:44.789] [INFO] normal - GET /user/project/ 响应时间为: 0.003s
[2018-03-25T15:12:48.516] [INFO] normal - GET /user/project/ 响应时间为: 0.005s
[2018-03-25T15:12:59.551] [INFO] normal - GET /user/project/ 响应时间为: 0.003s
[2018-03-25T15:13:29.113] [INFO] normal - GET /user/project/ 响应时间为: 0.002s
[2018-03-25T15:13:40.766] [INFO] normal - GET /user/article/all/?page=1&pageSize=10 响应时间为: 0.01s
[2018-03-25T15:22:37.587] [INFO] normal - OPTIONS /article/new 响应时间为: 0.081s
[2018-03-25T15:22:38.080] [INFO] normal - POST /article/new 响应时间为: 0.475s
[2018-03-25T15:23:40.261] [INFO] normal - OPTIONS /project 响应时间为: 0.007s
[2018-03-25T15:23:40.315] [INFO] normal - POST /project 响应时间为: 0.042s
[2018-03-25T15:24:14.265] [INFO] normal - OPTIONS /project 响应时间为: 0.001s
[2018-03-25T15:24:14.275] [INFO] normal - POST /project 响应时间为: 0.003s
[2018-03-25T15:24:16.339] [INFO] normal - OPTIONS /article/new 响应时间为: 0.001s
[2018-03-25T15:24:16.357] [INFO] normal - POST /article/new 响应时间为: 0.011s
[2018-03-25T15:24:24.213] [INFO] normal - GET /user/project/ 响应时间为: 0.023s
[2018-03-25T15:24:38.038] [INFO] normal - OPTIONS /article/new 响应时间为: 0.01s
[2018-03-25T15:24:38.079] [INFO] normal - POST /article/new 响应时间为: 0.028s
[2018-03-25T15:24:38.699] [INFO] normal - POST /article/new 响应时间为: 0.005s
[2018-03-25T15:25:00.813] [INFO] normal - OPTIONS /article/new 响应时间为: 0.002s
[2018-03-25T15:25:00.834] [INFO] normal - POST /article/new 响应时间为: 0.015s
[2018-03-25T15:25:07.682] [INFO] normal - OPTIONS /article/new 响应时间为: 0.001s
[2018-03-25T15:25:07.694] [INFO] normal - POST /article/new 响应时间为: 0.005s
[2018-03-25T15:25:08.273] [INFO] normal - POST /article/new 响应时间为: 0.009s
[2018-03-25T15:25:09.120] [INFO] normal - POST /article/new 响应时间为: 0.004s
[2018-03-25T15:26:08.533] [INFO] normal - OPTIONS /article/new 响应时间为: 0.01s
[2018-03-25T15:26:08.557] [INFO] normal - POST /article/new 响应时间为: 0.015s
[2018-03-25T15:26:09.684] [INFO] normal - POST /article/new 响应时间为: 0.005s
[2018-03-25T15:26:10.166] [INFO] normal - POST /article/new 响应时间为: 0.006s
[2018-03-25T15:26:56.913] [INFO] normal - OPTIONS /article/new 响应时间为: 0.001s
[2018-03-25T15:26:56.926] [INFO] normal - POST /article/new 响应时间为: 0.004s
[2018-03-25T15:26:57.728] [INFO] normal - POST /article/new 响应时间为: 0.003s
[2018-03-25T15:26:57.911] [INFO] normal - POST /article/new 响应时间为: 0.005s
[2018-03-25T15:26:58.067] [INFO] normal - POST /article/new 响应时间为: 0.005s
[2018-03-25T15:27:20.703] [INFO] normal - OPTIONS /article/new 响应时间为: 0.001s
[2018-03-25T15:27:20.712] [INFO] normal - POST /article/new 响应时间为: 0.004s
[2018-03-25T15:27:20.892] [INFO] normal - POST /article/new 响应时间为: 0.003s
[2018-03-25T15:27:21.041] [INFO] normal - POST /article/new 响应时间为: 0.005s
[2018-03-25T15:27:21.183] [INFO] normal - POST /article/new 响应时间为: 0.003s
[2018-03-25T15:28:01.812] [INFO] normal - GET /user/article/all/?page=1&pageSize=10 响应时间为: 0.108s
[2018-03-25T15:28:13.431] [INFO] normal - GET /user/article/all/?page=1&pageSize=10 响应时间为: 0.012s
[2018-03-25T15:30:46.557] [INFO] normal - GET /user/article/all/?page=1&pageSize=10 响应时间为: 0.126s
[2018-03-25T15:31:30.956] [INFO] normal - GET /user/article/all/?page=1&pageSize=10 响应时间为: 0.006s
[2018-03-25T15:32:35.322] [INFO] normal - GET /user/article/all/?page=1&pageSize=10 响应时间为: 0.032s
[2018-03-25T15:34:06.199] [INFO] normal - GET /user/article/all/?page=1&pageSize=10 响应时间为: 0.026s
[2018-03-25T15:34:23.063] [INFO] normal - GET /user/article/all/?page=1&pageSize=10 响应时间为: 0.005s
[2018-03-25T15:34:28.478] [INFO] normal - GET /user/article/all/?page=1&pageSize=10 响应时间为: 0.021s
[2018-03-25T15:34:44.783] [INFO] normal - GET /user/article/all/?page=1&pageSize=10 响应时间为: 0.005s
[2018-03-25T15:34:58.037] [INFO] normal - GET /user/article/all/?page=1&pageSize=10 响应时间为: 0.006s
[2018-03-25T15:35:44.772] [INFO] normal - GET /user/article/all/?page=1&pageSize=10 响应时间为: 0.027s
[2018-03-25T15:35:54.655] [INFO] normal - GET /user/article/all/?page=1&pageSize=10 响应时间为: 0.006s
[2018-03-25T15:36:44.599] [INFO] normal - GET /user/article/all/?page=1&pageSize=10 响应时间为: 0.015s
[2018-03-25T15:36:47.065] [INFO] normal - GET /user/article/all/?page=1&pageSize=10 响应时间为: 0.008s
[2018-03-25T15:37:10.899] [INFO] normal - GET /user/article/all/?page=1&pageSize=10 响应时间为: 0.007s
[2018-03-25T15:38:11.937] [INFO] normal - GET /user/article/all/?page=1&pageSize=10 响应时间为: 0.005s
[2018-03-25T15:39:29.174] [INFO] normal - GET /user/article/all/?page=1&pageSize=10 响应时间为: 0.017s
[2018-03-25T15:39:46.730] [INFO] normal - GET /user/article/all/?page=1&pageSize=10 响应时间为: 0.005s
[2018-03-25T15:43:01.085] [INFO] normal - GET /user/project/ 响应时间为: 0.018s
[2018-03-25T15:43:07.096] [INFO] normal - GET /user/project/ 响应时间为: 0.004s
[2018-03-25T15:43:10.918] [INFO] normal - GET /user/article/all/?page=1&pageSize=10 响应时间为: 0.011s
[2018-03-25T16:06:57.847] [INFO] normal - GET /user/article/all/?page=1&pageSize=10 响应时间为: 0.058s
[2018-03-25T16:07:13.543] [INFO] normal - GET /user/article/all/?page=1&pageSize=10 响应时间为: 0.021s
[2018-03-25T16:07:28.909] [INFO] normal - GET /user/article/all/?page=1&pageSize=10 响应时间为: 0.025s
[2018-03-25T16:08:04.665] [INFO] normal - GET /user/article/all/?page=1&pageSize=10 响应时间为: 0.008s
[2018-03-25T16:08:07.631] [INFO] normal - GET /user/article/all/?page=1&pageSize=10 响应时间为: 0.005s
[2018-03-25T16:09:19.792] [INFO] normal - GET /user/article/all/?page=1&pageSize=10 响应时间为: 0.063s
[2018-03-25T16:09:41.534] [INFO] normal - GET /user/article/all/?page=1&pageSize=10 响应时间为: 0.005s
[2018-03-25T16:09:43.112] [INFO] normal - GET /user/article/all/?page=1&pageSize=10 响应时间为: 0.008s
[2018-03-25T16:09:56.742] [INFO] normal - GET /user/article/all/?page=1&pageSize=10 响应时间为: 0.007s
[2018-03-25T16:09:58.896] [INFO] normal - GET /user/article/all/?page=1&pageSize=10 响应时间为: 0.007s
[2018-03-25T16:10:16.086] [INFO] normal - GET /user/article/all/?page=1&pageSize=20 响应时间为: 0.013s
[2018-03-25T16:10:17.600] [INFO] normal - GET /user/article/all/?page=1&pageSize=20 响应时间为: 0.007s
[2018-03-25T16:10:30.607] [INFO] normal - GET /user/article/all/?page=1&pageSize=100 响应时间为: 0.007s
[2018-03-25T16:10:32.200] [INFO] normal - GET /user/article/all/?page=1&pageSize=100 响应时间为: 0.006s
[2018-03-25T16:12:14.630] [INFO] normal - GET /user/article/all/?page=1&pageSize=100 响应时间为: 0.014s
[2018-03-25T16:12:15.622] [INFO] normal - GET /user/article/all/?page=1&pageSize=100 响应时间为: 0.007s
[2018-03-25T16:13:27.232] [INFO] normal - GET /user/article/all/?page=1&pageSize=100 响应时间为: 0.005s
[2018-03-25T16:13:29.402] [INFO] normal - GET /user/article/all/?page=1&pageSize=100 响应时间为: 0.006s
[2018-03-25T16:14:08.310] [INFO] normal - GET /user/article/all/?page=1&pageSize=100 响应时间为: 0.005s
[2018-03-25T16:16:11.495] [INFO] normal - GET /user/article/all/?page=1&pageSize=100 响应时间为: 0.01s
[2018-03-25T16:18:14.937] [INFO] normal - GET /user/article/all/?page=1&pageSize=100 响应时间为: 0.019s
[2018-03-25T16:19:04.563] [INFO] normal - GET /user/article/all/?page=1&pageSize=100 响应时间为: 0.013s
[2018-03-25T16:19:06.592] [INFO] normal - GET /user/article/all/?page=1&pageSize=100 响应时间为: 0.008s
[2018-03-25T16:19:26.212] [INFO] normal - GET /user/article/all/?page=1&pageSize=100 响应时间为: 0.013s
[2018-03-25T16:21:03.850] [INFO] normal - GET /user/article/all/?page=1&pageSize=100 响应时间为: 0.008s
[2018-03-25T16:22:41.635] [INFO] normal - GET /user/article/all/?page=1&pageSize=100 响应时间为: 0.009s
[2018-03-25T16:22:45.308] [INFO] normal - GET /user/article/all/?page=1&pageSize=100 响应时间为: 0.014s
[2018-03-25T16:23:08.938] [INFO] normal - GET /user/article/all/?page=1&pageSize=100 响应时间为: 0.008s
[2018-03-25T16:25:46.043] [INFO] normal - GET /user/article/all/?page=1&pageSize=100 响应时间为: 0.02s
[2018-03-25T16:27:02.467] [INFO] normal - GET /user/article/all/?page=1&pageSize=100 响应时间为: 0.02s
[2018-03-25T16:27:15.272] [INFO] normal - GET /user/article/all/?page=1&pageSize=100 响应时间为: 0.006s
[2018-03-25T16:27:31.258] [INFO] normal - GET /user/article/all/?page=1&pageSize=100 响应时间为: 0.01s
[2018-03-25T16:27:43.632] [INFO] normal - GET /user/article/all/?page=1&pageSize=100 响应时间为: 0.006s
[2018-03-25T16:27:56.430] [INFO] normal - GET /user/article/all/?page=1&pageSize=100 响应时间为: 0.007s
[2018-03-25T16:28:13.233] [INFO] normal - GET /user/article/all/?page=1&pageSize=100 响应时间为: 0.007s
[2018-03-25T16:28:15.143] [INFO] normal - GET /user/article/all/?page=1&pageSize=100 响应时间为: 0.016s
[2018-03-25T16:28:17.170] [INFO] normal - GET /user/article/all/?page=1&pageSize=100 响应时间为: 0.006s
[2018-03-25T16:28:22.716] [INFO] normal - GET /user/article/all/?page=1&pageSize=100 响应时间为: 0.01s
[2018-03-25T16:28:39.499] [INFO] normal - GET /user/article/all/?page=1&pageSize=100 响应时间为: 0.006s
[2018-03-25T16:29:05.933] [INFO] normal - GET /user/article/all/?page=1&pageSize=100 响应时间为: 0.011s
[2018-03-25T16:29:08.744] [INFO] normal - GET /user/article/all/?page=1&pageSize=100 响应时间为: 0.007s
[2018-03-25T16:29:42.698] [INFO] normal - GET /user/article/all/?page=1&pageSize=100 响应时间为: 0.012s
[2018-03-25T16:35:28.097] [INFO] normal - GET /user/article/all/?page=1&pageSize=100 响应时间为: 0.013s
[2018-03-25T16:35:28.175] [INFO] normal - GET /user/article/all/?page=1&pageSize=100 响应时间为: 0.007s
[2018-03-25T16:35:30.341] [INFO] normal - GET /user/article/all/?page=1&pageSize=100 响应时间为: 0.01s
[2018-03-25T16:35:53.174] [INFO] normal - GET /user/article/all/?page=1&pageSize=100 响应时间为: 0.018s
[2018-03-25T16:36:01.286] [INFO] normal - GET /user/article/all/?page=1&pageSize=100 响应时间为: 0.005s
[2018-03-25T16:36:28.973] [INFO] normal - GET /user/article/all/?page=1&pageSize=100 响应时间为: 0.03s
[2018-03-25T16:37:17.852] [INFO] normal - GET /user/article/all/?page=1&pageSize=100 响应时间为: 0.012s
[2018-03-25T16:37:20.305] [INFO] normal - GET /user/article/all/?page=1&pageSize=100 响应时间为: 0.008s
[2018-03-25T16:42:32.330] [INFO] normal - GET /user/article/all/?page=1&pageSize=100 响应时间为: 0.019s
[2018-03-25T16:42:54.170] [INFO] normal - GET /user/article/all/?page=1&pageSize=100 响应时间为: 0.006s
[2018-03-25T16:43:57.343] [INFO] normal - GET /user/article/all/?page=1&pageSize=100 响应时间为: 0.006s
[2018-03-25T16:45:00.914] [INFO] normal - GET /user/article/all/?page=1&pageSize=100 响应时间为: 0.006s
[2018-03-25T16:47:25.771] [INFO] normal - GET /user/article/all/?page=1&pageSize=100 响应时间为: 0.015s
[2018-03-25T16:48:24.845] [INFO] normal - GET /user/article/all/?page=1&pageSize=100 响应时间为: 0.006s
[2018-03-25T16:48:41.578] [INFO] normal - GET /user/article/all/?page=1&pageSize=100 响应时间为: 0.009s
[2018-03-25T16:48:44.407] [INFO] normal - GET /user/article/all/?page=1&pageSize=100 响应时间为: 0.005s
[2018-03-25T16:49:54.214] [INFO] normal - GET /user/article/all/?page=1&pageSize=100 响应时间为: 0.008s
[2018-03-25T16:49:59.487] [INFO] normal - GET /user/article/all/?page=1&pageSize=100 响应时间为: 0.005s
[2018-03-25T16:50:11.386] [INFO] normal - GET /user/article/all/?page=1&pageSize=100 响应时间为: 0.007s
[2018-03-25T16:50:24.789] [INFO] normal - GET /user/article/all/?page=1&pageSize=100 响应时间为: 0.005s
[2018-03-25T16:50:28.000] [INFO] normal - GET /user/article/all/?page=1&pageSize=100 响应时间为: 0.007s
[2018-03-25T16:50:39.586] [INFO] normal - GET /user/article/all/?page=1&pageSize=100 响应时间为: 0.005s
[2018-03-25T16:50:41.503] [INFO] normal - GET /user/article/all/?page=1&pageSize=100 响应时间为: 0.007s
[2018-03-25T16:51:33.662] [INFO] normal - GET /user/article/all/?page=1&pageSize=100 响应时间为: 0.025s
[2018-03-25T16:51:35.013] [INFO] normal - GET /user/article/all/?page=1&pageSize=100 响应时间为: 0.011s
[2018-03-25T16:51:57.095] [INFO] normal - GET /user/article/all/?page=1&pageSize=100 响应时间为: 0.005s
[2018-03-25T16:51:59.283] [INFO] normal - GET /user/article/all/?page=1&pageSize=100 响应时间为: 0.008s
[2018-03-25T16:52:24.780] [INFO] normal - GET /user/article/all/?page=1&pageSize=100 响应时间为: 0.014s
[2018-03-25T16:52:26.577] [INFO] normal - GET /user/article/all/?page=1&pageSize=100 响应时间为: 0.011s
[2018-03-25T16:52:34.927] [INFO] normal - GET /user/article/all/?page=1&pageSize=100 响应时间为: 0.006s
[2018-03-25T16:52:48.237] [INFO] normal - GET /user/article/all/?page=1&pageSize=100 响应时间为: 0.006s
[2018-03-25T16:53:14.592] [INFO] normal - GET /user/article/all/?page=1&pageSize=100 响应时间为: 0.006s
[2018-03-25T16:53:59.964] [INFO] normal - GET /user/article/all/?page=1&pageSize=100 响应时间为: 0.009s
[2018-03-25T16:54:16.057] [INFO] normal - GET /user/article/all/?page=1&pageSize=100 响应时间为: 0.005s
[2018-03-25T16:54:29.575] [INFO] normal - GET /user/article/all/?page=1&pageSize=100 响应时间为: 0.008s
[2018-03-25T16:55:13.639] [INFO] normal - GET /user/article/all/?page=1&pageSize=100 响应时间为: 0.016s
[2018-03-25T16:55:39.332] [INFO] normal - GET /user/article/all/?page=1&pageSize=100 响应时间为: 0.007s
[2018-03-25T16:56:10.933] [INFO] normal - GET /user/article/all/?page=1&pageSize=100 响应时间为: 0.019s
[2018-03-25T16:56:33.971] [INFO] normal - GET /user/article/all/?page=1&pageSize=100 响应时间为: 0.006s
[2018-03-25T16:58:17.744] [INFO] normal - GET /user/article/all/?page=1&pageSize=100 响应时间为: 0.02s
[2018-03-25T16:58:27.045] [INFO] normal - GET /user/article/all/?page=1&pageSize=100 响应时间为: 0.007s
[2018-03-25T16:58:51.968] [INFO] normal - GET /user/article/all/?page=1&pageSize=100 响应时间为: 0.006s
[2018-03-25T16:59:16.067] [INFO] normal - GET /user/article/all/?page=1&pageSize=100 响应时间为: 0.011s
[2018-03-25T16:59:35.345] [INFO] normal - GET /user/article/all/?page=1&pageSize=100 响应时间为: 0.006s
[2018-03-25T16:59:56.795] [INFO] normal - GET /user/article/all/?page=1&pageSize=100 响应时间为: 0.006s
[2018-03-25T17:01:29.464] [INFO] normal - GET /user/article/all/?page=1&pageSize=100 响应时间为: 0.018s
[2018-03-25T17:01:47.682] [INFO] normal - GET /user/article/all/?page=1&pageSize=100 响应时间为: 0.006s
[2018-03-25T17:02:01.325] [INFO] normal - GET /user/article/all/?page=1&pageSize=100 响应时间为: 0.006s
[2018-03-25T17:02:05.034] [INFO] normal - GET /user/article/all/?page=1&pageSize=100 响应时间为: 0.005s
[2018-03-25T17:02:21.428] [INFO] normal - GET /user/article/all/?page=1&pageSize=100 响应时间为: 0.022s
[2018-03-25T17:02:23.152] [INFO] normal - GET /user/article/all/?page=1&pageSize=100 响应时间为: 0.006s
[2018-03-25T17:03:28.147] [INFO] normal - GET /user/article/all/?page=1&pageSize=100 响应时间为: 0.025s
[2018-03-25T17:03:52.362] [INFO] normal - GET /user/article/all/?page=1&pageSize=100 响应时间为: 0.008s
[2018-03-25T17:03:54.597] [INFO] normal - GET /user/article/all/?page=1&pageSize=100 响应时间为: 0.012s
[2018-03-25T17:04:22.569] [INFO] normal - GET /user/article/all/?page=1&pageSize=100 响应时间为: 0.025s
[2018-03-25T17:06:56.516] [INFO] normal - GET /user/article/all/?page=1&pageSize=100 响应时间为: 0.018s
[2018-03-25T17:07:27.411] [INFO] normal - GET /user/article/all/?page=1&pageSize=100 响应时间为: 0.027s
[2018-03-25T17:08:11.709] [INFO] normal - GET /user/article/all/?page=1&pageSize=100 响应时间为: 0.005s
[2018-03-25T17:08:15.051] [INFO] normal - GET /user/article/all/?page=1&pageSize=100 响应时间为: 0.012s
[2018-03-25T17:08:25.816] [INFO] normal - GET /user/article/all/?page=1&pageSize=100 响应时间为: 0.009s
[2018-03-25T17:08:51.786] [INFO] normal - GET /user/article/all/?page=1&pageSize=100 响应时间为: 0.01s
[2018-03-25T17:08:55.321] [INFO] normal - GET /user/article/all/?page=1&pageSize=100 响应时间为: 0.009s
[2018-03-25T17:09:01.291] [INFO] normal - GET /user/article/all/?page=1&pageSize=100 响应时间为: 0.007s
[2018-03-25T17:09:07.710] [INFO] normal - GET /user/article/all/?page=1&pageSize=100 响应时间为: 0.009s
[2018-03-25T17:10:14.870] [INFO] normal - GET /user/article/all/?page=1&pageSize=100 响应时间为: 0.006s
[2018-03-25T17:10:23.751] [INFO] normal - GET /user/article/all/?page=1&pageSize=100 响应时间为: 0.007s
[2018-03-25T17:10:43.675] [INFO] normal - GET /user/article/all/?page=1&pageSize=100 响应时间为: 0.016s
[2018-03-25T17:11:21.925] [INFO] normal - GET /user/article/all/?page=1&pageSize=100 响应时间为: 0.014s
[2018-03-25T17:11:23.962] [INFO] normal - GET /user/article/all/?page=1&pageSize=100 响应时间为: 0.01s
[2018-03-25T17:11:29.820] [INFO] normal - GET /user/article/all/?page=1&pageSize=100 响应时间为: 0.007s
[2018-03-25T17:11:48.354] [INFO] normal - GET /user/article/all/?page=1&pageSize=100 响应时间为: 0.007s
[2018-03-25T17:11:53.467] [INFO] normal - GET /user/article/all/?page=1&pageSize=100 响应时间为: 0.006s
[2018-03-25T17:12:38.527] [INFO] normal - GET /user/article/all/?page=1&pageSize=100 响应时间为: 0.012s
[2018-03-25T17:12:40.863] [INFO] normal - GET /user/article/all/?page=1&pageSize=100 响应时间为: 0.007s
[2018-03-25T17:12:47.310] [INFO] normal - GET /user/article/all/?page=1&pageSize=100 响应时间为: 0.019s
[2018-03-25T17:12:55.188] [INFO] normal - GET /user/article/all/?page=1&pageSize=100 响应时间为: 0.023s
[2018-03-25T17:13:24.897] [INFO] normal - GET /user/article/all/?page=1&pageSize=100 响应时间为: 0.01s
[2018-03-25T17:13:38.647] [INFO] normal - GET /user/article/all/?page=1&pageSize=100 响应时间为: 0.006s
[2018-03-25T17:15:48.769] [INFO] normal - GET /user/article/all/?page=1&pageSize=100 响应时间为: 0.018s
[2018-03-25T17:16:59.726] [INFO] normal - GET /user/article/all/?page=1&pageSize=100 响应时间为: 0.013s
[2018-03-25T17:17:09.731] [INFO] normal - GET /user/article/all/?page=1&pageSize=100 响应时间为: 0.01s
[2018-03-25T17:18:00.402] [INFO] normal - GET /user/article/all/?page=1&pageSize=100 响应时间为: 0.027s
[2018-03-25T17:18:14.748] [INFO] normal - GET /user/article/all/?page=1&pageSize=100 响应时间为: 0.005s
[2018-03-25T17:21:33.134] [INFO] normal - GET /user/article/all/?page=1&pageSize=100 响应时间为: 0.036s
[2018-03-25T17:21:55.126] [INFO] normal - GET /user/article/all/?page=1&pageSize=100 响应时间为: 0.016s
[2018-03-25T17:22:19.044] [INFO] normal - GET /user/article/all/?page=1&pageSize=100 响应时间为: 0.02s
[2018-03-25T17:22:20.456] [INFO] normal - GET /user/article/all/?page=1&pageSize=100 响应时间为: 0.012s
[2018-03-25T17:22:21.676] [INFO] normal - GET /user/article/all/?page=1&pageSize=100 响应时间为: 0.011s
[2018-03-25T17:22:22.919] [INFO] normal - GET /user/article/all/?page=1&pageSize=100 响应时间为: 0.006s
[2018-03-25T17:23:08.649] [INFO] normal - GET /user/article/all/?page=1&pageSize=100 响应时间为: 0.011s
[2018-03-25T17:23:14.345] [INFO] normal - GET /user/article/all/?page=1&pageSize=100 响应时间为: 0.01s
[2018-03-25T17:24:06.427] [INFO] normal - GET /user/article/all/?page=1&pageSize=100 响应时间为: 0.014s
[2018-03-25T17:24:21.020] [INFO] normal - GET /user/project/ 响应时间为: 0.015s
[2018-03-25T17:24:22.911] [INFO] normal - GET /user/project/ 响应时间为: 0.009s
[2018-03-25T17:24:27.256] [INFO] normal - GET /user/project/ 响应时间为: 0.006s
[2018-03-25T17:24:28.510] [INFO] normal - GET /user/project/ 响应时间为: 0.014s
[2018-03-25T17:24:30.806] [INFO] normal - GET /user/project/ 响应时间为: 0.015s
[2018-03-25T17:24:44.245] [INFO] normal - GET /user/project/ 响应时间为: 0.007s
[2018-03-25T17:26:41.473] [INFO] normal - GET /user/article/all/?page=1&pageSize=100 响应时间为: 0.014s
[2018-03-25T17:31:20.573] [INFO] normal - GET /user/article/all/?page=1&pageSize=100 响应时间为: 0.021s
[2018-03-25T17:31:45.066] [INFO] normal - GET /user/article/all/?page=1&pageSize=100 响应时间为: 0.005s
[2018-03-25T17:32:01.132] [INFO] normal - GET /user/article/all/?page=1&pageSize=100 响应时间为: 0.01s
[2018-03-25T17:32:49.755] [INFO] normal - GET /user/article/all/?page=1&pageSize=100 响应时间为: 0.014s
[2018-03-25T17:33:54.325] [INFO] normal - GET /user/article/all/?page=1&pageSize=100 响应时间为: 0.011s
[2018-03-25T17:33:56.848] [INFO] normal - GET /user/article/all/?page=1&pageSize=100 响应时间为: 0.005s
[2018-03-25T17:34:01.571] [INFO] normal - GET /user/article/all/?page=1&pageSize=100 响应时间为: 0.008s
[2018-03-25T17:34:04.821] [INFO] normal - GET /user/article/all/?page=1&pageSize=100 响应时间为: 0.011s
[2018-03-25T17:34:08.294] [INFO] normal - GET /user/article/all/?page=1&pageSize=100 响应时间为: 0.03s
[2018-03-25T17:34:10.414] [INFO] normal - GET /user/article/all/?page=1&pageSize=100 响应时间为: 0.012s
[2018-03-25T17:34:13.763] [INFO] normal - GET /user/article/all/?page=1&pageSize=100 响应时间为: 0.008s
[2018-03-25T17:34:16.748] [INFO] normal - GET /user/article/all/?page=1&pageSize=100 响应时间为: 0.008s
[2018-03-25T17:34:19.615] [INFO] normal - GET /user/article/all/?page=1&pageSize=100 响应时间为: 0.01s
[2018-03-25T17:34:32.334] [INFO] normal - GET /user/article/all/?page=1&pageSize=100 响应时间为: 0.016s
[2018-03-25T17:34:33.774] [INFO] normal - GET /user/article/all/?page=1&pageSize=100 响应时间为: 0.008s
[2018-03-25T17:34:35.094] [INFO] normal - GET /user/article/all/?page=1&pageSize=100 响应时间为: 0.02s
[2018-03-25T17:34:54.854] [INFO] normal - GET /user/article/all/?page=1&pageSize=100 响应时间为: 0.008s
[2018-03-25T17:35:09.621] [INFO] normal - GET /user/project/ 响应时间为: 0.014s
[2018-03-25T17:39:23.190] [INFO] normal - GET /user/article/all/?page=1&pageSize=100 响应时间为: 0.012s
[2018-03-25T18:58:36.778] [INFO] normal - GET /user/article/all/?page=1&pageSize=100 响应时间为: 0.738s
[2018-03-25T19:00:14.652] [INFO] normal - GET /user/article/all/?page=1&pageSize=100 响应时间为: 0.02s
[2018-03-25T19:01:26.157] [INFO] normal - GET /user/article/all/?page=1&pageSize=100 响应时间为: 0.024s
[2018-03-25T19:03:53.399] [INFO] normal - GET /user/article/all/?page=1&pageSize=100 响应时间为: 0.015s
[2018-03-25T19:05:45.044] [INFO] normal - GET /user/article/all/?page=1&pageSize=100 响应时间为: 0.098s
[2018-03-25T19:11:48.312] [INFO] normal - OPTIONS /article/new 响应时间为: 0.015s
[2018-03-25T19:11:48.434] [INFO] normal - POST /article/new 响应时间为: 0.101s
[2018-03-25T19:13:46.315] [INFO] normal - GET /user/article/5ab783f467ab9e78b66a127e 响应时间为: 0.058s
[2018-03-25T19:14:36.279] [INFO] normal - GET /user/article/5ab783f467ab9e78b66a127e 响应时间为: 0.011s
[2018-03-25T19:15:23.654] [INFO] normal - GET /user/article/5ab783f467ab9e78b66a127e 响应时间为: 0.026s
[2018-03-25T19:22:28.212] [INFO] normal - GET /user/article/5ab783f467ab9e78b66a127e 响应时间为: 0.027s
[2018-03-25T19:28:57.112] [INFO] normal - GET /user/article/5ab74f5989568c59dbb18ebf 响应时间为: 0.045s
[2018-03-25T19:29:07.737] [INFO] normal - GET /user/article/5ab74f5989568c59dbb18ebf 响应时间为: 0.007s
[2018-03-25T19:29:41.017] [INFO] normal - GET /user/article/5ab74f5989568c59dbb18ebf 响应时间为: 0.007s
[2018-03-25T19:30:17.534] [INFO] normal - GET /user/article/5ab74f4289568c59dbb18ebb 响应时间为: 0.007s
[2018-03-25T19:30:41.009] [INFO] normal - GET /user/article/5ab74f4289568c59dbb18ebb 响应时间为: 0.002s
[2018-03-25T19:38:52.294] [INFO] normal - OPTIONS /article/new 响应时间为: 0.043s
[2018-03-25T19:38:52.406] [INFO] normal - POST /article/new 响应时间为: 0.095s
[2018-03-25T19:39:12.479] [INFO] normal - GET /user/article/5ab783f467ab9e78b66a127e 响应时间为: 0.02s
[2018-03-25T19:40:59.549] [INFO] normal - OPTIONS /article/new 响应时间为: 0.019s
[2018-03-25T19:40:59.576] [INFO] normal - POST /article/new 响应时间为: 0.021s
[2018-03-25T19:41:37.094] [INFO] normal - GET /user/article/5ab78acbe0e55d7c00f474ac 响应时间为: 0.015s
[2018-03-25T19:42:59.809] [INFO] normal - GET /user/article/5ab78acbe0e55d7c00f474ac 响应时间为: 0.015s
[2018-03-25T19:44:24.881] [INFO] normal - GET /user/article/5ab78acbe0e55d7c00f474ac 响应时间为: 0.014s
[2018-03-25T19:48:01.172] [INFO] normal - GET /user/article/5ab78acbe0e55d7c00f474ac 响应时间为: 0.011s
[2018-03-25T19:55:16.611] [INFO] normal - GET /user/article/all/?page=1&pageSize=100 响应时间为: 0.066s
[2018-03-25T19:55:38.539] [INFO] normal - GET /user/article/all/?page=1&pageSize=100 响应时间为: 0.021s
[2018-03-25T19:56:36.133] [INFO] normal - GET /user/article/all/?page=1&pageSize=100 响应时间为: 0.032s
[2018-03-25T19:58:02.694] [INFO] normal - GET /user/article/all/?page=1&pageSize=100 响应时间为: 0.015s
[2018-03-25T19:58:06.969] [INFO] normal - GET /user/article/5ab78acbe0e55d7c00f474ac 响应时间为: 0.01s
[2018-03-25T19:58:21.348] [INFO] normal - GET /user/article/5ab78acbe0e55d7c00f474ac 响应时间为: 0.011s
[2018-03-25T19:59:03.575] [INFO] normal - GET /user/article/all/?page=1&pageSize=100 响应时间为: 0.012s
[2018-03-25T19:59:17.991] [INFO] normal - GET /user/project/ 响应时间为: 0.016s
[2018-03-25T19:59:21.903] [INFO] normal - GET /user/project/ 响应时间为: 0.006s
[2018-03-25T19:59:30.941] [INFO] normal - GET /user/article/5ab78acbe0e55d7c00f474ac 响应时间为: 0.003s
[2018-03-25T20:00:00.767] [INFO] normal - GET /user/project/ 响应时间为: 0.004s
[2018-03-25T20:00:18.117] [INFO] normal - GET /user/project/ 响应时间为: 0.003s
[2018-03-25T20:00:34.709] [INFO] normal - GET /user/article/all/?page=1&pageSize=100 响应时间为: 0.022s
[2018-03-25T20:00:55.888] [INFO] normal - GET /user/article/all/?page=1&pageSize=100 响应时间为: 0.011s
[2018-03-25T20:01:00.286] [INFO] normal - GET /user/project/ 响应时间为: 0.014s
[2018-03-25T20:01:09.151] [INFO] normal - GET /user/article/5ab78acbe0e55d7c00f474ac 响应时间为: 0.003s
[2018-03-25T20:02:30.275] [INFO] normal - GET /user/article/5ab78acbe0e55d7c00f474ac 响应时间为: 0.002s
[2018-03-25T20:03:44.846] [INFO] normal - GET /user/article/all/?page=1&pageSize=100 响应时间为: 0.042s
[2018-03-25T20:03:48.257] [INFO] normal - GET /user/project/ 响应时间为: 0.007s
[2018-03-25T20:04:53.717] [INFO] normal - GET /user/project/ 响应时间为: 0.028s
[2018-03-25T20:05:07.752] [INFO] normal - GET /user/project/ 响应时间为: 0.02s
[2018-03-25T20:05:18.239] [INFO] normal - GET /user/article/all/?page=1&pageSize=100 响应时间为: 0.017s
[2018-03-25T20:05:21.675] [INFO] normal - GET /user/project/ 响应时间为: 0.003s
[2018-03-25T20:05:23.748] [INFO] normal - GET /user/article/5ab78acbe0e55d7c00f474ac 响应时间为: 0.009s
[2018-03-25T20:05:37.837] [INFO] normal - GET /user/article/all/?page=1&pageSize=100 响应时间为: 0.011s
[2018-03-25T20:06:27.673] [INFO] normal - GET /user/article/all/?page=1&pageSize=100 响应时间为: 0.009s
[2018-03-25T20:06:45.746] [INFO] normal - GET /user/article/all/?page=1&pageSize=100 响应时间为: 0.009s
[2018-03-25T20:07:28.713] [INFO] normal - GET /user/article/all/?page=1&pageSize=100 响应时间为: 0.015s
[2018-03-25T20:07:31.196] [INFO] normal - GET /user/project/ 响应时间为: 0.006s
[2018-03-25T20:07:34.489] [INFO] normal - GET /user/project/ 响应时间为: 0.015s
[2018-03-25T20:08:45.663] [INFO] normal - GET /user/project/ 响应时间为: 0.02s
[2018-03-25T20:08:54.119] [INFO] normal - GET /user/project/ 响应时间为: 0.003s
[2018-03-25T20:13:05.463] [INFO] normal - GET /user/project/ 响应时间为: 0.015s
[2018-03-25T20:13:25.583] [INFO] normal - GET /user/article/all/?page=1&pageSize=100 响应时间为: 0.053s
[2018-03-25T20:13:26.673] [INFO] normal - GET /user/article/5ab78acbe0e55d7c00f474ac 响应时间为: 0.008s
[2018-03-25T20:23:46.996] [INFO] normal - GET /user/article/5ab78acbe0e55d7c00f474ac 响应时间为: 0.145s
[2018-03-25T20:24:49.251] [INFO] normal - GET /user/article/5ab78acbe0e55d7c00f474ac 响应时间为: 0.626s
[2018-03-25T20:24:49.416] [INFO] normal - GET /user/article/5ab78acbe0e55d7c00f474ac 响应时间为: 0.064s
[2018-03-25T20:25:54.639] [INFO] normal - GET /user/article/5ab78acbe0e55d7c00f474ac 响应时间为: 0.362s
[2018-03-25T20:26:39.720] [INFO] normal - GET /user/article/5ab78acbe0e55d7c00f474ac 响应时间为: 0.071s
[2018-03-25T20:28:07.794] [INFO] normal - GET /user/article/5ab78acbe0e55d7c00f474ac 响应时间为: 0.357s
[2018-03-25T20:28:51.435] [INFO] normal - GET /user/article/5ab78acbe0e55d7c00f474ac 响应时间为: 0.318s
[2018-03-25T20:29:42.467] [INFO] normal - GET /user/article/5ab78acbe0e55d7c00f474ac 响应时间为: 0.331s
[2018-03-25T20:33:58.511] [INFO] normal - GET /user/article/5ab78acbe0e55d7c00f474ac 响应时间为: 0.323s
[2018-03-25T20:35:23.907] [INFO] normal - GET /user/article/5ab78acbe0e55d7c00f474ac 响应时间为: 0.452s
[2018-03-25T20:36:09.857] [INFO] normal - GET /user/article/5ab78acbe0e55d7c00f474ac 响应时间为: 0.306s
[2018-03-25T20:43:31.990] [INFO] normal - OPTIONS /article/new 响应时间为: 0.236s
[2018-03-25T20:43:32.906] [INFO] normal - POST /article/new 响应时间为: 0.895s
[2018-03-25T20:44:37.803] [INFO] normal - GET /user/article/5ab7997419add28384b2ec97 响应时间为: 0.03s
[2018-03-25T20:45:03.623] [INFO] normal - GET /user/article/5ab7997419add28384b2ec97 响应时间为: 0.009s
[2018-03-25T20:45:23.429] [INFO] normal - GET /user/article/5ab78acbe0e55d7c00f474ac 响应时间为: 0.002s
[2018-03-25T20:45:37.867] [INFO] normal - GET /user/article/5ab7997419add28384b2ec97 响应时间为: 0.003s
[2018-03-25T20:46:13.359] [INFO] normal - GET /user/article/5ab7997419add28384b2ec97 响应时间为: 0.004s
[2018-03-25T20:46:45.679] [INFO] normal - GET /user/article/5ab7997419add28384b2ec97 响应时间为: 0.005s
[2018-03-25T20:48:42.174] [INFO] normal - GET /user/article/5ab7997419add28384b2ec97 响应时间为: 0.015s
[2018-03-25T20:51:46.367] [INFO] normal - GET /user/article/5ab7997419add28384b2ec97 响应时间为: 0.028s
[2018-03-25T20:52:29.379] [INFO] normal - GET /user/article/5ab7997419add28384b2ec97 响应时间为: 0.004s
[2018-03-25T20:52:46.098] [INFO] normal - GET /user/article/5ab7997419add28384b2ec97 响应时间为: 0.004s
[2018-03-25T20:53:06.637] [INFO] normal - GET /user/article/5ab7997419add28384b2ec97 响应时间为: 0.002s
[2018-03-25T20:53:26.267] [INFO] normal - GET /user/article/5ab7997419add28384b2ec97 响应时间为: 0.003s
[2018-03-25T20:54:40.844] [INFO] normal - GET /user/article/5ab7997419add28384b2ec97 响应时间为: 0.019s
[2018-03-25T20:57:52.088] [INFO] normal - OPTIONS /article/new 响应时间为: 0.008s
[2018-03-25T20:57:52.935] [INFO] normal - POST /article/new 响应时间为: 0.832s
[2018-03-25T20:58:19.124] [INFO] normal - GET /user/article/5ab79cd019add28384b2ec98 响应时间为: 0.008s
[2018-03-25T21:00:07.188] [INFO] normal - GET /user/article/5ab79cd019add28384b2ec98 响应时间为: 0.011s
[2018-03-25T21:02:44.907] [INFO] normal - GET /user/article/5ab79cd019add28384b2ec98 响应时间为: 0.017s
[2018-03-25T21:05:17.151] [INFO] normal - GET /user/article/5ab79cd019add28384b2ec98 响应时间为: 0.006s
[2018-03-25T21:08:55.611] [INFO] normal - GET /user/article/5ab79cd019add28384b2ec98 响应时间为: 0.016s
[2018-03-25T21:09:15.371] [INFO] normal - GET /user/article/5ab79cd019add28384b2ec98 响应时间为: 0.003s
[2018-03-25T21:09:28.531] [INFO] normal - GET /user/article/5ab79cd019add28384b2ec98 响应时间为: 0.01s
[2018-03-25T21:10:21.684] [INFO] normal - GET /user/article/5ab79cd019add28384b2ec98 响应时间为: 0.034s
[2018-03-25T21:15:06.381] [INFO] normal - GET /user/article/5ab79cd019add28384b2ec98 响应时间为: 0.016s
[2018-03-25T21:15:44.218] [INFO] normal - GET /user/article/5ab79cd019add28384b2ec98 响应时间为: 0.005s
[2018-03-25T21:16:26.274] [INFO] normal - GET /user/article/5ab79cd019add28384b2ec98 响应时间为: 0.016s
[2018-03-25T21:17:03.843] [INFO] normal - GET /user/article/5ab79cd019add28384b2ec98 响应时间为: 0.006s
[2018-03-25T21:17:58.734] [INFO] normal - GET /user/article/5ab79cd019add28384b2ec98 响应时间为: 0.007s
[2018-03-25T21:19:04.974] [INFO] normal - GET /user/article/5ab79cd019add28384b2ec98 响应时间为: 0.004s
[2018-03-25T21:21:18.715] [INFO] normal - GET /user/article/5ab79cd019add28384b2ec98 响应时间为: 0.01s
[2018-03-25T21:22:11.982] [INFO] normal - GET /user/article/5ab79cd019add28384b2ec98 响应时间为: 0.003s
[2018-03-25T21:22:45.065] [INFO] normal - GET /user/article/5ab79cd019add28384b2ec98 响应时间为: 0.004s
[2018-03-25T21:24:56.092] [INFO] normal - GET /user/article/5ab79cd019add28384b2ec98 响应时间为: 0.019s
[2018-03-25T21:24:59.288] [INFO] normal - GET /user/article/5ab79cd019add28384b2ec98 响应时间为: 0.004s
[2018-03-25T21:25:55.364] [INFO] normal - GET /user/article/5ab7997419add28384b2ec97 响应时间为: 0.004s
[2018-03-25T21:27:11.547] [INFO] normal - GET /user/article/5ab7997419add28384b2ec97 响应时间为: 0.005s
[2018-03-25T21:28:36.562] [INFO] normal - GET /user/article/5ab7997419add28384b2ec97 响应时间为: 0.01s
[2018-03-25T21:29:28.695] [INFO] normal - GET /user/article/5ab7997419add28384b2ec97 响应时间为: 0.003s
[2018-03-25T21:31:30.703] [INFO] normal - GET /user/article/5ab7997419add28384b2ec97 响应时间为: 0.004s
[2018-03-25T21:31:44.837] [INFO] normal - GET /user/article/5ab7997419add28384b2ec97 响应时间为: 0.007s
[2018-03-25T21:31:58.064] [INFO] normal - GET /user/article/5ab7997419add28384b2ec97 响应时间为: 0.015s
[2018-03-25T21:33:10.332] [INFO] normal - GET /user/article/5ab7997419add28384b2ec97 响应时间为: 0.006s
[2018-03-25T21:33:27.073] [INFO] normal - GET /user/article/5ab7997419add28384b2ec97 响应时间为: 0.006s
[2018-03-25T21:34:32.217] [INFO] normal - GET /user/article/5ab7997419add28384b2ec97 响应时间为: 0.004s
[2018-03-25T21:39:02.345] [INFO] normal - GET /user/article/5ab7997419add28384b2ec97 响应时间为: 0.014s
[2018-03-25T21:39:14.824] [INFO] normal - GET /user/article/5ab7997419add28384b2ec97 响应时间为: 0.003s
[2018-03-25T21:39:27.056] [INFO] normal - GET /user/article/5ab7997419add28384b2ec97 响应时间为: 0.004s
[2018-03-25T21:39:31.340] [INFO] normal - GET /user/article/5ab7997419add28384b2ec97 响应时间为: 0.005s
[2018-03-25T21:39:37.413] [INFO] normal - GET /user/article/5ab7997419add28384b2ec97 响应时间为: 0.005s
[2018-03-25T21:42:44.721] [INFO] normal - GET /user/article/all/?page=1&pageSize=100 响应时间为: 0.449s
[2018-03-25T21:44:21.796] [INFO] normal - GET /user/article/5ab7997419add28384b2ec97 响应时间为: 0.034s
[2018-03-25T21:50:33.632] [INFO] normal - GET /user/article/5ab7997419add28384b2ec97 响应时间为: 0.016s
[2018-03-25T22:32:36.277] [INFO] normal - GET /user/article/5ab7997419add28384b2ec97 响应时间为: 0.052s
[2018-03-25T22:33:41.368] [INFO] normal - GET /user/article/5ab7997419add28384b2ec97 响应时间为: 0.016s
[2018-03-25T22:34:41.732] [INFO] normal - GET /user/article/5ab7997419add28384b2ec97 响应时间为: 0.023s
[2018-03-25T22:38:49.963] [INFO] normal - GET /user/article/5ab7997419add28384b2ec97 响应时间为: 0.027s
[2018-03-25T22:39:02.763] [INFO] normal - GET /user/article/5ab7997419add28384b2ec97 响应时间为: 0.03s
[2018-03-25T22:39:16.802] [INFO] normal - GET /user/article/5ab7997419add28384b2ec97 响应时间为: 0.004s
[2018-03-25T22:39:36.030] [INFO] normal - GET /user/article/5ab7997419add28384b2ec97 响应时间为: 0.006s
[2018-03-25T22:39:40.110] [INFO] normal - GET /user/article/5ab7997419add28384b2ec97 响应时间为: 0.006s
[2018-03-25T22:39:44.338] [INFO] normal - GET /user/article/5ab7997419add28384b2ec97 响应时间为: 0.007s
[2018-03-25T22:41:10.324] [INFO] normal - GET /user/article/5ab7997419add28384b2ec97 响应时间为: 0.02s
[2018-03-25T22:42:23.306] [INFO] normal - GET /user/article/5ab7997419add28384b2ec97 响应时间为: 0.003s
[2018-03-25T22:51:26.030] [INFO] normal - GET /user/article/5ab7997419add28384b2ec97 响应时间为: 0.035s
[2018-03-25T22:51:58.955] [INFO] normal - GET /user/article/5ab7997419add28384b2ec97 响应时间为: 0.017s
[2018-03-25T22:52:27.955] [INFO] normal - GET /user/article/5ab7997419add28384b2ec97 响应时间为: 0.004s
[2018-03-25T22:53:18.692] [INFO] normal - GET /user/article/5ab7997419add28384b2ec97 响应时间为: 0.007s
[2018-03-25T22:53:58.885] [INFO] normal - GET /user/article/5ab7997419add28384b2ec97 响应时间为: 0.005s
[2018-03-25T22:54:12.250] [INFO] normal - GET /user/article/5ab7997419add28384b2ec97 响应时间为: 0.007s
[2018-03-25T22:54:56.188] [INFO] normal - GET /user/article/5ab7997419add28384b2ec97 响应时间为: 0.029s
[2018-03-25T22:55:09.397] [INFO] normal - GET /user/article/5ab7997419add28384b2ec97 响应时间为: 0.002s
