[2018-03-14T11:12:10.113] [INFO] normal - GET /test 响应时间为: 0.06s
[2018-03-14T11:16:18.847] [INFO] normal - GET /test 响应时间为: 167.898s
[2018-03-14T11:16:19.490] [INFO] normal - GET /test 响应时间为: 0.614s
[2018-03-14T11:16:19.826] [INFO] normal - GET /test 响应时间为: 0.334s
[2018-03-14T11:16:45.449] [INFO] normal - GET /test 响应时间为: 0.002s
[2018-03-14T11:16:59.280] [INFO] normal - GET /test 响应时间为: 4.278s
[2018-03-14T11:17:29.823] [INFO] normal - GET /test 响应时间为: 4.997s
[2018-03-14T11:18:16.777] [INFO] normal - POST /login 响应时间为: 7.21s
[2018-03-14T11:18:56.411] [INFO] normal - GET /test/get 响应时间为: 0.008s
[2018-03-14T11:20:54.457] [INFO] normal - GET /test 响应时间为: 17.122s
[2018-03-14T11:21:35.126] [INFO] normal - GET /test 响应时间为: 7.245s
[2018-03-14T11:22:01.270] [INFO] normal - GET /test 响应时间为: 22.423s
[2018-03-14T11:29:37.832] [INFO] normal - GET /test 响应时间为: 2.964s
[2018-03-14T11:45:50.371] [INFO] normal - GET /test 响应时间为: 0.044s
[2018-03-14T11:56:40.948] [INFO] normal - GET /test 响应时间为: 0.022s
[2018-03-14T11:57:09.720] [INFO] normal - GET /test 响应时间为: 0.01s
[2018-03-14T11:59:41.718] [INFO] normal - GET /test 响应时间为: 0.039s
[2018-03-14T11:59:53.703] [INFO] normal - GET /test 响应时间为: 0.044s
[2018-03-14T12:00:02.608] [INFO] normal - GET /test 响应时间为: 0.002s
[2018-03-14T12:01:42.240] [INFO] normal - GET /test 响应时间为: 7.119s
[2018-03-14T12:02:40.490] [INFO] normal - GET /test 响应时间为: 0.051s
[2018-03-14T12:02:56.878] [INFO] normal - GET /test 响应时间为: 0.046s
[2018-03-14T12:04:06.539] [INFO] normal - GET /test 响应时间为: 0.02s
[2018-03-14T12:08:36.682] [INFO] normal - GET /test 响应时间为: 0.03s
[2018-03-14T12:08:52.378] [INFO] normal - GET /test 响应时间为: 0.011s
[2018-03-14T12:17:47.333] [INFO] normal - GET /test 响应时间为: 0.021s
[2018-03-14T12:51:27.262] [INFO] normal - GET /test 响应时间为: 0.06s
[2018-03-14T20:36:13.159] [INFO] normal - GET /test 响应时间为: 0.048s
[2018-03-14T20:36:41.473] [INFO] normal - GET /test 响应时间为: 0.044s
[2018-03-14T20:36:49.080] [INFO] normal - GET /test 响应时间为: 0.002s
[2018-03-14T20:36:58.155] [INFO] normal - GET /test 响应时间为: 0.041s
[2018-03-14T20:37:26.594] [INFO] normal - GET /test 响应时间为: 0.001s
[2018-03-14T20:37:27.288] [INFO] normal - GET /test 响应时间为: 0.001s
[2018-03-14T20:37:27.477] [INFO] normal - GET /test 响应时间为: 0s
[2018-03-14T20:37:27.635] [INFO] normal - GET /test 响应时间为: 0.001s
[2018-03-14T20:37:27.793] [INFO] normal - GET /test 响应时间为: 0.001s
[2018-03-14T20:37:27.978] [INFO] normal - GET /test 响应时间为: 0.002s
[2018-03-14T20:37:34.606] [INFO] normal - GET /test 响应时间为: 0.041s
[2018-03-14T20:37:34.779] [INFO] normal - GET /test 响应时间为: 0.001s
[2018-03-14T20:37:34.981] [INFO] normal - GET /test 响应时间为: 0.001s
[2018-03-14T20:37:35.139] [INFO] normal - GET /test 响应时间为: 0.001s
[2018-03-14T20:37:35.319] [INFO] normal - GET /test 响应时间为: 0.001s
[2018-03-14T20:37:35.499] [INFO] normal - GET /test 响应时间为: 0s
[2018-03-14T20:37:35.691] [INFO] normal - GET /test 响应时间为: 0.001s
[2018-03-14T20:38:31.501] [INFO] normal - GET /test 响应时间为: 0.031s
[2018-03-14T20:38:32.098] [INFO] normal - GET /test 响应时间为: 0.001s
[2018-03-14T20:38:34.559] [INFO] normal - GET /test 响应时间为: 0.001s
[2018-03-14T20:38:35.304] [INFO] normal - GET /test 响应时间为: 0.001s
[2018-03-14T20:38:35.721] [INFO] normal - GET /test 响应时间为: 0.001s
[2018-03-14T20:38:36.135] [INFO] normal - GET /test 响应时间为: 0.001s
[2018-03-14T20:38:36.641] [INFO] normal - GET /test 响应时间为: 0.001s
[2018-03-14T20:38:37.486] [INFO] normal - GET /test 响应时间为: 0.001s
[2018-03-14T20:38:39.020] [INFO] normal - GET /test 响应时间为: 0.001s
[2018-03-14T20:38:42.593] [INFO] normal - GET /test 响应时间为: 0.001s
[2018-03-14T20:39:02.333] [INFO] normal - GET /test 响应时间为: 0.033s
[2018-03-14T20:39:03.004] [INFO] normal - GET /test 响应时间为: 0.003s
[2018-03-14T20:39:03.260] [INFO] normal - GET /test 响应时间为: 0.002s
[2018-03-14T20:39:03.473] [INFO] normal - GET /test 响应时间为: 0.001s
[2018-03-14T20:40:58.171] [INFO] normal - GET /test 响应时间为: 0.047s
[2018-03-14T20:40:58.853] [INFO] normal - GET /test 响应时间为: 0.001s
[2018-03-14T20:40:59.327] [INFO] normal - GET /test 响应时间为: 0.001s
[2018-03-14T20:40:59.506] [INFO] normal - GET /test 响应时间为: 0s
[2018-03-14T20:41:24.514] [INFO] normal - GET /test 响应时间为: 0.002s
[2018-03-14T20:41:25.174] [INFO] normal - GET /test 响应时间为: 0.001s
[2018-03-14T20:41:36.233] [INFO] normal - GET /test 响应时间为: 0.039s
[2018-03-14T20:41:37.078] [INFO] normal - GET /test 响应时间为: 0.002s
[2018-03-14T20:41:37.449] [INFO] normal - GET /test 响应时间为: 0.002s
[2018-03-14T20:41:37.658] [INFO] normal - GET /test 响应时间为: 0.001s
[2018-03-14T20:42:43.348] [INFO] normal - GET /test 响应时间为: 0.001s
[2018-03-14T20:51:30.790] [INFO] normal - GET /test 响应时间为: 0.001s
[2018-03-14T20:56:23.606] [INFO] normal - GET /test 响应时间为: 0.001s
[2018-03-14T22:08:13.574] [INFO] normal - OPTIONS /test 响应时间为: 0.014s
[2018-03-14T22:08:13.591] [INFO] normal - GET /test 响应时间为: 0.003s
[2018-03-14T22:09:43.904] [INFO] normal - OPTIONS /test 响应时间为: 0.003s
[2018-03-14T22:09:43.911] [INFO] normal - GET /test 响应时间为: 0.001s
[2018-03-14T22:09:47.746] [INFO] normal - GET /test 响应时间为: 0.003s
[2018-03-14T22:11:54.356] [INFO] normal - OPTIONS /test 响应时间为: 0.007s
[2018-03-14T22:11:54.363] [INFO] normal - GET /test 响应时间为: 0.001s
[2018-03-14T22:11:54.869] [INFO] normal - GET /test 响应时间为: 0.001s
[2018-03-14T22:11:55.027] [INFO] normal - GET /test 响应时间为: 0.001s
[2018-03-14T22:11:55.208] [INFO] normal - GET /test 响应时间为: 0.002s
[2018-03-14T22:11:55.374] [INFO] normal - GET /test 响应时间为: 0.001s
[2018-03-14T22:11:55.546] [INFO] normal - GET /test 响应时间为: 0.001s
[2018-03-14T22:11:55.690] [INFO] normal - GET /test 响应时间为: 0.001s
