[2018-03-29T00:10:49.266] [INFO] normal - GET /user/article/all/?page=1&pageSize=100 响应时间为: 0.02s
[2018-03-29T00:19:05.066] [INFO] normal - GET /user/article/all/?page=1&pageSize=100 响应时间为: 0.008s
[2018-03-29T00:20:58.337] [INFO] normal - GET /user/article/all/?page=1&pageSize=100 响应时间为: 0.022s
[2018-03-29T00:22:53.867] [INFO] normal - GET /user/article/5ab74ea089568c59dbb18eae 响应时间为: 0.025s
[2018-03-29T00:22:57.859] [INFO] normal - GET /user/article/5ab74ea089568c59dbb18eae 响应时间为: 0.005s
[2018-03-29T00:24:00.165] [INFO] normal - GET /user/article/all/?page=1&pageSize=100 响应时间为: 0.008s
[2018-03-29T00:24:27.410] [INFO] normal - GET /user/article/all/?page=1&pageSize=100 响应时间为: 0.01s
[2018-03-29T00:25:16.008] [INFO] normal - GET /user/article/all/?page=1&pageSize=100 响应时间为: 0.009s
[2018-03-29T00:25:19.446] [INFO] normal - GET /user/article/all/?page=1&pageSize=100 响应时间为: 0.008s
[2018-03-29T00:27:46.410] [INFO] normal - GET /user/article/all/?page=1&pageSize=100 响应时间为: 0.008s
[2018-03-29T09:15:08.365] [INFO] normal - GET /user/article/all/?page=1&pageSize=100 响应时间为: 0.048s
[2018-03-29T09:15:10.733] [INFO] normal - GET /user/article/all/?page=1&pageSize=100 响应时间为: 0.026s
[2018-03-29T09:15:21.544] [INFO] normal - GET /user/article/all/?page=1&pageSize=100 响应时间为: 0.029s
[2018-03-29T09:15:29.171] [INFO] normal - GET /user/project/ 响应时间为: 0.019s
[2018-03-29T09:15:31.210] [INFO] normal - GET /user/project/ 响应时间为: 0.003s
[2018-03-29T09:15:33.067] [INFO] normal - GET /user/project/ 响应时间为: 0.003s
[2018-03-29T09:15:36.351] [INFO] normal - GET /user/project/ 响应时间为: 0.003s
[2018-03-29T09:28:59.848] [INFO] normal - GET /user/project/ 响应时间为: 0.055s
[2018-03-29T09:29:46.225] [INFO] normal - GET /user/article/all/?page=1&pageSize=100 响应时间为: 0.028s
[2018-03-29T09:32:00.056] [INFO] normal - GET /user/project/ 响应时间为: 0.025s
[2018-03-29T09:33:31.183] [INFO] normal - GET /user/article/5ab74f5889568c59dbb18ebc 响应时间为: 0.027s
[2018-03-29T09:33:36.106] [INFO] normal - GET /user/article/5ab74f4089568c59dbb18eb8 响应时间为: 0.005s
[2018-03-29T09:33:44.338] [INFO] normal - GET /user/article/5ab74f5989568c59dbb18ebe 响应时间为: 0.03s
[2018-03-29T10:22:10.191] [INFO] normal - GET /user/article/5ab74f5989568c59dbb18ebe 响应时间为: 0.033s
[2018-03-29T10:23:20.053] [INFO] normal - GET /user/article/all/?page=1&pageSize=100 响应时间为: 0.121s
[2018-03-29T10:23:26.332] [INFO] normal - GET /user/project/ 响应时间为: 0.004s
[2018-03-29T12:16:38.322] [INFO] normal - GET /user/article/all/?page=1&pageSize=100 响应时间为: 0.136s
[2018-03-29T12:16:58.258] [INFO] normal - GET /user/article/all/?page=1&pageSize=100 响应时间为: 0.017s
[2018-03-29T12:18:23.171] [INFO] normal - GET /user/article/5ab74ea089568c59dbb18eae 响应时间为: 0.073s
[2018-03-29T12:19:11.728] [INFO] normal - GET /user/project/ 响应时间为: 0.02s
[2018-03-29T12:19:53.857] [INFO] normal - GET /user/project/ 响应时间为: 0.01s
[2018-03-29T12:20:02.185] [INFO] normal - GET /user/article/5ab74ed589568c59dbb18eb4 响应时间为: 0.011s
[2018-03-29T12:20:18.397] [INFO] normal - GET /user/project/ 响应时间为: 0.002s
[2018-03-29T12:20:24.971] [INFO] normal - GET /user/project/ 响应时间为: 0.008s
[2018-03-29T12:20:44.249] [INFO] normal - GET /user/article/5ab74f1189568c59dbb18eb6 响应时间为: 0.008s
[2018-03-29T12:21:00.950] [INFO] normal - GET /user/project/ 响应时间为: 0.003s
[2018-03-29T12:21:08.728] [INFO] normal - GET /user/article/5ab74eb689568c59dbb18eaf 响应时间为: 0.008s
[2018-03-29T12:21:25.251] [INFO] normal - OPTIONS /user/comment 响应时间为: 0.004s
[2018-03-29T12:21:25.592] [INFO] normal - POST /user/comment 响应时间为: 0.307s
[2018-03-29T12:21:31.994] [INFO] normal - GET /user/article/5ab74eb689568c59dbb18eaf 响应时间为: 0.005s
[2018-03-29T12:21:38.607] [INFO] normal - GET /user/article/all/?page=1&pageSize=100 响应时间为: 0.096s
[2018-03-29T12:21:39.413] [INFO] normal - GET /user/article/5ab74ea089568c59dbb18eae 响应时间为: 0.009s
[2018-03-29T12:21:45.464] [INFO] normal - GET /user/project/ 响应时间为: 0.006s
[2018-03-29T12:29:22.275] [INFO] normal - GET /user/article/all/?page=1&pageSize=100 响应时间为: 0.025s
[2018-03-29T12:29:30.844] [INFO] normal - GET /user/article/all/?page=1&pageSize=100 响应时间为: 0.012s
[2018-03-29T12:31:15.613] [INFO] normal - GET /user/article/all/?page=1&pageSize=100 响应时间为: 0.01s
[2018-03-29T12:32:08.513] [INFO] normal - GET /user/article/all/?page=1&pageSize=100 响应时间为: 0.011s
[2018-03-29T12:32:09.789] [INFO] normal - GET /user/article/all/?page=1&pageSize=100 响应时间为: 0.009s
[2018-03-29T12:32:13.065] [INFO] normal - GET /user/article/all/?page=1&pageSize=100 响应时间为: 0.018s
[2018-03-29T12:33:30.745] [INFO] normal - GET /user/article/all/?page=1&pageSize=100 响应时间为: 0.01s
[2018-03-29T12:33:31.958] [INFO] normal - GET /user/article/all/?page=1&pageSize=100 响应时间为: 0.007s
[2018-03-29T12:33:35.114] [INFO] normal - GET /user/article/all/?page=1&pageSize=100 响应时间为: 0.019s
[2018-03-29T12:33:36.829] [INFO] normal - GET /user/article/all/?page=1&pageSize=100 响应时间为: 0.024s
[2018-03-29T12:33:45.662] [INFO] normal - GET /user/article/all/?page=1&pageSize=100 响应时间为: 0.02s
[2018-03-29T12:33:46.655] [INFO] normal - GET /user/article/all/?page=1&pageSize=100 响应时间为: 0.008s
[2018-03-29T12:34:31.787] [INFO] normal - GET /user/project/ 响应时间为: 0.005s
[2018-03-29T12:36:10.662] [INFO] normal - GET /user/article/all/?page=1&pageSize=100 响应时间为: 0.014s
[2018-03-29T12:37:06.537] [INFO] normal - GET /user/article/all/?page=1&pageSize=100 响应时间为: 0.01s
[2018-03-29T12:37:07.747] [INFO] normal - GET /user/article/all/?page=1&pageSize=100 响应时间为: 0.008s
[2018-03-29T12:38:48.619] [INFO] normal - GET /user/article/all/?page=1&pageSize=100 响应时间为: 0.019s
[2018-03-29T12:38:53.576] [INFO] normal - GET /user/article/all/?page=1&pageSize=100 响应时间为: 0.009s
[2018-03-29T12:40:28.910] [INFO] normal - GET /user/article/all/?page=1&pageSize=100 响应时间为: 0.04s
[2018-03-29T12:42:08.849] [INFO] normal - GET /user/article/all/?page=1&pageSize=100 响应时间为: 0.009s
[2018-03-29T12:42:10.846] [INFO] normal - GET /user/article/all/?page=1&pageSize=100 响应时间为: 0.008s
[2018-03-29T12:49:31.240] [INFO] normal - GET /user/project/ 响应时间为: 0.04s
[2018-03-29T12:50:42.088] [INFO] normal - GET /user/project/ 响应时间为: 0.007s
[2018-03-29T12:50:46.751] [INFO] normal - GET /user/project/ 响应时间为: 0.007s
[2018-03-29T12:51:21.239] [INFO] normal - GET /user/project/ 响应时间为: 0.004s
[2018-03-29T12:51:28.580] [INFO] normal - GET /user/project/ 响应时间为: 0.002s
[2018-03-29T12:51:38.975] [INFO] normal - GET /user/project/ 响应时间为: 0.004s
[2018-03-29T12:51:40.459] [INFO] normal - GET /user/article/all/?page=1&pageSize=100 响应时间为: 0.052s
[2018-03-29T12:51:41.921] [INFO] normal - GET /user/article/all/?page=1&pageSize=100 响应时间为: 0.009s
[2018-03-29T12:51:44.789] [INFO] normal - GET /user/project/ 响应时间为: 0.002s
[2018-03-29T12:54:11.695] [INFO] normal - GET /user/project/ 响应时间为: 0.006s
[2018-03-29T12:54:15.374] [INFO] normal - GET /user/article/5ab74f5889568c59dbb18ebc 响应时间为: 0.023s
[2018-03-29T12:54:17.808] [INFO] normal - GET /user/article/5ab74f5989568c59dbb18ebe 响应时间为: 0.005s
[2018-03-29T12:54:21.117] [INFO] normal - GET /user/project/ 响应时间为: 0.005s
[2018-03-29T13:18:54.280] [INFO] normal - GET /user/project/ 响应时间为: 0.041s
[2018-03-29T13:19:34.629] [INFO] normal - GET /user/project/ 响应时间为: 0.016s
[2018-03-29T13:19:37.939] [INFO] normal - GET /user/project/ 响应时间为: 0.019s
[2018-03-29T13:19:41.248] [INFO] normal - GET /user/article/5ab74f1089568c59dbb18eb5 响应时间为: 0.078s
[2018-03-29T13:19:44.767] [INFO] normal - GET /user/article/5ab74f5989568c59dbb18ebe 响应时间为: 0.005s
[2018-03-29T13:19:45.903] [INFO] normal - GET /user/project/ 响应时间为: 0.004s
[2018-03-29T13:41:19.570] [INFO] normal - GET /user/article/all/?page=1&pageSize=100 响应时间为: 0.372s
[2018-03-29T14:54:28.762] [INFO] normal - OPTIONS /photo 响应时间为: 0.047s
[2018-03-29T15:10:31.781] [INFO] normal - OPTIONS /photo 响应时间为: 0.181s
[2018-03-29T15:10:48.026] [INFO] normal - OPTIONS /user/photo 响应时间为: 0.007s
[2018-03-29T15:10:48.140] [INFO] normal - POST /user/photo 响应时间为: 0.056s
[2018-03-29T15:11:23.666] [INFO] normal - OPTIONS /user/photo 响应时间为: 0.042s
[2018-03-29T15:11:23.685] [INFO] normal - POST /user/photo 响应时间为: 0.012s
[2018-03-29T15:11:30.265] [INFO] normal - OPTIONS /user/photo 响应时间为: 0.001s
[2018-03-29T15:11:30.274] [INFO] normal - POST /user/photo 响应时间为: 0.002s
[2018-03-29T15:11:44.128] [INFO] normal - OPTIONS /user/photo 响应时间为: 0.027s
[2018-03-29T15:11:44.156] [INFO] normal - POST /user/photo 响应时间为: 0.017s
[2018-03-29T15:20:40.877] [INFO] normal - OPTIONS /user/photo 响应时间为: 0.105s
[2018-03-29T15:20:41.286] [INFO] normal - POST /user/photo 响应时间为: 0.399s
[2018-03-29T15:21:02.820] [INFO] normal - OPTIONS /user/photo 响应时间为: 0.002s
[2018-03-29T15:21:02.841] [INFO] normal - POST /user/photo 响应时间为: 0.007s
[2018-03-29T15:21:15.290] [INFO] normal - OPTIONS /user/photo 响应时间为: 0.002s
[2018-03-29T15:21:15.297] [INFO] normal - POST /user/photo 响应时间为: 0.003s
[2018-03-29T15:21:38.247] [INFO] normal - OPTIONS /user/photo 响应时间为: 0.001s
[2018-03-29T15:21:38.255] [INFO] normal - POST /user/photo 响应时间为: 0.003s
[2018-03-29T15:21:44.955] [INFO] normal - OPTIONS /user/photo 响应时间为: 0.001s
[2018-03-29T15:21:44.965] [INFO] normal - POST /user/photo 响应时间为: 0.003s
[2018-03-29T15:41:09.558] [INFO] normal - OPTIONS /user/photo 响应时间为: 0.013s
[2018-03-29T15:41:09.595] [INFO] normal - POST /user/photo 响应时间为: 0.02s
[2018-03-29T16:01:34.574] [INFO] normal - GET /user/photo 响应时间为: 0.084s
[2018-03-29T16:02:08.799] [INFO] normal - GET /user/photo 响应时间为: 0.014s
[2018-03-29T16:02:27.327] [INFO] normal - GET /user/photo 响应时间为: 0.096s
[2018-03-29T16:03:07.013] [INFO] normal - GET /user/photo 响应时间为: 0.013s
[2018-03-29T16:03:08.610] [INFO] normal - GET /user/photo 响应时间为: 0.004s
[2018-03-29T16:03:21.497] [INFO] normal - GET /user/photo 响应时间为: 0.003s
[2018-03-29T16:03:31.232] [INFO] normal - GET /user/photo 响应时间为: 0.005s
[2018-03-29T16:03:48.826] [INFO] normal - GET /user/photo 响应时间为: 0.004s
[2018-03-29T16:04:10.285] [INFO] normal - GET /user/photo 响应时间为: 0.004s
[2018-03-29T16:11:07.871] [INFO] normal - GET /user/photo 响应时间为: 0.016s
[2018-03-29T16:11:09.145] [INFO] normal - GET /user/photo 响应时间为: 0.005s
[2018-03-29T16:12:02.159] [INFO] normal - GET /user/photo 响应时间为: 0.012s
[2018-03-29T16:12:08.590] [INFO] normal - GET /user/photo 响应时间为: 0.003s
[2018-03-29T18:07:05.095] [INFO] normal - GET /user/photo 响应时间为: 0.25s
[2018-03-29T18:07:56.544] [INFO] normal - GET /user/photo 响应时间为: 0.047s
[2018-03-29T18:11:31.890] [INFO] normal - GET /user/photo 响应时间为: 0.023s
[2018-03-29T18:11:33.694] [INFO] normal - GET /user/photo 响应时间为: 0.004s
[2018-03-29T18:11:48.170] [INFO] normal - GET /user/photo 响应时间为: 0.009s
[2018-03-29T18:11:56.451] [INFO] normal - GET /user/photo 响应时间为: 0.003s
[2018-03-29T18:44:40.528] [INFO] normal - GET /user/photo 响应时间为: 0.032s
[2018-03-29T18:44:58.189] [INFO] normal - GET /user/photo 响应时间为: 0.003s
[2018-03-29T18:45:18.755] [INFO] normal - GET /user/photo 响应时间为: 0.006s
[2018-03-29T18:46:49.006] [INFO] normal - GET /user/photo 响应时间为: 0.015s
[2018-03-29T18:46:55.033] [INFO] normal - GET /user/photo 响应时间为: 0.004s
[2018-03-29T18:47:38.199] [INFO] normal - GET /user/photo 响应时间为: 0.007s
[2018-03-29T18:47:39.460] [INFO] normal - GET /user/photo 响应时间为: 0.004s
[2018-03-29T18:48:10.975] [INFO] normal - GET /user/photo 响应时间为: 0.015s
[2018-03-29T18:48:13.109] [INFO] normal - GET /user/photo 响应时间为: 0.003s
[2018-03-29T18:48:14.262] [INFO] normal - GET /user/photo 响应时间为: 0.003s
[2018-03-29T18:52:06.015] [INFO] normal - GET /user/photo 响应时间为: 0.02s
[2018-03-29T19:01:40.016] [INFO] normal - GET /user/photo 响应时间为: 0.031s
[2018-03-29T19:01:42.779] [INFO] normal - GET /user/photo 响应时间为: 0.003s
[2018-03-29T19:02:22.834] [INFO] normal - GET /user/photo 响应时间为: 0.003s
[2018-03-29T19:03:28.938] [INFO] normal - GET /user/photo 响应时间为: 0.007s
[2018-03-29T19:03:37.083] [INFO] normal - GET /user/photo 响应时间为: 0.006s
[2018-03-29T19:03:39.124] [INFO] normal - GET /user/photo 响应时间为: 0.006s
[2018-03-29T19:06:55.173] [INFO] normal - GET /user/photo 响应时间为: 0.006s
[2018-03-29T19:07:25.630] [INFO] normal - GET /user/photo 响应时间为: 0.012s
[2018-03-29T19:07:28.592] [INFO] normal - GET /user/photo 响应时间为: 0.004s
[2018-03-29T19:07:31.037] [INFO] normal - GET /user/photo 响应时间为: 0.003s
[2018-03-29T19:07:52.151] [INFO] normal - GET /user/photo 响应时间为: 0.004s
[2018-03-29T19:08:02.339] [INFO] normal - GET /user/photo 响应时间为: 0.007s
[2018-03-29T19:11:03.942] [INFO] normal - GET /user/photo 响应时间为: 0.052s
[2018-03-29T19:12:04.713] [INFO] normal - GET /user/photo 响应时间为: 0.005s
[2018-03-29T19:15:33.487] [INFO] normal - GET /user/photo 响应时间为: 0.005s
[2018-03-29T19:21:43.515] [INFO] normal - GET /user/photo 响应时间为: 0.035s
[2018-03-29T19:21:47.283] [INFO] normal - GET /user/article/all/?page=1&pageSize=100 响应时间为: 0.578s
[2018-03-29T19:21:49.400] [INFO] normal - GET /user/article/5ab74eb689568c59dbb18eb0 响应时间为: 0.099s
[2018-03-29T19:23:38.817] [INFO] normal - GET /user/article/5ab74eb689568c59dbb18eb0 响应时间为: 0.025s
[2018-03-29T19:24:09.396] [INFO] normal - GET /user/article/5ab74f1089568c59dbb18eb5 响应时间为: 0.079s
[2018-03-29T19:24:29.923] [INFO] normal - GET /user/article/5ab74f1089568c59dbb18eb5 响应时间为: 0.006s
[2018-03-29T19:31:19.226] [INFO] normal - GET /user/article/all/?page=1&pageSize=100 响应时间为: 0.048s
[2018-03-29T19:34:29.342] [INFO] normal - GET /user/article/all/?page=1&pageSize=100 响应时间为: 0.022s
[2018-03-29T19:34:31.122] [INFO] normal - GET /user/article/all/?page=1&pageSize=100 响应时间为: 0.02s
[2018-03-29T19:34:39.726] [INFO] normal - GET /user/article/5ab74ea089568c59dbb18eae 响应时间为: 0.022s
[2018-03-29T19:35:16.684] [INFO] normal - GET /user/article/all/?page=1&pageSize=100 响应时间为: 0.022s
[2018-03-29T19:35:17.930] [INFO] normal - GET /user/article/5ab74eb689568c59dbb18eaf 响应时间为: 0.006s
[2018-03-29T19:38:45.984] [INFO] normal - GET /user/photo 响应时间为: 0.016s
[2018-03-29T19:39:45.942] [INFO] normal - GET /user/photo 响应时间为: 0.003s
[2018-03-29T19:39:51.288] [INFO] normal - GET /user/photo 响应时间为: 0.007s
[2018-03-29T19:41:06.814] [INFO] normal - GET /user/photo 响应时间为: 0.014s
[2018-03-29T19:42:14.891] [INFO] normal - GET /user/photo 响应时间为: 0.008s
[2018-03-29T19:43:02.262] [INFO] normal - GET /user/photo 响应时间为: 0.006s
[2018-03-29T19:43:05.540] [INFO] normal - GET /user/photo 响应时间为: 0.022s
[2018-03-29T19:43:07.617] [INFO] normal - GET /user/article/all/?page=1&pageSize=100 响应时间为: 0.032s
[2018-03-29T19:47:26.807] [INFO] normal - GET /user/article/all/?page=1&pageSize=100 响应时间为: 0.037s
[2018-03-29T19:58:09.169] [INFO] normal - GET /user/project/ 响应时间为: 0.046s
[2018-03-29T20:01:07.309] [INFO] normal - GET /user/photo 响应时间为: 0.015s
[2018-03-29T20:01:09.010] [INFO] normal - GET /user/project/ 响应时间为: 0.007s
[2018-03-29T20:01:13.679] [INFO] normal - GET /user/photo 响应时间为: 0.004s
[2018-03-29T20:02:54.542] [INFO] normal - GET /user/project/ 响应时间为: 0.01s
[2018-03-29T20:15:03.775] [INFO] normal - GET /user/project/ 响应时间为: 0.043s
[2018-03-29T20:15:08.921] [INFO] normal - GET /user/project/ 响应时间为: 0.057s
[2018-03-29T20:15:15.044] [INFO] normal - GET /user/photo 响应时间为: 0.009s
[2018-03-29T20:15:15.881] [INFO] normal - GET /user/project/ 响应时间为: 0.003s
[2018-03-29T20:15:19.698] [INFO] normal - GET /user/project/ 响应时间为: 0.002s
[2018-03-29T20:15:25.340] [INFO] normal - GET /user/article/5ab74f5889568c59dbb18ebd 响应时间为: 0.021s
[2018-03-29T20:15:32.327] [INFO] normal - GET /user/article/5ab783f467ab9e78b66a127e 响应时间为: 0.007s
[2018-03-29T20:15:54.143] [INFO] normal - OPTIONS /user/comment 响应时间为: 0.014s
[2018-03-29T20:15:54.519] [INFO] normal - POST /user/comment 响应时间为: 0.355s
[2018-03-29T20:18:46.217] [INFO] normal - GET /user/article/5ab783f467ab9e78b66a127e 响应时间为: 0.01s
[2018-03-29T20:18:46.554] [INFO] normal - GET /user/article/5ab783f467ab9e78b66a127e 响应时间为: 0.003s
[2018-03-29T20:18:48.569] [INFO] normal - GET /user/project/ 响应时间为: 0.005s
[2018-03-29T20:19:48.160] [INFO] normal - GET /user/project/ 响应时间为: 0.003s
[2018-03-29T20:19:55.434] [INFO] normal - GET /user/photo 响应时间为: 0.004s
[2018-03-29T20:30:26.188] [INFO] normal - GET /user/photo 响应时间为: 0.114s
[2018-03-29T20:30:39.464] [INFO] normal - GET /user/photo 响应时间为: 0.011s
[2018-03-29T20:30:42.526] [INFO] normal - GET /user/photo 响应时间为: 0.002s
[2018-03-29T20:31:38.289] [INFO] normal - GET /user/photo 响应时间为: 0.002s
[2018-03-29T20:32:01.680] [INFO] normal - GET /user/photo 响应时间为: 0.011s
[2018-03-29T20:32:02.980] [INFO] normal - GET /user/article/all/?page=1&pageSize=100 响应时间为: 0.069s
[2018-03-29T20:32:04.083] [INFO] normal - GET /user/project/ 响应时间为: 0.006s
[2018-03-29T20:32:06.024] [INFO] normal - GET /user/project/ 响应时间为: 0.005s
[2018-03-29T20:32:07.083] [INFO] normal - GET /user/photo 响应时间为: 0.003s
[2018-03-29T20:32:51.995] [INFO] normal - GET /user/project/ 响应时间为: 0.006s
[2018-03-29T20:35:09.917] [INFO] normal - GET /user/article/all/?page=1&pageSize=100 响应时间为: 0.032s
[2018-03-29T20:35:16.862] [INFO] normal - GET /user/photo 响应时间为: 0.003s
[2018-03-29T20:35:17.638] [INFO] normal - GET /user/project/ 响应时间为: 0.003s
[2018-03-29T20:35:21.104] [INFO] normal - GET /user/project/ 响应时间为: 0.003s
[2018-03-29T20:35:21.543] [INFO] normal - GET /user/photo 响应时间为: 0.002s
[2018-03-29T20:35:22.199] [INFO] normal - GET /user/project/ 响应时间为: 0.004s
[2018-03-29T20:35:23.199] [INFO] normal - GET /user/project/ 响应时间为: 0.006s
[2018-03-29T20:36:17.411] [INFO] normal - GET /user/photo 响应时间为: 0.024s
[2018-03-29T20:36:19.365] [INFO] normal - GET /user/photo 响应时间为: 0.003s
[2018-03-29T20:36:37.840] [INFO] normal - GET /user/photo 响应时间为: 0.003s
[2018-03-29T20:37:32.568] [INFO] normal - GET /user/article/all/?page=1&pageSize=100 响应时间为: 0.042s
[2018-03-29T20:38:26.796] [INFO] normal - GET /user/photo 响应时间为: 0.004s
[2018-03-29T20:39:10.320] [INFO] normal - GET /user/photo 响应时间为: 0.031s
[2018-03-29T20:39:18.477] [INFO] normal - GET /user/photo 响应时间为: 0.003s
[2018-03-29T20:39:19.901] [INFO] normal - GET /user/photo 响应时间为: 0.003s
[2018-03-29T20:39:32.059] [INFO] normal - GET /user/photo 响应时间为: 0.004s
[2018-03-29T20:39:41.702] [INFO] normal - GET /user/photo 响应时间为: 0.003s
[2018-03-29T20:39:49.616] [INFO] normal - GET /user/photo 响应时间为: 0.003s
[2018-03-29T20:39:50.472] [INFO] normal - GET /user/project/ 响应时间为: 0.017s
[2018-03-29T20:39:51.470] [INFO] normal - GET /user/article/all/?page=1&pageSize=100 响应时间为: 0.029s
[2018-03-29T20:39:52.430] [INFO] normal - GET /user/project/ 响应时间为: 0.014s
[2018-03-29T20:39:56.337] [INFO] normal - GET /user/article/5ab74eb689568c59dbb18eaf 响应时间为: 0.022s
[2018-03-29T20:40:15.122] [INFO] normal - GET /user/article/5ab74eb689568c59dbb18eaf 响应时间为: 0.005s
[2018-03-29T20:40:18.089] [INFO] normal - GET /user/article/5ab74eb689568c59dbb18eaf 响应时间为: 0.004s
[2018-03-29T20:40:20.117] [INFO] normal - GET /user/article/all/?page=1&pageSize=100 响应时间为: 0.015s
[2018-03-29T20:40:23.842] [INFO] normal - GET /user/article/5ab74f1089568c59dbb18eb5 响应时间为: 0.015s
[2018-03-29T20:40:39.626] [INFO] normal - GET /user/article/5ab74f1089568c59dbb18eb5 响应时间为: 0.012s
[2018-03-29T20:40:58.030] [INFO] normal - GET /user/article/5ab74f1089568c59dbb18eb5 响应时间为: 0.009s
[2018-03-29T20:41:01.930] [INFO] normal - GET /user/article/5ab74eb689568c59dbb18eaf 响应时间为: 0.006s
[2018-03-29T20:41:03.938] [INFO] normal - GET /user/project/ 响应时间为: 0.004s
[2018-03-29T20:41:05.125] [INFO] normal - GET /user/project/ 响应时间为: 0.01s
[2018-03-29T20:41:07.974] [INFO] normal - GET /user/photo 响应时间为: 0.004s
[2018-03-29T20:41:08.510] [INFO] normal - GET /user/project/ 响应时间为: 0.003s
[2018-03-29T20:42:00.183] [INFO] normal - GET /user/photo 响应时间为: 0.007s
[2018-03-29T20:42:00.793] [INFO] normal - GET /user/project/ 响应时间为: 0.003s
[2018-03-29T20:42:19.344] [INFO] normal - GET /user/photo 响应时间为: 0.008s
[2018-03-29T20:42:26.924] [INFO] normal - GET /user/article/5ab74eb689568c59dbb18eaf 响应时间为: 0.01s
[2018-03-29T20:42:28.416] [INFO] normal - GET /user/article/5ab74eb689568c59dbb18eb0 响应时间为: 0.004s
[2018-03-29T20:42:53.634] [INFO] normal - GET /user/photo 响应时间为: 0.007s
[2018-03-29T20:42:57.665] [INFO] normal - GET /user/photo 响应时间为: 0.006s
[2018-03-29T20:42:58.322] [INFO] normal - GET /user/project/ 响应时间为: 0.007s
[2018-03-29T20:49:33.991] [INFO] normal - GET /user/project/ 响应时间为: 0.055s
[2018-03-29T20:50:07.573] [INFO] normal - GET /user/project/ 响应时间为: 0.003s
[2018-03-29T20:50:08.314] [INFO] normal - GET /user/photo 响应时间为: 0.009s
[2018-03-29T20:51:03.690] [INFO] normal - GET /user/article/all/?page=1&pageSize=100 响应时间为: 0.032s
[2018-03-29T20:51:40.823] [INFO] normal - GET /user/article/all/?page=1&pageSize=100 响应时间为: 0.017s
[2018-03-29T20:51:44.274] [INFO] normal - GET /user/project/ 响应时间为: 0.003s
[2018-03-29T20:51:45.720] [INFO] normal - GET /user/photo 响应时间为: 0.003s
[2018-03-29T20:52:56.224] [INFO] normal - GET /user/photo 响应时间为: 0.094s
[2018-03-29T20:52:57.606] [INFO] normal - GET /user/project/ 响应时间为: 0.006s
[2018-03-29T20:53:53.121] [INFO] normal - GET /user/project/ 响应时间为: 0.004s
[2018-03-29T20:54:20.265] [INFO] normal - GET /user/article/all/?page=1&pageSize=100 响应时间为: 0.036s
[2018-03-29T20:54:26.147] [INFO] normal - GET /user/photo 响应时间为: 0.002s
[2018-03-29T20:54:27.067] [INFO] normal - GET /user/project/ 响应时间为: 0.005s
[2018-03-29T20:55:40.060] [INFO] normal - GET /user/article/all/?page=1&pageSize=100 响应时间为: 0.109s
[2018-03-29T20:55:43.172] [INFO] normal - GET /user/project/ 响应时间为: 0.012s
[2018-03-29T21:25:31.485] [INFO] normal - GET /user/article/5ab74ed389568c59dbb18eb2 响应时间为: 0.289s
[2018-03-29T21:25:43.541] [INFO] normal - OPTIONS /user/comment 响应时间为: 0.001s
[2018-03-29T21:26:26.675] [INFO] normal - OPTIONS /user/comment 响应时间为: 0.034s
[2018-03-29T21:26:26.896] [INFO] normal - POST /user/comment 响应时间为: 0.213s
[2018-03-29T21:26:55.513] [INFO] normal - OPTIONS /user/comment 响应时间为: 0.009s
[2018-03-29T21:26:55.642] [INFO] normal - POST /user/comment 响应时间为: 0.11s
[2018-03-29T21:27:02.998] [INFO] normal - OPTIONS /user/comment 响应时间为: 0.001s
[2018-03-29T21:27:03.012] [INFO] normal - POST /user/comment 响应时间为: 0.007s
[2018-03-29T21:27:17.586] [INFO] normal - OPTIONS /user/comment 响应时间为: 0.001s
[2018-03-29T21:27:17.623] [INFO] normal - POST /user/comment 响应时间为: 0.014s
