[2018-03-24T09:25:35.056] [INFO] normal - OPTIONS /comment 响应时间为: 0.063s
[2018-03-24T09:25:35.419] [INFO] normal - POST /comment 响应时间为: 0.345s
[2018-03-24T09:25:38.545] [INFO] normal - POST /comment 响应时间为: 0.041s
[2018-03-24T09:26:55.977] [INFO] normal - OPTIONS /article/new 响应时间为: 0.017s
[2018-03-24T09:26:56.175] [INFO] normal - POST /article/new 响应时间为: 0.188s
[2018-03-24T09:27:22.632] [INFO] normal - OPTIONS /comment 响应时间为: 0.009s
[2018-03-24T09:27:22.698] [INFO] normal - POST /comment 响应时间为: 0.061s
[2018-03-24T09:27:29.576] [INFO] normal - OPTIONS /comment 响应时间为: 0.001s
[2018-03-24T09:27:29.589] [INFO] normal - POST /comment 响应时间为: 0.008s
[2018-03-24T09:27:38.831] [INFO] normal - GET /article/5ab5a95f58c354d9b75c1605 响应时间为: 0.024s
[2018-03-24T09:29:16.333] [INFO] normal - GET /article/5ab5a95f58c354d9b75c1605 响应时间为: 0.106s
[2018-03-24T09:30:00.937] [INFO] normal - GET /article/all/?page=1&pageSize=10 响应时间为: 0.072s
[2018-03-24T09:44:28.834] [INFO] normal - OPTIONS /comment 响应时间为: 0.099s
[2018-03-24T09:44:29.010] [INFO] normal - POST /comment 响应时间为: 0.165s
[2018-03-24T09:44:34.905] [INFO] normal - OPTIONS /comment 响应时间为: 0.005s
[2018-03-24T09:44:34.934] [INFO] normal - POST /comment 响应时间为: 0.009s
[2018-03-24T09:44:35.693] [INFO] normal - POST /comment 响应时间为: 0.004s
[2018-03-24T09:47:49.743] [INFO] normal - GET /comment 响应时间为: 0.068s
[2018-03-24T12:26:43.725] [INFO] normal - GET /project 响应时间为: 0.071s
[2018-03-24T12:26:55.963] [INFO] normal - GET /project 响应时间为: 0.084s
[2018-03-24T12:27:50.207] [INFO] normal - GET /project 响应时间为: 0.066s
[2018-03-24T12:28:08.105] [INFO] normal - GET /project 响应时间为: 0.043s
[2018-03-24T12:29:57.251] [INFO] normal - GET /project 响应时间为: 0.14s
[2018-03-24T12:30:28.420] [INFO] normal - GET /project 响应时间为: 0.071s
[2018-03-24T12:32:35.608] [INFO] normal - GET /project 响应时间为: 0.325s
[2018-03-24T12:58:37.746] [INFO] normal - GET /project 响应时间为: 96.125s
[2018-03-24T13:14:39.023] [INFO] normal - GET /project 响应时间为: 1.688s
[2018-03-24T13:14:56.147] [INFO] normal - GET /project 响应时间为: 1.747s
[2018-03-24T13:14:59.073] [INFO] normal - GET /project 响应时间为: 2.199s
[2018-03-24T13:15:01.934] [INFO] normal - GET /project 响应时间为: 2.169s
[2018-03-24T13:15:04.335] [INFO] normal - GET /project 响应时间为: 1.948s
[2018-03-24T13:23:11.428] [INFO] normal - OPTIONS /project 响应时间为: 0.048s
[2018-03-24T13:23:13.140] [INFO] normal - POST /project 响应时间为: 1.7s
[2018-03-24T13:23:53.068] [INFO] normal - OPTIONS /project 响应时间为: 0.005s
[2018-03-24T13:27:30.228] [INFO] normal - OPTIONS /project 响应时间为: 0.168s
[2018-03-24T13:27:52.437] [INFO] normal - OPTIONS /project 响应时间为: 0.024s
[2018-03-24T13:28:23.475] [INFO] normal - OPTIONS /project 响应时间为: 0.06s
[2018-03-24T13:29:38.829] [INFO] normal - OPTIONS /project 响应时间为: 0.107s
[2018-03-24T13:29:56.061] [INFO] normal - OPTIONS /project 响应时间为: 0.055s
[2018-03-24T13:30:25.654] [INFO] normal - OPTIONS /project 响应时间为: 0.03s
[2018-03-24T14:00:07.288] [INFO] normal - OPTIONS /project 响应时间为: 0.092s
[2018-03-24T14:00:17.019] [INFO] normal - OPTIONS /project 响应时间为: 0.021s
[2018-03-24T14:00:28.348] [INFO] normal - OPTIONS /project 响应时间为: 0.021s
[2018-03-24T14:01:28.284] [INFO] normal - OPTIONS /project 响应时间为: 0.056s
[2018-03-24T14:02:04.895] [INFO] normal - OPTIONS /project 响应时间为: 0.089s
[2018-03-24T14:09:16.909] [INFO] normal - OPTIONS /project 响应时间为: 0.181s
[2018-03-24T14:10:40.973] [INFO] normal - OPTIONS /project 响应时间为: 0.053s
[2018-03-24T14:10:56.570] [INFO] normal - OPTIONS /project 响应时间为: 0.025s
[2018-03-24T14:11:09.466] [INFO] normal - OPTIONS /project 响应时间为: 0.057s
[2018-03-24T14:11:48.945] [INFO] normal - OPTIONS /project 响应时间为: 0.041s
[2018-03-24T14:12:10.767] [INFO] normal - OPTIONS /project 响应时间为: 0.063s
[2018-03-24T14:12:48.383] [INFO] normal - OPTIONS /project 响应时间为: 0.059s
[2018-03-24T14:15:51.616] [INFO] normal - OPTIONS /project 响应时间为: 0.141s
[2018-03-24T14:16:28.882] [INFO] normal - OPTIONS /project 响应时间为: 0.024s
[2018-03-24T14:17:11.408] [INFO] normal - OPTIONS /project 响应时间为: 0.006s
[2018-03-24T14:17:37.703] [INFO] normal - POST /project 响应时间为: 26.285s
[2018-03-24T14:18:05.198] [INFO] normal - OPTIONS /project 响应时间为: 0.069s
[2018-03-24T14:18:36.455] [INFO] normal - OPTIONS /project 响应时间为: 0.001s
[2018-03-24T14:18:42.479] [INFO] normal - OPTIONS /project 响应时间为: 0.001s
[2018-03-24T14:21:01.308] [INFO] normal - OPTIONS /project 响应时间为: 0.05s
[2018-03-24T14:21:54.071] [INFO] normal - OPTIONS /project 响应时间为: 0.009s
[2018-03-24T14:22:11.885] [INFO] normal - OPTIONS /project 响应时间为: 0.001s
[2018-03-24T14:22:16.283] [INFO] normal - POST /project 响应时间为: 4.385s
[2018-03-24T14:22:42.303] [INFO] normal - OPTIONS /project 响应时间为: 0.001s
[2018-03-24T14:23:59.020] [INFO] normal - OPTIONS /project 响应时间为: 0.211s
[2018-03-24T14:24:39.402] [INFO] normal - OPTIONS /project 响应时间为: 0.034s
[2018-03-24T14:25:59.720] [INFO] normal - OPTIONS /project 响应时间为: 0.061s
[2018-03-24T19:52:05.619] [INFO] normal - GET /article/all/?page=1&pageSize=10 响应时间为: 0.353s
[2018-03-24T19:52:51.933] [INFO] normal - GET /article/all/?page=1&pageSize=10 响应时间为: 0.007s
[2018-03-24T19:52:59.462] [INFO] normal - GET /article/all/?page=1&pageSize=10 响应时间为: 0.003s
[2018-03-24T19:59:24.333] [INFO] normal - GET /article/all/?page=1&pageSize=10 响应时间为: 0.021s
[2018-03-24T20:32:20.080] [INFO] normal - GET /article/all/?page=1&pageSize=10 响应时间为: 0.074s
[2018-03-24T21:11:10.558] [INFO] normal - GET /article/all/?page=1&pageSize=10 响应时间为: 0.116s
[2018-03-24T21:32:02.701] [INFO] normal - GET /article/all/?page=1&pageSize=10 响应时间为: 0.015s
[2018-03-24T21:48:05.949] [INFO] normal - GET /article/all/?page=1&pageSize=10 响应时间为: 0.02s
[2018-03-24T21:49:21.472] [INFO] normal - GET /article/all/?page=1&pageSize=10 响应时间为: 0.003s
[2018-03-24T21:49:26.295] [INFO] normal - GET /article/all/?page=1&pageSize=10 响应时间为: 0.005s
[2018-03-24T21:53:37.688] [INFO] normal - GET /article/all/?page=1&pageSize=10 响应时间为: 0.026s
[2018-03-24T21:53:37.866] [INFO] normal - GET /article/all/?page=1&pageSize=10 响应时间为: 0.004s
[2018-03-24T21:56:32.677] [INFO] normal - GET /article/all/?page=1&pageSize=10 响应时间为: 0.004s
[2018-03-24T21:56:32.683] [INFO] normal - GET /article/all/?page=1&pageSize=10 响应时间为: 0.004s
[2018-03-24T21:57:12.261] [INFO] normal - GET /article/all/?page=1&pageSize=10 响应时间为: 0.011s
[2018-03-24T21:57:12.267] [INFO] normal - GET /article/all/?page=1&pageSize=10 响应时间为: 0.003s
[2018-03-24T21:57:18.330] [INFO] normal - GET /article/all/?page=1&pageSize=10 响应时间为: 0.004s
[2018-03-24T21:57:18.336] [INFO] normal - GET /article/all/?page=1&pageSize=10 响应时间为: 0.003s
[2018-03-24T21:59:05.683] [INFO] normal - GET /article/all/?page=1&pageSize=10 响应时间为: 0.013s
[2018-03-24T21:59:05.701] [INFO] normal - GET /article/all/?page=1&pageSize=10 响应时间为: 0.011s
[2018-03-24T22:00:25.298] [INFO] normal - GET /article/all/?page=1&pageSize=10 响应时间为: 0.004s
[2018-03-24T22:02:31.507] [INFO] normal - GET /article/all/?page=1&pageSize=10 响应时间为: 0.008s
[2018-03-24T22:02:31.513] [INFO] normal - GET /article/all/?page=1&pageSize=10 响应时间为: 0.003s
[2018-03-24T22:05:36.997] [INFO] normal - GET /article/all/?page=1&pageSize=10 响应时间为: 0.005s
[2018-03-24T22:05:37.466] [INFO] normal - GET /article/all/?page=1&pageSize=10 响应时间为: 0.005s
[2018-03-24T22:05:41.762] [INFO] normal - GET /article/all/?page=1&pageSize=10 响应时间为: 0.002s
[2018-03-24T22:05:41.769] [INFO] normal - GET /article/all/?page=1&pageSize=10 响应时间为: 0.003s
[2018-03-24T22:06:09.415] [INFO] normal - GET /article/all/?page=1&pageSize=10 响应时间为: 0.004s
[2018-03-24T22:06:59.160] [INFO] normal - GET /article/all/?page=1&pageSize=10 响应时间为: 0.003s
[2018-03-24T22:06:59.193] [INFO] normal - GET /article/all/?page=1&pageSize=10 响应时间为: 0.003s
[2018-03-24T22:08:21.321] [INFO] normal - GET /article/all/?page=1&pageSize=10 响应时间为: 0.014s
[2018-03-24T22:17:12.387] [INFO] normal - GET /article/all/?page=1&pageSize=10 响应时间为: 0.022s
[2018-03-24T22:17:12.742] [INFO] normal - GET /article/all/?page=1&pageSize=10 响应时间为: 0.004s
[2018-03-24T22:17:50.287] [INFO] normal - GET /article/all/?page=1&pageSize=10 响应时间为: 0.004s
[2018-03-24T22:18:12.998] [INFO] normal - GET /article/all/?page=1&pageSize=10 响应时间为: 0.006s
[2018-03-24T22:18:13.034] [INFO] normal - GET /article/all/?page=1&pageSize=10 响应时间为: 0.003s
[2018-03-24T22:23:56.015] [INFO] normal - GET /article/all/?page=1&pageSize=10 响应时间为: 0.042s
[2018-03-24T22:35:36.737] [INFO] normal - GET /article/all/?page=1&pageSize=10 响应时间为: 0.024s
[2018-03-24T22:43:19.334] [INFO] normal - GET /article/all/?page=1&pageSize=10 响应时间为: 0.033s
[2018-03-24T22:43:36.572] [INFO] normal - GET /article/all/?page=1&pageSize=10 响应时间为: 0.04s
[2018-03-24T22:43:57.067] [INFO] normal - GET /article/all/?page=1&pageSize=10 响应时间为: 0.004s
[2018-03-24T22:46:18.320] [INFO] normal - GET /article/all/?page=1&pageSize=10 响应时间为: 0.008s
[2018-03-24T22:46:24.767] [INFO] normal - GET /article/all/?page=1&pageSize=10 响应时间为: 0.004s
[2018-03-24T22:47:22.863] [INFO] normal - GET /article/all/?page=1&pageSize=10 响应时间为: 0.019s
[2018-03-24T22:56:37.102] [INFO] normal - GET /article/all/?page=1&pageSize=10 响应时间为: 0.032s
[2018-03-24T23:04:04.000] [INFO] normal - GET /article/all/?page=1&pageSize=10 响应时间为: 0.014s
[2018-03-24T23:04:41.888] [INFO] normal - GET /article/all/?page=1&pageSize=10 响应时间为: 0.003s
[2018-03-24T23:05:03.093] [INFO] normal - GET /article/all/?page=1&pageSize=10 响应时间为: 0.004s
[2018-03-24T23:05:43.311] [INFO] normal - GET /article/all/?page=1&pageSize=10 响应时间为: 0.013s
[2018-03-24T23:06:10.598] [INFO] normal - GET /article/all/?page=1&pageSize=10 响应时间为: 0.003s
[2018-03-24T23:06:17.338] [INFO] normal - GET /article/all/?page=1&pageSize=10 响应时间为: 0.005s
[2018-03-24T23:06:30.360] [INFO] normal - GET /article/all/?page=1&pageSize=10 响应时间为: 0.003s
[2018-03-24T23:06:31.794] [INFO] normal - GET /article/all/?page=1&pageSize=10 响应时间为: 0.023s
[2018-03-24T23:09:55.803] [INFO] normal - GET /article/all/?page=1&pageSize=10 响应时间为: 0.017s
[2018-03-24T23:11:03.482] [INFO] normal - GET /article/all/?page=1&pageSize=10 响应时间为: 0.017s
[2018-03-24T23:11:10.834] [INFO] normal - GET /article/all/?page=1&pageSize=10 响应时间为: 0.006s
[2018-03-24T23:12:24.488] [INFO] normal - GET /article/all/?page=1&pageSize=10 响应时间为: 0.013s
[2018-03-24T23:14:02.030] [INFO] normal - GET /article/all/?page=1&pageSize=10 响应时间为: 0.006s
[2018-03-24T23:14:05.388] [INFO] normal - GET /article/all/?page=1&pageSize=10 响应时间为: 0.005s
[2018-03-24T23:14:11.787] [INFO] normal - GET /article/all/?page=1&pageSize=10 响应时间为: 0.003s
[2018-03-24T23:14:18.786] [INFO] normal - GET /article/all/?page=1&pageSize=10 响应时间为: 0.005s
[2018-03-24T23:14:33.092] [INFO] normal - GET /article/all/?page=1&pageSize=10 响应时间为: 0.007s
[2018-03-24T23:14:39.156] [INFO] normal - GET /article/all/?page=1&pageSize=10 响应时间为: 0.002s
[2018-03-24T23:17:47.284] [INFO] normal - GET /article/all/?page=1&pageSize=10 响应时间为: 0.022s
[2018-03-24T23:26:01.173] [INFO] normal - GET /article/all/?page=1&pageSize=10 响应时间为: 0.021s
[2018-03-24T23:26:46.516] [INFO] normal - GET /article/all/?page=1&pageSize=10 响应时间为: 0.003s
[2018-03-24T23:29:20.869] [INFO] normal - GET /article/all/?page=1&pageSize=10 响应时间为: 0.02s
[2018-03-24T23:37:20.328] [INFO] normal - GET /article/all/?page=1&pageSize=10 响应时间为: 0.018s
[2018-03-24T23:42:14.354] [INFO] normal - GET /article/all/?page=1&pageSize=10 响应时间为: 0.018s
[2018-03-24T23:43:28.460] [INFO] normal - GET /article/all/?page=1&pageSize=10 响应时间为: 0.01s
[2018-03-24T23:44:27.094] [INFO] normal - GET /article/all/?page=1&pageSize=10 响应时间为: 0.02s
[2018-03-24T23:45:03.646] [INFO] normal - GET /article/all/?page=1&pageSize=10 响应时间为: 0.003s
[2018-03-24T23:45:36.421] [INFO] normal - GET /article/all/?page=1&pageSize=10 响应时间为: 0.003s
[2018-03-24T23:45:48.381] [INFO] normal - GET /article/all/?page=1&pageSize=10 响应时间为: 0.003s
[2018-03-24T23:45:51.378] [INFO] normal - GET /article/all/?page=1&pageSize=10 响应时间为: 0.004s
[2018-03-24T23:47:04.798] [INFO] normal - GET /article/all/?page=1&pageSize=10 响应时间为: 0.01s
[2018-03-24T23:48:39.526] [INFO] normal - GET /article/all/?page=1&pageSize=10 响应时间为: 0.014s
[2018-03-24T23:49:09.529] [INFO] normal - GET /article/all/?page=1&pageSize=10 响应时间为: 0.003s
[2018-03-24T23:49:38.989] [INFO] normal - GET /article/all/?page=1&pageSize=10 响应时间为: 0.006s
[2018-03-24T23:50:03.002] [INFO] normal - GET /article/all/?page=1&pageSize=10 响应时间为: 0.039s
[2018-03-24T23:50:47.555] [INFO] normal - GET /article/all/?page=1&pageSize=10 响应时间为: 0.004s
[2018-03-24T23:53:11.871] [INFO] normal - GET /article/all/?page=1&pageSize=10 响应时间为: 0.017s
[2018-03-24T23:53:23.797] [INFO] normal - GET /article/all/?page=1&pageSize=10 响应时间为: 0.005s
[2018-03-24T23:54:08.246] [INFO] normal - GET /article/all/?page=1&pageSize=10 响应时间为: 0.014s
[2018-03-24T23:54:47.463] [INFO] normal - GET /article/all/?page=1&pageSize=10 响应时间为: 0.004s
[2018-03-24T23:54:56.395] [INFO] normal - GET /article/all/?page=1&pageSize=10 响应时间为: 0.012s
[2018-03-24T23:55:01.019] [INFO] normal - GET /article/all/?page=1&pageSize=10 响应时间为: 0.005s
