[2018-03-28T15:11:55.403] [INFO] normal - GET /user/article/all/?page=1&pageSize=100 响应时间为: 0.391s
[2018-03-28T15:12:02.159] [INFO] normal - GET /user/article/5ab7997419add28384b2ec97 响应时间为: 0.048s
[2018-03-28T15:12:51.610] [INFO] normal - GET /user/article/5ab7997419add28384b2ec97 响应时间为: 0.004s
[2018-03-28T15:14:07.607] [INFO] normal - GET /user/article/5ab7997419add28384b2ec97 响应时间为: 0.012s
[2018-03-28T15:14:17.503] [INFO] normal - GET /user/article/5ab7997419add28384b2ec97 响应时间为: 0.003s
[2018-03-28T15:14:18.304] [INFO] normal - GET /user/article/5ab7997419add28384b2ec97 响应时间为: 0.003s
[2018-03-28T15:15:46.183] [INFO] normal - GET /user/article/5ab7997419add28384b2ec97 响应时间为: 0.005s
[2018-03-28T15:16:37.594] [INFO] normal - GET /user/article/5ab7997419add28384b2ec97 响应时间为: 0.005s
[2018-03-28T15:16:49.613] [INFO] normal - GET /user/article/5ab7997419add28384b2ec97 响应时间为: 0.015s
[2018-03-28T15:17:00.893] [INFO] normal - GET /user/article/5ab7997419add28384b2ec97 响应时间为: 0.003s
[2018-03-28T15:17:29.973] [INFO] normal - GET /user/article/5ab7997419add28384b2ec97 响应时间为: 0.009s
[2018-03-28T15:17:53.365] [INFO] normal - GET /user/article/5ab7997419add28384b2ec97 响应时间为: 0.004s
[2018-03-28T15:18:27.918] [INFO] normal - GET /user/article/5ab7997419add28384b2ec97 响应时间为: 0.003s
[2018-03-28T15:18:46.886] [INFO] normal - GET /user/article/5ab7997419add28384b2ec97 响应时间为: 0.013s
[2018-03-28T15:18:59.011] [INFO] normal - GET /user/article/5ab7997419add28384b2ec97 响应时间为: 0.003s
[2018-03-28T15:19:15.999] [INFO] normal - GET /user/article/5ab7997419add28384b2ec97 响应时间为: 0.003s
[2018-03-28T15:19:20.912] [INFO] normal - GET /user/article/5ab7997419add28384b2ec97 响应时间为: 0.004s
[2018-03-28T15:19:24.446] [INFO] normal - GET /user/article/5ab7997419add28384b2ec97 响应时间为: 0.004s
[2018-03-28T15:19:58.425] [INFO] normal - GET /user/article/5ab7997419add28384b2ec97 响应时间为: 0.003s
[2018-03-28T15:24:54.078] [INFO] normal - GET /user/article/5ab7997419add28384b2ec97 响应时间为: 0.032s
[2018-03-28T15:24:55.788] [INFO] normal - GET /user/article/5ab7997419add28384b2ec97 响应时间为: 0.003s
[2018-03-28T15:26:34.406] [INFO] normal - GET /user/article/5ab7997419add28384b2ec97 响应时间为: 0.027s
[2018-03-28T15:26:54.634] [INFO] normal - GET /user/article/5ab7997419add28384b2ec97 响应时间为: 0.003s
[2018-03-28T15:27:39.656] [INFO] normal - GET /user/article/5ab7997419add28384b2ec97 响应时间为: 0.003s
[2018-03-28T15:28:48.688] [INFO] normal - GET /user/article/5ab7997419add28384b2ec97 响应时间为: 0.017s
[2018-03-28T15:29:00.150] [INFO] normal - GET /user/article/5ab7997419add28384b2ec97 响应时间为: 0.003s
[2018-03-28T15:30:01.643] [INFO] normal - GET /user/article/5ab74ea089568c59dbb18eae 响应时间为: 0.003s
[2018-03-28T15:35:59.534] [INFO] normal - GET /user/article/5ab74ea089568c59dbb18eae 响应时间为: 0.015s
[2018-03-28T15:36:17.848] [INFO] normal - GET /user/article/5ab74ea089568c59dbb18eae 响应时间为: 0.01s
[2018-03-28T15:36:39.418] [INFO] normal - GET /user/article/5ab74ea089568c59dbb18eae 响应时间为: 0.014s
[2018-03-28T15:36:46.976] [INFO] normal - GET /user/article/5ab74ea089568c59dbb18eae 响应时间为: 0.004s
[2018-03-28T15:37:36.566] [INFO] normal - GET /user/article/5ab74ea089568c59dbb18eae 响应时间为: 0.002s
[2018-03-28T15:37:47.177] [INFO] normal - GET /user/article/5ab74ea089568c59dbb18eae 响应时间为: 0.003s
[2018-03-28T15:42:20.388] [INFO] normal - OPTIONS /user/comment 响应时间为: 0.007s
[2018-03-28T15:42:20.398] [INFO] normal - GET /user/article/5ab74ea089568c59dbb18eae 响应时间为: 0.008s
[2018-03-28T15:42:26.132] [INFO] normal - OPTIONS /user/comment 响应时间为: 0.001s
[2018-03-28T15:42:26.136] [INFO] normal - GET /user/article/5ab74ea089568c59dbb18eae 响应时间为: 0.003s
[2018-03-28T15:43:27.867] [INFO] normal - OPTIONS /user/comment 响应时间为: 0.001s
[2018-03-28T15:43:27.869] [INFO] normal - GET /user/article/5ab74ea089568c59dbb18eae 响应时间为: 0.004s
[2018-03-28T15:43:45.724] [INFO] normal - GET /user/article/5ab74ea089568c59dbb18eae 响应时间为: 0.131s
[2018-03-28T15:43:45.732] [INFO] normal - OPTIONS /user/comment 响应时间为: 0.002s
[2018-03-28T15:44:33.773] [INFO] normal - GET /user/article/5ab74ea089568c59dbb18eae 响应时间为: 0.029s
[2018-03-28T15:44:35.475] [INFO] normal - GET /user/article/5ab74ea089568c59dbb18eae 响应时间为: 0.003s
[2018-03-28T15:44:50.306] [INFO] normal - OPTIONS /user/comment 响应时间为: 0.042s
[2018-03-28T15:44:50.320] [INFO] normal - GET /user/article/5ab74ea089568c59dbb18eae 响应时间为: 0.07s
[2018-03-28T15:45:51.158] [INFO] normal - GET /user/article/5ab74ea089568c59dbb18eae 响应时间为: 0.092s
[2018-03-28T15:45:57.468] [INFO] normal - OPTIONS /user/comment 响应时间为: 0.001s
[2018-03-28T15:45:57.474] [INFO] normal - GET /user/article/5ab74ea089568c59dbb18eae 响应时间为: 0.009s
[2018-03-28T15:46:44.007] [INFO] normal - OPTIONS /user/comment 响应时间为: 0.042s
[2018-03-28T15:46:44.031] [INFO] normal - GET /user/article/5ab74ea089568c59dbb18eae 响应时间为: 0.082s
[2018-03-28T15:51:09.864] [INFO] normal - OPTIONS /user/comment 响应时间为: 0.042s
[2018-03-28T15:51:09.982] [INFO] normal - GET /user/article/5ab74ea089568c59dbb18eae 响应时间为: 0.11s
[2018-03-28T15:51:10.018] [INFO] normal - POST /user/comment 响应时间为: 0.125s
[2018-03-28T15:51:19.502] [INFO] normal - GET /user/article/5ab74ea089568c59dbb18eae 响应时间为: 0.049s
[2018-03-28T15:51:33.197] [INFO] normal - OPTIONS /user/comment 响应时间为: 0.001s
[2018-03-28T15:51:33.202] [INFO] normal - GET /user/article/5ab74ea089568c59dbb18eae 响应时间为: 0.007s
[2018-03-28T15:51:33.224] [INFO] normal - POST /user/comment 响应时间为: 0.017s
[2018-03-28T15:51:36.153] [INFO] normal - GET /user/article/5ab74ea089568c59dbb18eae 响应时间为: 0.023s
[2018-03-28T15:52:08.392] [INFO] normal - GET /user/article/5ab74ea089568c59dbb18eae 响应时间为: 0.004s
[2018-03-28T15:52:56.120] [INFO] normal - OPTIONS /user/comment 响应时间为: 0.001s
[2018-03-28T15:52:56.127] [INFO] normal - GET /user/article/5ab74ea089568c59dbb18eae 响应时间为: 0.006s
[2018-03-28T15:52:56.156] [INFO] normal - POST /user/comment 响应时间为: 0.014s
[2018-03-28T15:54:02.535] [INFO] normal - GET /user/article/5ab74ea089568c59dbb18eae 响应时间为: 0.02s
[2018-03-28T15:54:19.914] [INFO] normal - GET /user/article/5ab74ea089568c59dbb18eae 响应时间为: 0.004s
[2018-03-28T15:54:36.949] [INFO] normal - GET /user/article/5ab74ea089568c59dbb18eae 响应时间为: 0.008s
[2018-03-28T15:55:03.964] [INFO] normal - GET /user/article/5ab74ea089568c59dbb18eae 响应时间为: 0.005s
[2018-03-28T15:55:38.884] [INFO] normal - GET /user/article/5ab74ea089568c59dbb18eae 响应时间为: 0.005s
[2018-03-28T15:55:47.192] [INFO] normal - GET /user/article/5ab74ea089568c59dbb18eae 响应时间为: 0.005s
[2018-03-28T15:56:13.871] [INFO] normal - GET /user/article/5ab74ea089568c59dbb18eae 响应时间为: 0.005s
[2018-03-28T15:56:40.687] [INFO] normal - GET /user/article/5ab74ea089568c59dbb18eae 响应时间为: 0.004s
[2018-03-28T15:56:49.114] [INFO] normal - GET /user/article/5ab74ea089568c59dbb18eae 响应时间为: 0.005s
[2018-03-28T15:57:20.673] [INFO] normal - GET /user/article/5ab74ea089568c59dbb18eae 响应时间为: 0.005s
[2018-03-28T16:00:58.739] [INFO] normal - GET /user/article/5ab74ea089568c59dbb18eae 响应时间为: 0.019s
[2018-03-28T16:04:25.739] [INFO] normal - GET /user/article/5ab74ea089568c59dbb18eae 响应时间为: 0.03s
[2018-03-28T16:04:29.321] [INFO] normal - GET /user/article/5ab74ea089568c59dbb18eae 响应时间为: 0.006s
[2018-03-28T16:04:39.589] [INFO] normal - GET /user/article/5ab74ea089568c59dbb18eae 响应时间为: 0.016s
[2018-03-28T16:04:50.296] [INFO] normal - GET /user/article/5ab74ea089568c59dbb18eae 响应时间为: 0.003s
[2018-03-28T16:05:30.576] [INFO] normal - GET /user/article/5ab74ea089568c59dbb18eae 响应时间为: 0.004s
[2018-03-28T16:06:05.166] [INFO] normal - GET /user/article/5ab74ea089568c59dbb18eae 响应时间为: 0.016s
[2018-03-28T16:07:03.795] [INFO] normal - GET /user/article/all/?page=1&pageSize=100 响应时间为: 0.07s
[2018-03-28T16:07:12.196] [INFO] normal - GET /user/article/5ab74f1089568c59dbb18eb5 响应时间为: 0.005s
[2018-03-28T16:07:28.337] [INFO] normal - GET /user/article/5ab74f1089568c59dbb18eb5 响应时间为: 0.003s
[2018-03-28T16:09:13.482] [INFO] normal - GET /user/article/5ab74f1089568c59dbb18eb5 响应时间为: 0.004s
[2018-03-28T16:13:02.694] [INFO] normal - GET /user/article/5ab74f1089568c59dbb18eb5 响应时间为: 0.006s
[2018-03-28T16:13:10.892] [INFO] normal - GET /user/article/5ab74f1089568c59dbb18eb5 响应时间为: 0.003s
[2018-03-28T16:15:01.046] [INFO] normal - GET /user/article/5ab74f1089568c59dbb18eb5 响应时间为: 0.004s
[2018-03-28T16:15:16.118] [INFO] normal - GET /user/article/5ab74f1089568c59dbb18eb5 响应时间为: 0.006s
[2018-03-28T16:15:24.280] [INFO] normal - GET /user/article/5ab74f1089568c59dbb18eb5 响应时间为: 0.004s
[2018-03-28T16:15:38.909] [INFO] normal - GET /user/article/5ab74f1089568c59dbb18eb5 响应时间为: 0.005s
[2018-03-28T16:16:59.738] [INFO] normal - GET /user/article/5ab74f1089568c59dbb18eb5 响应时间为: 0.004s
[2018-03-28T16:18:02.288] [INFO] normal - GET /user/article/5ab74f1089568c59dbb18eb5 响应时间为: 0.003s
[2018-03-28T16:18:11.403] [INFO] normal - GET /user/article/5ab74f1089568c59dbb18eb5 响应时间为: 0.002s
[2018-03-28T16:20:07.994] [INFO] normal - GET /user/article/5ab74f1089568c59dbb18eb5 响应时间为: 0.03s
[2018-03-28T16:20:45.550] [INFO] normal - GET /user/article/5ab74f1089568c59dbb18eb5 响应时间为: 0.002s
[2018-03-28T16:20:50.295] [INFO] normal - GET /user/article/5ab74f1089568c59dbb18eb5 响应时间为: 0.003s
[2018-03-28T16:22:51.627] [INFO] normal - OPTIONS /user/comment 响应时间为: 0.002s
[2018-03-28T16:22:51.632] [INFO] normal - GET /user/article/5ab74f1089568c59dbb18eb5 响应时间为: 0.004s
[2018-03-28T16:22:51.667] [INFO] normal - POST /user/comment 响应时间为: 0.033s
[2018-03-28T16:23:01.015] [INFO] normal - OPTIONS /user/comment 响应时间为: 0.002s
[2018-03-28T16:23:01.022] [INFO] normal - GET /user/article/5ab74f1089568c59dbb18eb5 响应时间为: 0.01s
[2018-03-28T16:23:01.063] [INFO] normal - POST /user/comment 响应时间为: 0.04s
[2018-03-28T16:23:04.308] [INFO] normal - GET /user/article/5ab74f1089568c59dbb18eb5 响应时间为: 0.009s
[2018-03-28T16:23:04.313] [INFO] normal - POST /user/comment 响应时间为: 0.013s
[2018-03-28T16:23:21.517] [INFO] normal - GET /user/article/5ab74f1089568c59dbb18eb5 响应时间为: 0.005s
[2018-03-28T16:25:00.342] [INFO] normal - GET /user/article/5ab74f1089568c59dbb18eb5 响应时间为: 0.007s
[2018-03-28T16:25:52.741] [INFO] normal - GET /user/article/5ab74f1089568c59dbb18eb5 响应时间为: 0.004s
[2018-03-28T16:28:28.864] [INFO] normal - GET /user/article/5ab74f1089568c59dbb18eb5 响应时间为: 0.017s
[2018-03-28T16:28:49.290] [INFO] normal - GET /user/article/5ab74f1089568c59dbb18eb5 响应时间为: 0.007s
[2018-03-28T16:29:32.827] [INFO] normal - GET /user/article/5ab74f1089568c59dbb18eb5 响应时间为: 0.007s
[2018-03-28T16:29:36.522] [INFO] normal - GET /user/article/5ab74f1089568c59dbb18eb5 响应时间为: 0.006s
[2018-03-28T16:30:12.876] [INFO] normal - GET /user/article/5ab74f1089568c59dbb18eb5 响应时间为: 0.004s
[2018-03-28T16:30:59.624] [INFO] normal - GET /user/article/5ab74f1089568c59dbb18eb5 响应时间为: 0.005s
[2018-03-28T16:31:04.375] [INFO] normal - GET /user/article/5ab74f1089568c59dbb18eb5 响应时间为: 0.007s
[2018-03-28T16:31:36.269] [INFO] normal - GET /user/article/5ab74f1089568c59dbb18eb5 响应时间为: 0.015s
[2018-03-28T16:31:53.609] [INFO] normal - GET /user/article/5ab74f1089568c59dbb18eb5 响应时间为: 0.013s
[2018-03-28T16:32:04.409] [INFO] normal - GET /user/article/5ab74f1089568c59dbb18eb5 响应时间为: 0.006s
[2018-03-28T16:32:44.439] [INFO] normal - GET /user/article/5ab74f1089568c59dbb18eb5 响应时间为: 0.004s
[2018-03-28T16:33:34.892] [INFO] normal - GET /user/article/5ab74f1089568c59dbb18eb5 响应时间为: 0.005s
[2018-03-28T16:34:40.414] [INFO] normal - GET /user/article/5ab74f1089568c59dbb18eb5 响应时间为: 0.007s
[2018-03-28T16:34:58.813] [INFO] normal - GET /user/article/5ab74f1089568c59dbb18eb5 响应时间为: 0.006s
[2018-03-28T16:35:02.410] [INFO] normal - GET /user/article/5ab74f1089568c59dbb18eb5 响应时间为: 0.004s
[2018-03-28T16:35:11.322] [INFO] normal - GET /user/article/5ab74f1089568c59dbb18eb5 响应时间为: 0.004s
[2018-03-28T16:35:20.617] [INFO] normal - GET /user/article/5ab74f1089568c59dbb18eb5 响应时间为: 0.004s
[2018-03-28T16:35:24.308] [INFO] normal - GET /user/article/5ab74f1089568c59dbb18eb5 响应时间为: 0.004s
[2018-03-28T16:35:39.000] [INFO] normal - GET /user/article/5ab74f1089568c59dbb18eb5 响应时间为: 0.005s
[2018-03-28T16:36:11.082] [INFO] normal - GET /user/article/5ab74f1089568c59dbb18eb5 响应时间为: 0.033s
[2018-03-28T16:36:16.010] [INFO] normal - GET /user/article/5ab74f1089568c59dbb18eb5 响应时间为: 0.004s
[2018-03-28T16:36:29.902] [INFO] normal - GET /user/article/5ab74f1089568c59dbb18eb5 响应时间为: 0.008s
[2018-03-28T17:52:31.755] [INFO] normal - GET /user/article/5ab74f1089568c59dbb18eb5 响应时间为: 0.044s
[2018-03-28T17:53:41.886] [INFO] normal - GET /user/article/5ab74f1089568c59dbb18eb5 响应时间为: 0.008s
[2018-03-28T17:54:00.772] [INFO] normal - GET /user/article/5ab74f1089568c59dbb18eb5 响应时间为: 0.009s
[2018-03-28T17:54:59.796] [INFO] normal - GET /user/article/5ab74f1089568c59dbb18eb5 响应时间为: 0.005s
[2018-03-28T17:55:49.190] [INFO] normal - GET /user/article/5ab74f1089568c59dbb18eb5 响应时间为: 0.007s
[2018-03-28T17:55:53.162] [INFO] normal - GET /user/article/5ab74f1089568c59dbb18eb5 响应时间为: 0.01s
[2018-03-28T17:57:00.613] [INFO] normal - GET /user/article/5ab74f1089568c59dbb18eb5 响应时间为: 0.007s
[2018-03-28T17:57:14.900] [INFO] normal - GET /user/article/5ab74f1089568c59dbb18eb5 响应时间为: 0.006s
[2018-03-28T17:57:44.868] [INFO] normal - GET /user/article/5ab74f1089568c59dbb18eb5 响应时间为: 0.009s
[2018-03-28T17:58:08.404] [INFO] normal - GET /user/article/5ab74f1089568c59dbb18eb5 响应时间为: 0.011s
[2018-03-28T17:58:32.456] [INFO] normal - GET /user/article/5ab74f1089568c59dbb18eb5 响应时间为: 0.009s
[2018-03-28T17:58:55.310] [INFO] normal - GET /user/article/5ab74f1089568c59dbb18eb5 响应时间为: 0.007s
[2018-03-28T17:58:56.808] [INFO] normal - GET /user/article/5ab74f1089568c59dbb18eb5 响应时间为: 0.005s
[2018-03-28T18:00:15.586] [INFO] normal - GET /user/article/5ab74f1089568c59dbb18eb5 响应时间为: 0.02s
[2018-03-28T18:09:31.715] [INFO] normal - GET /user/article/5ab74f1089568c59dbb18eb5 响应时间为: 0.019s
[2018-03-28T18:17:33.112] [INFO] normal - GET /user/article/5ab74f1089568c59dbb18eb5 响应时间为: 0.032s
[2018-03-28T18:17:46.826] [INFO] normal - GET /user/article/5ab74f1089568c59dbb18eb5 响应时间为: 0.006s
[2018-03-28T18:17:49.986] [INFO] normal - GET /user/article/5ab74f1089568c59dbb18eb5 响应时间为: 0.004s
[2018-03-28T18:18:38.158] [INFO] normal - GET /user/article/5ab74f1089568c59dbb18eb5 响应时间为: 0.006s
[2018-03-28T18:19:00.224] [INFO] normal - GET /user/article/5ab74f1089568c59dbb18eb5 响应时间为: 0.004s
[2018-03-28T18:22:38.284] [INFO] normal - GET /user/article/5ab74f1089568c59dbb18eb5 响应时间为: 0.004s
[2018-03-28T18:24:26.014] [INFO] normal - GET /user/article/5ab74f1089568c59dbb18eb5 响应时间为: 0.004s
[2018-03-28T18:24:39.383] [INFO] normal - GET /user/article/5ab74f1089568c59dbb18eb5 响应时间为: 0.005s
[2018-03-28T18:24:53.452] [INFO] normal - GET /user/article/5ab74f1089568c59dbb18eb5 响应时间为: 0.004s
[2018-03-28T18:24:55.973] [INFO] normal - GET /user/article/5ab74f1089568c59dbb18eb5 响应时间为: 0.027s
[2018-03-28T18:25:25.762] [INFO] normal - GET /user/article/5ab74f1089568c59dbb18eb5 响应时间为: 0.005s
[2018-03-28T18:25:46.018] [INFO] normal - GET /user/article/5ab74f1089568c59dbb18eb5 响应时间为: 0.006s
[2018-03-28T18:28:46.379] [INFO] normal - GET /user/article/5ab74f1089568c59dbb18eb5 响应时间为: 0.02s
[2018-03-28T18:29:36.445] [INFO] normal - GET /user/article/5ab74f1089568c59dbb18eb5 响应时间为: 0.007s
[2018-03-28T18:29:44.690] [INFO] normal - GET /user/project/ 响应时间为: 0.053s
[2018-03-28T18:30:45.079] [INFO] normal - GET /user/project/ 响应时间为: 0.017s
[2018-03-28T18:30:46.402] [INFO] normal - GET /user/article/all/?page=1&pageSize=100 响应时间为: 0.214s
[2018-03-28T18:30:47.654] [INFO] normal - GET /user/project/ 响应时间为: 0.007s
[2018-03-28T18:30:58.447] [INFO] normal - GET /user/article/5ab74f4189568c59dbb18eba 响应时间为: 0.012s
[2018-03-28T18:34:00.668] [INFO] normal - GET /user/article/5ab74f4189568c59dbb18eba 响应时间为: 0.007s
[2018-03-28T18:35:17.243] [INFO] normal - GET /user/article/5ab74f4189568c59dbb18eba 响应时间为: 0.006s
[2018-03-28T18:35:38.366] [INFO] normal - GET /user/article/5ab74f4189568c59dbb18eba 响应时间为: 0.006s
[2018-03-28T18:37:25.382] [INFO] normal - GET /user/article/5ab74f4189568c59dbb18eba 响应时间为: 0.008s
[2018-03-28T18:37:44.456] [INFO] normal - GET /user/article/5ab74f4189568c59dbb18eba 响应时间为: 0.008s
[2018-03-28T18:38:03.323] [INFO] normal - GET /user/article/5ab74f4189568c59dbb18eba 响应时间为: 0.004s
[2018-03-28T18:38:35.490] [INFO] normal - GET /user/article/5ab74f4189568c59dbb18eba 响应时间为: 0.005s
[2018-03-28T18:38:49.592] [INFO] normal - GET /user/article/5ab74f4189568c59dbb18eba 响应时间为: 0.004s
[2018-03-28T18:38:52.391] [INFO] normal - GET /user/article/5ab74f4189568c59dbb18eba 响应时间为: 0.004s
[2018-03-28T18:40:48.211] [INFO] normal - GET /user/article/5ab74f4189568c59dbb18eba 响应时间为: 0.004s
[2018-03-28T18:41:17.364] [INFO] normal - GET /user/article/5ab74f4189568c59dbb18eba 响应时间为: 0.006s
[2018-03-28T18:41:41.631] [INFO] normal - GET /user/article/5ab74f4189568c59dbb18eba 响应时间为: 0.004s
[2018-03-28T18:47:28.260] [INFO] normal - GET /user/article/5ab74f4189568c59dbb18eba 响应时间为: 0.019s
[2018-03-28T18:48:09.754] [INFO] normal - GET /user/article/5ab74f4189568c59dbb18eba 响应时间为: 0.007s
[2018-03-28T18:48:13.232] [INFO] normal - GET /user/article/5ab74f4189568c59dbb18eba 响应时间为: 0.003s
[2018-03-28T18:48:45.627] [INFO] normal - GET /user/article/5ab74f4189568c59dbb18eba 响应时间为: 0.005s
[2018-03-28T18:48:53.157] [INFO] normal - GET /user/article/5ab74f4189568c59dbb18eba 响应时间为: 0.004s
[2018-03-28T18:49:49.940] [INFO] normal - GET /user/article/5ab74f4189568c59dbb18eba 响应时间为: 0.005s
[2018-03-28T18:51:49.573] [INFO] normal - GET /user/article/5ab74f4189568c59dbb18eba 响应时间为: 0.006s
[2018-03-28T18:51:56.266] [INFO] normal - GET /user/article/5ab74f4189568c59dbb18eba 响应时间为: 0.004s
[2018-03-28T18:52:27.645] [INFO] normal - GET /user/article/5ab74f4189568c59dbb18eba 响应时间为: 0.003s
[2018-03-28T18:52:35.506] [INFO] normal - GET /user/article/5ab74f4189568c59dbb18eba 响应时间为: 0.006s
[2018-03-28T18:52:53.673] [INFO] normal - GET /user/article/5ab74f4189568c59dbb18eba 响应时间为: 0.006s
[2018-03-28T18:53:10.580] [INFO] normal - GET /user/article/5ab74f4189568c59dbb18eba 响应时间为: 0.003s
[2018-03-28T18:54:16.562] [INFO] normal - GET /user/article/5ab74f4189568c59dbb18eba 响应时间为: 0.008s
[2018-03-28T18:54:30.651] [INFO] normal - GET /user/article/5ab74f4189568c59dbb18eba 响应时间为: 0.003s
[2018-03-28T18:57:08.247] [INFO] normal - GET /user/article/5ab74f4189568c59dbb18eba 响应时间为: 0.017s
[2018-03-28T18:57:24.351] [INFO] normal - GET /user/article/5ab74f4189568c59dbb18eba 响应时间为: 0.004s
[2018-03-28T18:59:21.782] [INFO] normal - GET /user/article/5ab74f4189568c59dbb18eba 响应时间为: 0.007s
[2018-03-28T18:59:42.335] [INFO] normal - GET /user/article/5ab74f4189568c59dbb18eba 响应时间为: 0.003s
[2018-03-28T19:00:13.422] [INFO] normal - GET /user/article/5ab74f4189568c59dbb18eba 响应时间为: 0.004s
[2018-03-28T19:00:57.960] [INFO] normal - GET /user/article/5ab74f4189568c59dbb18eba 响应时间为: 0.006s
[2018-03-28T19:01:10.618] [INFO] normal - OPTIONS /user/comment 响应时间为: 0.023s
[2018-03-28T19:01:10.634] [INFO] normal - GET /user/article/5ab74f4189568c59dbb18eba 响应时间为: 0.004s
[2018-03-28T19:01:10.758] [INFO] normal - POST /user/comment 响应时间为: 0.079s
[2018-03-28T19:01:39.978] [INFO] normal - GET /user/article/5ab74f4189568c59dbb18eba 响应时间为: 0.007s
[2018-03-28T19:01:49.545] [INFO] normal - GET /user/article/5ab74f4189568c59dbb18eba 响应时间为: 0.004s
[2018-03-28T19:01:49.547] [INFO] normal - OPTIONS /user/comment 响应时间为: 0s
[2018-03-28T19:01:49.701] [INFO] normal - POST /user/comment 响应时间为: 0.008s
[2018-03-28T19:02:39.999] [INFO] normal - GET /user/article/5ab74f4189568c59dbb18eba 响应时间为: 0.005s
[2018-03-28T19:02:56.499] [INFO] normal - GET /user/article/5ab74f4189568c59dbb18eba 响应时间为: 0.004s
[2018-03-28T19:03:01.428] [INFO] normal - GET /user/article/5ab74f4189568c59dbb18eba 响应时间为: 0.006s
[2018-03-28T19:03:01.433] [INFO] normal - OPTIONS /user/comment 响应时间为: 0s
[2018-03-28T19:03:01.586] [INFO] normal - POST /user/comment 响应时间为: 0.004s
[2018-03-28T19:03:27.558] [INFO] normal - GET /user/article/5ab74f4189568c59dbb18eba 响应时间为: 0.004s
[2018-03-28T19:03:38.208] [INFO] normal - GET /user/article/5ab74f4189568c59dbb18eba 响应时间为: 0.029s
[2018-03-28T19:03:38.211] [INFO] normal - OPTIONS /user/comment 响应时间为: 0.001s
[2018-03-28T19:03:38.387] [INFO] normal - POST /user/comment 响应时间为: 0.012s
[2018-03-28T19:03:49.932] [INFO] normal - GET /user/article/5ab74f4189568c59dbb18eba 响应时间为: 0.006s
[2018-03-28T19:03:56.046] [INFO] normal - OPTIONS /user/comment 响应时间为: 0.001s
[2018-03-28T19:03:56.052] [INFO] normal - GET /user/article/5ab74f4189568c59dbb18eba 响应时间为: 0.005s
[2018-03-28T19:03:56.059] [INFO] normal - POST /user/comment 响应时间为: 0.007s
[2018-03-28T19:05:30.596] [INFO] normal - GET /user/article/5ab74f4189568c59dbb18eba 响应时间为: 0.007s
[2018-03-28T19:05:42.650] [INFO] normal - GET /user/article/5ab74f4189568c59dbb18eba 响应时间为: 0.005s
[2018-03-28T19:12:55.480] [INFO] normal - GET /user/article/5ab74f4189568c59dbb18eba 响应时间为: 0.051s
[2018-03-28T19:13:01.037] [INFO] normal - GET /user/article/5ab74f4189568c59dbb18eba 响应时间为: 0.006s
[2018-03-28T19:13:09.501] [INFO] normal - GET /user/article/5ab74f4189568c59dbb18eba 响应时间为: 0.004s
[2018-03-28T19:13:09.503] [INFO] normal - OPTIONS /user/comment 响应时间为: 0.001s
[2018-03-28T19:13:09.824] [INFO] normal - POST /user/comment 响应时间为: 0.009s
[2018-03-28T19:13:35.201] [INFO] normal - GET /user/article/5ab74f4189568c59dbb18eba 响应时间为: 0.005s
[2018-03-28T19:13:44.138] [INFO] normal - OPTIONS /user/comment 响应时间为: 0s
[2018-03-28T19:13:44.143] [INFO] normal - GET /user/article/5ab74f4189568c59dbb18eba 响应时间为: 0.007s
[2018-03-28T19:13:44.151] [INFO] normal - POST /user/comment 响应时间为: 0.007s
[2018-03-28T19:14:49.353] [INFO] normal - GET /user/article/5ab74f4189568c59dbb18eba 响应时间为: 0.008s
[2018-03-28T19:15:07.839] [INFO] normal - OPTIONS /user/comment 响应时间为: 0.001s
[2018-03-28T19:15:07.844] [INFO] normal - GET /user/article/5ab74f4189568c59dbb18eba 响应时间为: 0.007s
[2018-03-28T19:15:07.856] [INFO] normal - POST /user/comment 响应时间为: 0.005s
[2018-03-28T19:15:18.689] [INFO] normal - OPTIONS /user/comment 响应时间为: 0s
[2018-03-28T19:15:18.700] [INFO] normal - GET /user/article/5ab74f4189568c59dbb18eba 响应时间为: 0.009s
[2018-03-28T19:15:18.730] [INFO] normal - POST /user/comment 响应时间为: 0.029s
[2018-03-28T19:15:52.086] [INFO] normal - GET /user/article/5ab74f4189568c59dbb18eba 响应时间为: 0.006s
[2018-03-28T19:16:00.001] [INFO] normal - OPTIONS /user/comment 响应时间为: 0.001s
[2018-03-28T19:16:00.006] [INFO] normal - GET /user/article/5ab74f4189568c59dbb18eba 响应时间为: 0.007s
[2018-03-28T19:16:00.017] [INFO] normal - POST /user/comment 响应时间为: 0.01s
[2018-03-28T19:16:12.664] [INFO] normal - GET /user/article/5ab74f4189568c59dbb18eba 响应时间为: 0.01s
[2018-03-28T19:16:17.869] [INFO] normal - OPTIONS /user/comment 响应时间为: 0.001s
[2018-03-28T19:16:17.875] [INFO] normal - GET /user/article/5ab74f4189568c59dbb18eba 响应时间为: 0.008s
[2018-03-28T19:16:17.883] [INFO] normal - POST /user/comment 响应时间为: 0.006s
[2018-03-28T19:16:51.041] [INFO] normal - GET /user/article/5ab74f4189568c59dbb18eba 响应时间为: 0.007s
[2018-03-28T19:16:57.029] [INFO] normal - OPTIONS /user/comment 响应时间为: 0.001s
[2018-03-28T19:16:57.038] [INFO] normal - GET /user/article/5ab74f4189568c59dbb18eba 响应时间为: 0.005s
[2018-03-28T19:16:57.045] [INFO] normal - POST /user/comment 响应时间为: 0.006s
[2018-03-28T19:18:17.040] [INFO] normal - GET /user/article/5ab74f4189568c59dbb18eba 响应时间为: 0.007s
[2018-03-28T19:20:01.391] [INFO] normal - GET /user/article/5ab74f4189568c59dbb18eba 响应时间为: 0.008s
[2018-03-28T19:20:43.096] [INFO] normal - GET /user/article/5ab74f4189568c59dbb18eba 响应时间为: 0.006s
[2018-03-28T19:22:34.273] [INFO] normal - GET /user/article/5ab74f4189568c59dbb18eba 响应时间为: 0.014s
[2018-03-28T19:24:02.149] [INFO] normal - GET /user/article/5ab74f4189568c59dbb18eba 响应时间为: 0.013s
[2018-03-28T19:24:15.275] [INFO] normal - GET /user/article/5ab74f4189568c59dbb18eba 响应时间为: 0.005s
[2018-03-28T19:24:25.712] [INFO] normal - GET /user/article/5ab74f4189568c59dbb18eba 响应时间为: 0.006s
[2018-03-28T19:24:40.116] [INFO] normal - OPTIONS /user/comment 响应时间为: 0.002s
[2018-03-28T19:24:40.130] [INFO] normal - POST /user/comment 响应时间为: 0.009s
[2018-03-28T19:25:18.060] [INFO] normal - GET /user/article/5ab74f4189568c59dbb18eba 响应时间为: 0.023s
[2018-03-28T19:25:28.188] [INFO] normal - OPTIONS /user/comment 响应时间为: 0.001s
[2018-03-28T19:25:28.222] [INFO] normal - POST /user/comment 响应时间为: 0.005s
[2018-03-28T19:25:47.331] [INFO] normal - OPTIONS /user/comment 响应时间为: 0.002s
[2018-03-28T19:25:47.339] [INFO] normal - POST /user/comment 响应时间为: 0.004s
[2018-03-28T19:26:45.476] [INFO] normal - GET /user/article/5ab74f4189568c59dbb18eba 响应时间为: 0.007s
[2018-03-28T19:27:08.608] [INFO] normal - GET /user/article/5ab74f4189568c59dbb18eba 响应时间为: 0.008s
[2018-03-28T19:29:30.271] [INFO] normal - GET /user/article/5ab74f4189568c59dbb18eba 响应时间为: 0.005s
[2018-03-28T19:30:44.313] [INFO] normal - GET /user/article/5ab74f4189568c59dbb18eba 响应时间为: 0.006s
[2018-03-28T19:31:01.517] [INFO] normal - GET /user/article/5ab74f4189568c59dbb18eba 响应时间为: 0.007s
[2018-03-28T19:33:43.079] [INFO] normal - GET /user/article/5ab74f4189568c59dbb18eba 响应时间为: 0.089s
[2018-03-28T19:33:58.188] [INFO] normal - OPTIONS /user/comment 响应时间为: 0.001s
[2018-03-28T19:33:58.238] [INFO] normal - POST /user/comment 响应时间为: 0.043s
[2018-03-28T19:40:12.846] [INFO] normal - GET /user/article/5ab74f4189568c59dbb18eba 响应时间为: 0.101s
[2018-03-28T19:40:22.588] [INFO] normal - OPTIONS /user/comment 响应时间为: 0.001s
[2018-03-28T19:41:06.435] [INFO] normal - GET /user/article/5ab74f4189568c59dbb18eba 响应时间为: 0.013s
[2018-03-28T19:41:13.731] [INFO] normal - GET /user/article/5ab74f4189568c59dbb18eba 响应时间为: 0.009s
[2018-03-28T19:41:23.148] [INFO] normal - OPTIONS /user/comment 响应时间为: 0.001s
[2018-03-28T19:41:38.924] [INFO] normal - GET /user/article/5ab74f4189568c59dbb18eba 响应时间为: 0.007s
[2018-03-28T19:42:56.728] [INFO] normal - GET /user/article/5ab74f4189568c59dbb18eba 响应时间为: 0.131s
[2018-03-28T19:43:03.285] [INFO] normal - OPTIONS /user/comment 响应时间为: 0.001s
[2018-03-28T19:43:03.358] [INFO] normal - POST /user/comment 响应时间为: 0.069s
[2018-03-28T19:43:12.237] [INFO] normal - OPTIONS /user/comment 响应时间为: 0.001s
[2018-03-28T19:43:12.252] [INFO] normal - POST /user/comment 响应时间为: 0.009s
[2018-03-28T19:43:21.380] [INFO] normal - GET /user/article/5ab74f4189568c59dbb18eba 响应时间为: 0.01s
[2018-03-28T19:43:41.322] [INFO] normal - GET /user/article/5ab74f4189568c59dbb18eba 响应时间为: 0.01s
[2018-03-28T19:45:02.664] [INFO] normal - GET /user/article/5ab74f4189568c59dbb18eba 响应时间为: 0.007s
[2018-03-28T19:45:42.436] [INFO] normal - GET /user/article/5ab74f4189568c59dbb18eba 响应时间为: 0.117s
[2018-03-28T19:46:08.526] [INFO] normal - OPTIONS /user/comment 响应时间为: 0.024s
[2018-03-28T19:46:08.600] [INFO] normal - POST /user/comment 响应时间为: 0.061s
[2018-03-28T19:46:15.158] [INFO] normal - OPTIONS /user/comment 响应时间为: 0.001s
[2018-03-28T19:46:15.171] [INFO] normal - POST /user/comment 响应时间为: 0.006s
[2018-03-28T19:47:33.212] [INFO] normal - GET /user/article/5ab74f4189568c59dbb18eba 响应时间为: 0.167s
[2018-03-28T19:47:54.163] [INFO] normal - GET /user/article/5ab74f4189568c59dbb18eba 响应时间为: 0.018s
[2018-03-28T19:47:55.572] [INFO] normal - GET /user/article/5ab74f4189568c59dbb18eba 响应时间为: 0.008s
[2018-03-28T19:48:01.087] [INFO] normal - GET /user/article/5ab74f4189568c59dbb18eba 响应时间为: 0.009s
[2018-03-28T19:48:05.965] [INFO] normal - OPTIONS /user/comment 响应时间为: 0.001s
[2018-03-28T19:48:06.072] [INFO] normal - POST /user/comment 响应时间为: 0.102s
[2018-03-28T19:49:53.057] [INFO] normal - GET /user/article/5ab74f4189568c59dbb18eba 响应时间为: 0.01s
[2018-03-28T19:50:00.924] [INFO] normal - GET /user/article/5ab74f4189568c59dbb18eba 响应时间为: 0.011s
[2018-03-28T19:50:08.404] [INFO] normal - GET /user/article/5ab74f4189568c59dbb18eba 响应时间为: 0.008s
[2018-03-28T19:50:13.943] [INFO] normal - OPTIONS /user/comment 响应时间为: 0.001s
[2018-03-28T19:50:13.970] [INFO] normal - POST /user/comment 响应时间为: 0.011s
[2018-03-28T19:51:35.708] [INFO] normal - GET /user/article/5ab74f4189568c59dbb18eba 响应时间为: 0.009s
[2018-03-28T19:51:44.128] [INFO] normal - OPTIONS /user/comment 响应时间为: 0.001s
[2018-03-28T19:51:44.142] [INFO] normal - POST /user/comment 响应时间为: 0.004s
[2018-03-28T19:51:55.401] [INFO] normal - OPTIONS /user/comment 响应时间为: 0s
[2018-03-28T19:51:55.439] [INFO] normal - POST /user/comment 响应时间为: 0.031s
[2018-03-28T19:52:12.257] [INFO] normal - OPTIONS /user/comment 响应时间为: 0.001s
[2018-03-28T19:52:12.268] [INFO] normal - POST /user/comment 响应时间为: 0.006s
[2018-03-28T19:52:21.458] [INFO] normal - GET /user/article/5ab74f4189568c59dbb18eba 响应时间为: 0.011s
[2018-03-28T19:52:32.183] [INFO] normal - OPTIONS /user/comment 响应时间为: 0.001s
[2018-03-28T19:52:32.192] [INFO] normal - POST /user/comment 响应时间为: 0.005s
[2018-03-28T19:52:37.958] [INFO] normal - OPTIONS /user/comment 响应时间为: 0.001s
[2018-03-28T19:52:38.001] [INFO] normal - POST /user/comment 响应时间为: 0.038s
[2018-03-28T19:53:15.297] [INFO] normal - GET /user/article/5ab74f4189568c59dbb18eba 响应时间为: 0.009s
[2018-03-28T19:53:20.864] [INFO] normal - GET /user/article/5ab74f4189568c59dbb18eba 响应时间为: 0.008s
[2018-03-28T19:53:27.811] [INFO] normal - OPTIONS /user/comment 响应时间为: 0.002s
[2018-03-28T19:53:27.823] [INFO] normal - POST /user/comment 响应时间为: 0.005s
[2018-03-28T19:54:27.774] [INFO] normal - GET /user/article/5ab74f4189568c59dbb18eba 响应时间为: 0.01s
[2018-03-28T19:54:33.513] [INFO] normal - OPTIONS /user/comment 响应时间为: 0.001s
[2018-03-28T19:54:33.528] [INFO] normal - POST /user/comment 响应时间为: 0.004s
[2018-03-28T19:54:39.174] [INFO] normal - OPTIONS /user/comment 响应时间为: 0.001s
[2018-03-28T19:54:39.186] [INFO] normal - POST /user/comment 响应时间为: 0.006s
[2018-03-28T19:58:16.687] [INFO] normal - GET /user/article/5ab74f4189568c59dbb18eba 响应时间为: 0.01s
[2018-03-28T19:58:56.136] [INFO] normal - GET /user/article/5ab74f4189568c59dbb18eba 响应时间为: 0.015s
[2018-03-28T19:58:59.463] [INFO] normal - GET /user/article/5ab74f4189568c59dbb18eba 响应时间为: 0.007s
[2018-03-28T19:59:01.909] [INFO] normal - GET /user/article/5ab74f4189568c59dbb18eba 响应时间为: 0.009s
[2018-03-28T19:59:10.480] [INFO] normal - OPTIONS /user/comment 响应时间为: 0.001s
[2018-03-28T19:59:10.492] [INFO] normal - POST /user/comment 响应时间为: 0.007s
[2018-03-28T19:59:18.029] [INFO] normal - OPTIONS /user/comment 响应时间为: 0.001s
[2018-03-28T19:59:18.043] [INFO] normal - POST /user/comment 响应时间为: 0.006s
[2018-03-28T19:59:28.211] [INFO] normal - OPTIONS /user/comment 响应时间为: 0.001s
[2018-03-28T19:59:28.223] [INFO] normal - POST /user/comment 响应时间为: 0.006s
[2018-03-28T20:03:46.596] [INFO] normal - GET /user/article/5ab74f4189568c59dbb18eba 响应时间为: 0.014s
[2018-03-28T20:03:54.141] [INFO] normal - OPTIONS /user/comment 响应时间为: 0.001s
[2018-03-28T20:03:54.155] [INFO] normal - POST /user/comment 响应时间为: 0.006s
[2018-03-28T20:04:09.813] [INFO] normal - GET /user/article/all/?page=1&pageSize=100 响应时间为: 0.039s
[2018-03-28T20:04:11.809] [INFO] normal - GET /user/article/5ab74ed389568c59dbb18eb2 响应时间为: 0.003s
[2018-03-28T20:04:23.251] [INFO] normal - OPTIONS /user/comment 响应时间为: 0.001s
[2018-03-28T20:04:23.262] [INFO] normal - POST /user/comment 响应时间为: 0.006s
[2018-03-28T20:06:00.284] [INFO] normal - GET /user/article/5ab74ed389568c59dbb18eb2 响应时间为: 0.005s
[2018-03-28T20:06:06.474] [INFO] normal - OPTIONS /user/comment 响应时间为: 0s
[2018-03-28T20:06:06.496] [INFO] normal - POST /user/comment 响应时间为: 0.01s
[2018-03-28T20:06:54.980] [INFO] normal - OPTIONS /user/comment 响应时间为: 0.001s
[2018-03-28T20:06:54.990] [INFO] normal - POST /user/comment 响应时间为: 0.004s
[2018-03-28T20:07:06.107] [INFO] normal - GET /user/article/5ab74ed389568c59dbb18eb2 响应时间为: 0.005s
[2018-03-28T20:07:14.313] [INFO] normal - OPTIONS /user/comment 响应时间为: 0.001s
[2018-03-28T20:07:14.321] [INFO] normal - POST /user/comment 响应时间为: 0.004s
[2018-03-28T20:07:48.177] [INFO] normal - OPTIONS /user/comment 响应时间为: 0.001s
[2018-03-28T20:07:48.187] [INFO] normal - POST /user/comment 响应时间为: 0.004s
[2018-03-28T20:08:03.085] [INFO] normal - GET /user/article/5ab74ed389568c59dbb18eb2 响应时间为: 0.006s
[2018-03-28T20:08:09.199] [INFO] normal - OPTIONS /user/comment 响应时间为: 0s
[2018-03-28T20:08:09.212] [INFO] normal - POST /user/comment 响应时间为: 0.006s
[2018-03-28T20:08:28.855] [INFO] normal - GET /user/article/5ab74ed389568c59dbb18eb2 响应时间为: 0.004s
[2018-03-28T20:08:39.495] [INFO] normal - OPTIONS /user/comment 响应时间为: 0.001s
[2018-03-28T20:08:39.504] [INFO] normal - POST /user/comment 响应时间为: 0.004s
[2018-03-28T20:09:28.530] [INFO] normal - GET /user/article/5ab74ed389568c59dbb18eb2 响应时间为: 0.005s
[2018-03-28T20:09:34.736] [INFO] normal - OPTIONS /user/comment 响应时间为: 0.001s
[2018-03-28T20:09:34.756] [INFO] normal - POST /user/comment 响应时间为: 0.01s
[2018-03-28T20:09:47.499] [INFO] normal - GET /user/article/5ab74ed389568c59dbb18eb2 响应时间为: 0.005s
[2018-03-28T20:09:54.109] [INFO] normal - OPTIONS /user/comment 响应时间为: 0.001s
[2018-03-28T20:09:54.118] [INFO] normal - POST /user/comment 响应时间为: 0.005s
[2018-03-28T20:10:55.850] [INFO] normal - GET /user/article/5ab74ed389568c59dbb18eb2 响应时间为: 0.293s
[2018-03-28T20:11:04.199] [INFO] normal - OPTIONS /user/comment 响应时间为: 0.002s
[2018-03-28T20:11:04.261] [INFO] normal - POST /user/comment 响应时间为: 0.055s
[2018-03-28T20:11:08.084] [INFO] normal - GET /user/article/5ab74ed389568c59dbb18eb2 响应时间为: 0.008s
[2018-03-28T20:11:12.618] [INFO] normal - GET /user/article/all/?page=1&pageSize=100 响应时间为: 0.017s
[2018-03-28T20:11:14.122] [INFO] normal - GET /user/article/5ab74ed489568c59dbb18eb3 响应时间为: 0.007s
[2018-03-28T20:11:26.062] [INFO] normal - OPTIONS /user/comment 响应时间为: 0.001s
[2018-03-28T20:11:26.077] [INFO] normal - POST /user/comment 响应时间为: 0.008s
[2018-03-28T20:12:03.511] [INFO] normal - GET /user/article/5ab74ed489568c59dbb18eb3 响应时间为: 0.004s
[2018-03-28T20:12:18.457] [INFO] normal - GET /user/article/5ab74ed489568c59dbb18eb3 响应时间为: 0.004s
[2018-03-28T20:13:14.518] [INFO] normal - GET /user/article/5ab74ed489568c59dbb18eb3 响应时间为: 0.006s
[2018-03-28T20:13:16.845] [INFO] normal - GET /user/article/all/?page=1&pageSize=100 响应时间为: 0.012s
[2018-03-28T20:13:18.272] [INFO] normal - GET /user/article/5ab74ed489568c59dbb18eb3 响应时间为: 0.005s
[2018-03-28T20:13:22.466] [INFO] normal - GET /user/article/5ab74f1089568c59dbb18eb5 响应时间为: 0.007s
[2018-03-28T20:13:31.046] [INFO] normal - GET /user/article/5ab74f4189568c59dbb18eb9 响应时间为: 0.003s
[2018-03-28T20:16:28.838] [INFO] normal - GET /user/article/all/?page=1&pageSize=100 响应时间为: 0.01s
[2018-03-28T20:27:27.700] [INFO] normal - GET /user/article/all/?page=1&pageSize=100 响应时间为: 0.028s
[2018-03-28T20:32:51.730] [INFO] normal - GET /user/article/all/?page=1&pageSize=100 响应时间为: 0.023s
[2018-03-28T20:33:36.689] [INFO] normal - GET /user/article/all/?page=1&pageSize=100 响应时间为: 0.009s
[2018-03-28T20:33:45.889] [INFO] normal - GET /user/article/all/?page=1&pageSize=100 响应时间为: 0.009s
[2018-03-28T20:33:56.460] [INFO] normal - GET /user/article/all/?page=1&pageSize=100 响应时间为: 0.008s
[2018-03-28T20:34:05.934] [INFO] normal - GET /user/project/ 响应时间为: 0.012s
[2018-03-28T20:34:08.792] [INFO] normal - GET /user/article/5ab74f4189568c59dbb18eba 响应时间为: 0.013s
[2018-03-28T20:34:41.511] [INFO] normal - GET /user/article/5ab74f4189568c59dbb18eba 响应时间为: 0.033s
[2018-03-28T20:36:09.021] [INFO] normal - GET /user/article/5ab74f4189568c59dbb18eba 响应时间为: 0.012s
[2018-03-28T20:36:12.241] [INFO] normal - GET /user/article/5ab74f4189568c59dbb18eba 响应时间为: 0.009s
[2018-03-28T20:36:14.238] [INFO] normal - GET /user/article/all/?page=1&pageSize=100 响应时间为: 0.022s
[2018-03-28T20:36:15.142] [INFO] normal - GET /user/article/5ab74eb689568c59dbb18eaf 响应时间为: 0.004s
[2018-03-28T20:36:44.925] [INFO] normal - GET /user/article/5ab74eb689568c59dbb18eaf 响应时间为: 0.004s
[2018-03-28T20:36:47.024] [INFO] normal - GET /user/article/all/?page=1&pageSize=100 响应时间为: 0.014s
[2018-03-28T20:36:47.951] [INFO] normal - GET /user/article/5ab74ea089568c59dbb18eae 响应时间为: 0.011s
[2018-03-28T20:36:50.515] [INFO] normal - GET /user/article/5ab74eb689568c59dbb18eaf 响应时间为: 0.006s
[2018-03-28T20:36:52.616] [INFO] normal - GET /user/article/5ab74ea089568c59dbb18eae 响应时间为: 0.01s
[2018-03-28T20:37:23.050] [INFO] normal - GET /user/article/5ab74ea089568c59dbb18eae 响应时间为: 0.007s
[2018-03-28T20:38:02.215] [INFO] normal - GET /user/article/5ab74ea089568c59dbb18eae 响应时间为: 0.005s
[2018-03-28T20:38:14.938] [INFO] normal - GET /user/article/5ab74ea089568c59dbb18eae 响应时间为: 0.005s
[2018-03-28T20:38:29.585] [INFO] normal - GET /user/article/5ab74ea089568c59dbb18eae 响应时间为: 0.004s
[2018-03-28T20:38:32.400] [INFO] normal - GET /user/article/5ab74eb689568c59dbb18eaf 响应时间为: 0.004s
[2018-03-28T20:38:34.596] [INFO] normal - GET /user/article/5ab74ecc89568c59dbb18eb1 响应时间为: 0.007s
[2018-03-28T20:38:36.647] [INFO] normal - GET /user/article/5ab74ea089568c59dbb18eae 响应时间为: 0.005s
[2018-03-28T20:38:39.196] [INFO] normal - GET /user/article/5ab74ed589568c59dbb18eb4 响应时间为: 0.004s
[2018-03-28T20:41:07.839] [INFO] normal - GET /user/article/5ab74ecc89568c59dbb18eb1 响应时间为: 0.005s
[2018-03-28T20:43:16.849] [INFO] normal - GET /user/article/all/?page=1&pageSize=100 响应时间为: 0.009s
[2018-03-28T20:43:30.985] [INFO] normal - GET /user/project/ 响应时间为: 0.007s
[2018-03-28T20:43:34.141] [INFO] normal - GET /user/project/ 响应时间为: 0.003s
[2018-03-28T21:36:32.960] [INFO] normal - GET /user/article/all/?page=1&pageSize=100 响应时间为: 0.054s
[2018-03-28T21:37:19.057] [INFO] normal - GET /user/article/all/?page=1&pageSize=100 响应时间为: 0.014s
[2018-03-28T21:37:41.950] [INFO] normal - GET /user/article/5ab74ea089568c59dbb18eae 响应时间为: 0.03s
[2018-03-28T21:38:00.077] [INFO] normal - GET /user/article/5ab74ea089568c59dbb18eae 响应时间为: 0.006s
[2018-03-28T21:38:01.937] [INFO] normal - GET /user/article/5ab74ea089568c59dbb18eae 响应时间为: 0.004s
[2018-03-28T21:38:04.066] [INFO] normal - GET /user/article/all/?page=1&pageSize=100 响应时间为: 0.054s
[2018-03-28T21:38:06.811] [INFO] normal - GET /user/article/all/?page=1&pageSize=100 响应时间为: 0.011s
[2018-03-28T21:38:45.012] [INFO] normal - GET /user/article/all/?page=1&pageSize=100 响应时间为: 0.014s
[2018-03-28T21:39:06.917] [INFO] normal - GET /user/article/all/?page=1&pageSize=100 响应时间为: 0.013s
[2018-03-28T21:39:10.241] [INFO] normal - GET /user/article/all/?page=1&pageSize=100 响应时间为: 0.01s
[2018-03-28T21:39:23.084] [INFO] normal - GET /user/article/all/?page=1&pageSize=100 响应时间为: 0.01s
[2018-03-28T21:40:30.307] [INFO] normal - GET /user/article/all/?page=1&pageSize=100 响应时间为: 0.012s
[2018-03-28T21:41:31.735] [INFO] normal - GET /user/article/all/?page=1&pageSize=100 响应时间为: 0.009s
[2018-03-28T21:41:44.447] [INFO] normal - GET /user/article/all/?page=1&pageSize=100 响应时间为: 0.01s
[2018-03-28T21:42:15.060] [INFO] normal - GET /user/article/all/?page=1&pageSize=100 响应时间为: 0.01s
[2018-03-28T21:42:41.268] [INFO] normal - GET /user/article/all/?page=1&pageSize=100 响应时间为: 0.007s
[2018-03-28T21:42:59.004] [INFO] normal - GET /user/article/all/?page=1&pageSize=100 响应时间为: 0.008s
[2018-03-28T21:43:09.564] [INFO] normal - GET /user/article/all/?page=1&pageSize=100 响应时间为: 0.008s
[2018-03-28T21:43:42.421] [INFO] normal - GET /user/article/all/?page=1&pageSize=100 响应时间为: 0.022s
[2018-03-28T21:43:55.620] [INFO] normal - GET /user/article/all/?page=1&pageSize=100 响应时间为: 0.008s
[2018-03-28T21:44:47.780] [INFO] normal - GET /user/article/all/?page=1&pageSize=100 响应时间为: 0.008s
[2018-03-28T21:45:01.481] [INFO] normal - GET /user/article/all/?page=1&pageSize=100 响应时间为: 0.012s
[2018-03-28T21:45:43.021] [INFO] normal - GET /user/article/all/?page=1&pageSize=100 响应时间为: 0.008s
[2018-03-28T21:46:21.408] [INFO] normal - GET /user/article/all/?page=1&pageSize=100 响应时间为: 0.009s
[2018-03-28T21:48:27.065] [INFO] normal - GET /user/article/all/?page=1&pageSize=100 响应时间为: 0.036s
[2018-03-28T21:49:22.899] [INFO] normal - GET /user/article/all/?page=1&pageSize=100 响应时间为: 0.008s
[2018-03-28T21:50:05.248] [INFO] normal - GET /user/article/all/?page=1&pageSize=100 响应时间为: 0.008s
[2018-03-28T22:07:21.900] [INFO] normal - GET /user/article/all/?page=1&pageSize=100 响应时间为: 0.047s
[2018-03-28T22:07:58.555] [INFO] normal - GET /user/article/all/?page=1&pageSize=100 响应时间为: 0.009s
[2018-03-28T23:13:36.953] [INFO] normal - GET /user/article/all/?page=1&pageSize=100 响应时间为: 0.054s
[2018-03-28T23:14:00.201] [INFO] normal - GET /user/article/all/?page=1&pageSize=100 响应时间为: 0.017s
[2018-03-28T23:14:49.802] [INFO] normal - GET /user/article/all/?page=1&pageSize=100 响应时间为: 0.018s
[2018-03-28T23:16:40.473] [INFO] normal - GET /user/article/all/?page=1&pageSize=100 响应时间为: 0.013s
[2018-03-28T23:16:51.710] [INFO] normal - GET /user/article/all/?page=1&pageSize=100 响应时间为: 0.01s
[2018-03-28T23:17:49.731] [INFO] normal - GET /user/article/all/?page=1&pageSize=100 响应时间为: 0.008s
[2018-03-28T23:19:44.026] [INFO] normal - GET /user/article/all/?page=1&pageSize=100 响应时间为: 0.008s
[2018-03-28T23:31:33.157] [INFO] normal - GET /user/article/all/?page=1&pageSize=100 响应时间为: 0.031s
[2018-03-28T23:32:23.172] [INFO] normal - GET /user/article/all/?page=1&pageSize=100 响应时间为: 0.009s
[2018-03-28T23:50:43.659] [INFO] normal - GET /user/article/all/?page=1&pageSize=100 响应时间为: 0.027s
[2018-03-28T23:50:46.754] [INFO] normal - GET /user/article/all/?page=1&pageSize=100 响应时间为: 0.012s
[2018-03-28T23:51:06.832] [INFO] normal - GET /user/article/5ab74eb689568c59dbb18eaf 响应时间为: 0.03s
[2018-03-28T23:52:18.368] [INFO] normal - GET /user/article/5ab74eb689568c59dbb18eaf 响应时间为: 0.004s
[2018-03-28T23:53:34.503] [INFO] normal - GET /user/article/all/?page=1&pageSize=100 响应时间为: 0.019s
[2018-03-28T23:55:08.442] [INFO] normal - GET /user/article/all/?page=1&pageSize=100 响应时间为: 0.007s
[2018-03-28T23:56:03.038] [INFO] normal - GET /user/article/all/?page=1&pageSize=100 响应时间为: 0.008s
[2018-03-28T23:56:32.399] [INFO] normal - GET /user/article/all/?page=1&pageSize=100 响应时间为: 0.011s
